PRT1
292
752
4 0 29 (-664 1984 448 ) (-664 1984 640 ) (-664 2512 640 ) (-664 2512 448 ) 
4 0 28 (-664 1984 640 ) (-664 1984 816 ) (-664 2512 816 ) (-664 2512 640 ) 
4 0 12 (-664 1984 640 ) (-664 1984 448 ) (112 1984 448 ) (112 1984 640 ) 
4 0 11 (-664 1984 816 ) (-664 1984 640 ) (112 1984 640 ) (112 1984 816 ) 
4 0 1 (112 2512 448 ) (112 1984 448 ) (-40 1984 448 ) (-40 2512 448 ) 
4 1 16 (-40 1984 416 ) (112 1984 416 ) (112 1984 448 ) (-40 1984 448 ) 
4 1 3 (112 2432 416 ) (112 1984 416 ) (-40 1984 416 ) (-40 2432 416 ) 
4 1 2 (-40 2512 416 ) (112 2512 416 ) (112 2432 416 ) (-40 2432 416 ) 
4 2 4 (-40 2512 416 ) (-40 2512 16 ) (-40 2432 16 ) (-40 2432 416 ) 
4 2 3 (112 2432 24 ) (112 2432 416 ) (-40 2432 416 ) (-40 2432 24 ) 
4 3 16 (112 1984 282.086957 ) (112 1984 416 ) (-40 1984 416 ) (-40 1984 282.086957 ) 
4 3 4 (-40 1984 282.086957 ) (-40 1984 416 ) (-40 2432 416 ) (-40 2432 24 ) 
4 4 22 (-480 1984 336 ) (-480 1984 16 ) (-214.862915 1984 16 ) (-214.862915 1984 336 ) 
4 4 19 (-214.862915 1984 416 ) (-480 1984 416 ) (-480 1984 336 ) (-214.862915 1984 336 ) 
4 4 18 (-40 1984 16 ) (-40 1984 416 ) (-214.862915 1984 416 ) (-214.862915 1984 16 ) 
4 4 7 (-480 1984 64 ) (-480 1984 104 ) (-480 2288 104 ) (-480 2288 64 ) 
4 4 6 (-480 1984 104 ) (-480 1984 416 ) (-480 2288 416 ) (-480 2288 104 ) 
4 4 5 (-480 2288 416 ) (-480 2512 416 ) (-480 2512 16 ) (-480 2288 16 ) 
4 5 35 (-664 2288 16 ) (-664 2288 416 ) (-664 2512 416 ) (-664 2512 16 ) 
4 5 8 (-664 2288 64 ) (-480 2288 64 ) (-496 2288 104 ) (-632 2288 104 ) 
3 5 10 (-664 2288 104 ) (-664 2288 64 ) (-632 2288 104 ) 
3 5 7 (-480 2288 64 ) (-480 2288 104 ) (-496 2288 104 ) 
4 5 6 (-664 2288 416 ) (-664 2288 104 ) (-480 2288 104 ) (-480 2288 416 ) 
4 6 35 (-664 1984 104 ) (-664 1984 416 ) (-664 2288 416 ) (-664 2288 104 ) 
4 6 22 (-480 1984 104 ) (-480 1984 336 ) (-664 1984 336 ) (-664 1984 104 ) 
4 6 19 (-480 1984 336 ) (-480 1984 416 ) (-664 1984 416 ) (-664 1984 336 ) 
4 6 9 (-496 1984 104 ) (-632 1984 104 ) (-632 2000 104 ) (-496 2000 104 ) 
4 6 8 (-632 2264 104 ) (-632 2288 104 ) (-496 2288 104 ) (-496 2264 104 ) 
4 6 10 (-632 1984 104 ) (-664 1984 104 ) (-664 2288 104 ) (-632 2288 104 ) 
4 6 7 (-480 1984 104 ) (-496 1984 104 ) (-496 2288 104 ) (-480 2288 104 ) 
3 7 22 (-480 1984 64 ) (-480 1984 104 ) (-496 1984 104 ) 
3 7 9 (-480 1984 64 ) (-496 1984 104 ) (-496 2000 104 ) 
3 7 8 (-480 2288 64 ) (-496 2264 104 ) (-496 2288 104 ) 
3 8 10 (-632 2264 104 ) (-632 2288 104 ) (-664 2288 64 ) 
4 9 22 (-480 1984 64 ) (-496 1984 104 ) (-632 1984 104 ) (-664 1984 64 ) 
3 9 10 (-664 1984 64 ) (-632 1984 104 ) (-632 2000 104 ) 
4 10 35 (-664 1984 64 ) (-664 1984 104 ) (-664 2288 104 ) (-664 2288 64 ) 
3 10 22 (-632 1984 104 ) (-664 1984 104 ) (-664 1984 64 ) 
4 11 59 (-664 1184 816 ) (-664 1184 640 ) (112 1184 640 ) (112 1184 816 ) 
4 11 43 (-664 1184 640 ) (-664 1184 816 ) (-664 1320 816 ) (-664 1320 640 ) 
4 11 42 (-664 1320 816 ) (-664 1856 816 ) (-664 1856 640 ) (-664 1320 640 ) 
4 11 28 (-664 1856 816 ) (-664 1984 816 ) (-664 1984 640 ) (-664 1856 640 ) 
4 11 14 (-664 1296 640 ) (-664 1648 640 ) (-528 1648 640 ) (-528 1296 640 ) 
4 11 15 (-464 1184 640 ) (-664 1184 640 ) (-664 1296 640 ) (-464 1296 640 ) 
4 11 13 (112 1184 640 ) (-464 1184 640 ) (-464 1648 640 ) (112 1648 640 ) 
4 11 12 (-664 1648 640 ) (-664 1984 640 ) (112 1984 640 ) (112 1648 640 ) 
4 12 42 (-664 1648 640 ) (-664 1856 640 ) (-664 1856 448 ) (-664 1648 448 ) 
4 12 29 (-664 1856 640 ) (-664 1984 640 ) (-664 1984 448 ) (-664 1856 448 ) 
4 12 16 (-40 1984 448 ) (112 1984 448 ) (112 1696 448 ) (-40 1696 448 ) 
4 12 14 (-528 1648 640 ) (-664 1648 640 ) (-664 1648 448 ) (-528 1648 448 ) 
4 12 13 (112 1648 448 ) (112 1648 640 ) (-464 1648 640 ) (-464 1648 448 ) 
4 13 59 (-464 1184 448 ) (112 1184 448 ) (112 1184 640 ) (-464 1184 640 ) 
4 13 15 (-464 1296 448 ) (-464 1184 448 ) (-464 1184 640 ) (-464 1296 640 ) 
4 14 43 (-664 1296 640 ) (-664 1320 640 ) (-664 1320 448 ) (-664 1296 448 ) 
4 14 42 (-664 1320 640 ) (-664 1648 640 ) (-664 1648 448 ) (-664 1320 448 ) 
4 14 15 (-528 1296 640 ) (-664 1296 640 ) (-664 1296 448 ) (-528 1296 448 ) 
4 15 59 (-664 1184 640 ) (-664 1184 448 ) (-464 1184 448 ) (-464 1184 640 ) 
4 15 43 (-664 1184 448 ) (-664 1184 640 ) (-664 1296 640 ) (-664 1296 448 ) 
4 16 19 (-40 1809.137085 382.823201 ) (-40 1806.058875 384.596518 ) (-40 1806.058875 416 ) (-40 1809.137085 416 ) 
4 16 18 (-40 1984 416 ) (-40 1984 282.086957 ) (-40 1809.137085 382.823201 ) (-40 1809.137085 416 ) 
3 16 17 (-40 1806.058875 384.596518 ) (-40 1751.547170 416 ) (-40 1806.058875 416 ) 
4 17 20 (-61.088312 1784.970563 40 ) (-134.627417 1711.431458 40 ) (-134.627417 1711.431458 312 ) (-61.088312 1784.970563 312 ) 
4 17 19 (-40 1806.058875 416 ) (-40 1806.058875 336 ) (-150.058875 1696 336 ) (-150.058875 1696 416 ) 
4 18 22 (-214.862915 1984 336 ) (-214.862915 1984 16 ) (-78.058875 1847.195959 16 ) (-78.058875 1847.195959 336 ) 
4 18 19 (-214.862915 1984 416 ) (-214.862915 1984 336 ) (-40 1809.137085 336 ) (-40 1809.137085 416 ) 
4 19 45 (-664 1696 416 ) (-664 1856 416 ) (-664 1856 336 ) (-664 1696 336 ) 
4 19 35 (-664 1856 416 ) (-664 1984 416 ) (-664 1984 336 ) (-664 1856 336 ) 
3 19 21 (-153.137085 1696 336 ) (-229.254834 1696 336 ) (-191.195959 1734.058875 336 ) 
5 19 22 (-664 1696 336 ) (-664 1984 336 ) (-214.862915 1984 336 ) (-78.058875 1847.195959 336 ) (-229.254834 1696 336 ) 
4 20 22 (-100.686292 1824.568542 40 ) (-174.225397 1751.029437 40 ) (-174.225397 1751.029437 312 ) (-100.686292 1824.568542 312 ) 
4 21 22 (-191.195959 1734.058875 16 ) (-229.254834 1696 16 ) (-229.254834 1696 336 ) (-191.195959 1734.058875 336 ) 
4 22 45 (-664 1856 16 ) (-664 1696 16 ) (-664 1696 336 ) (-664 1856 336 ) 
4 22 35 (-664 1984 336 ) (-664 1984 16 ) (-664 1856 16 ) (-664 1856 336 ) 
4 23 26 (-288 1647.600000 320 ) (-398.618182 1580 320 ) (-398.618182 1580 96 ) (-288 1647.600000 96 ) 
4 24 26 (-436.704000 1556.725333 96 ) (-436.704000 1556.725333 320 ) (-529.527273 1500 320 ) (-529.527273 1500 96 ) 
4 25 50 (-664 1417.822222 96 ) (-664 1417.822222 320 ) (-664 1457.822222 320 ) (-664 1457.822222 96 ) 
4 25 26 (-664 1417.822222 320 ) (-664 1417.822222 96 ) (-555.709091 1484 96 ) (-555.709091 1484 320 ) 
4 26 63 (-368 1184 416 ) (-664 1184 416 ) (-664 1184 16 ) (-368 1184 16 ) 
4 26 51 (-664 1184 16 ) (-664 1184 96 ) (-664 1417.822222 96 ) (-664 1417.822222 16 ) 
4 26 50 (-664 1184 96 ) (-664 1184 320 ) (-664 1417.822222 320 ) (-664 1417.822222 96 ) 
4 26 49 (-664 1184 320 ) (-664 1184 416 ) (-664 1417.822222 416 ) (-664 1417.822222 320 ) 
4 26 27 (112 1328 16 ) (112 1328 416 ) (-128 1256 416 ) (-128 1256 16 ) 
4 28 206 (-1372 1856 640 ) (-1372 1856 816 ) (-1372 2512 816 ) (-1372 2512 640 ) 
4 28 42 (-664 1856 640 ) (-664 1856 816 ) (-1372 1856 816 ) (-1372 1856 640 ) 
4 28 32 (-1372 1856 640 ) (-1372 2512 640 ) (-1324 2512 640 ) (-1324 1856 640 ) 
4 28 31 (-848 1856 640 ) (-1324 1856 640 ) (-1324 2208 640 ) (-848 2208 640 ) 
4 28 30 (-1324 2512 640 ) (-784 2512 640 ) (-784 2208 640 ) (-1324 2208 640 ) 
4 28 29 (-784 2512 640 ) (-664 2512 640 ) (-664 1856 640 ) (-784 1856 640 ) 
4 29 42 (-664 1856 448 ) (-664 1856 640 ) (-784 1856 640 ) (-784 1856 448 ) 
4 29 30 (-784 2208 640 ) (-784 2512 640 ) (-784 2512 448 ) (-784 2208 448 ) 
4 30 33 (-1324 2512 632 ) (-1324 2512 448 ) (-1324 2408 448 ) (-1324 2360 632 ) 
4 30 32 (-1324 2512 640 ) (-1324 2512 632 ) (-1324 2208 632 ) (-1324 2208 640 ) 
4 30 31 (-848 2208 640 ) (-1324 2208 640 ) (-1324 2208 448 ) (-848 2208 448 ) 
4 31 42 (-848 1856 640 ) (-1324 1856 640 ) (-1324 1856 448 ) (-848 1856 448 ) 
4 31 34 (-1324 1856 448 ) (-1324 1856 632 ) (-1324 1944 632 ) (-1324 1896 448 ) 
4 31 32 (-1324 1856 632 ) (-1324 1856 640 ) (-1324 2208 640 ) (-1324 2208 632 ) 
4 32 207 (-1372 1856 632 ) (-1372 1856 640 ) (-1372 2512 640 ) (-1372 2512 632 ) 
4 32 42 (-1324 1856 640 ) (-1372 1856 640 ) (-1372 1856 632 ) (-1324 1856 632 ) 
4 32 33 (-1372 2512 632 ) (-1324 2512 632 ) (-1324 2360 632 ) (-1372 2360 632 ) 
4 32 34 (-1324 1944 632 ) (-1324 1856 632 ) (-1372 1856 632 ) (-1372 1944 632 ) 
4 33 207 (-1372 2360 632 ) (-1372 2512 632 ) (-1372 2512 448 ) (-1372 2408 448 ) 
4 34 207 (-1372 1856 448 ) (-1372 1856 632 ) (-1372 1944 632 ) (-1372 1896 448 ) 
4 34 42 (-1372 1856 632 ) (-1372 1856 448 ) (-1324 1856 448 ) (-1324 1856 632 ) 
4 35 45 (-664 1856 16 ) (-664 1856 416 ) (-1016 1856 416 ) (-1016 1856 16 ) 
5 35 40 (-1016 1856 120 ) (-1016 1856 416 ) (-1016 1964.235294 416 ) (-1016 2100.210526 159.157895 ) (-1016 2096 152 ) 
3 35 39 (-1016 2100.210526 159.157895 ) (-1016 2176 16 ) (-1016 2016 16 ) 
3 35 38 (-1016 2402.037736 115.874214 ) (-1016 2408 96 ) (-1016 2368 120 ) 
4 35 37 (-1016 1964.235294 416 ) (-1016 2312 416 ) (-1016 2402.037736 115.874214 ) (-1016 2104 152 ) 
4 35 36 (-1016 2312 416 ) (-1016 2512 416 ) (-1016 2512 16 ) (-1016 2432 16 ) 
4 36 38 (-1040 2402.037736 115.874214 ) (-1040 2408 96 ) (-1016 2408 96 ) (-1016 2402.037736 115.874214 ) 
4 36 37 (-1040 2312 416 ) (-1040 2402.037736 115.874214 ) (-1016 2402.037736 115.874214 ) (-1016 2312 416 ) 
4 36 41 (-1040 2312 416 ) (-1040 2512 416 ) (-1040 2512 16 ) (-1040 2432 16 ) 
4 37 40 (-1016 2100.210526 159.157895 ) (-1016 1964.235294 416 ) (-1040 1964.235294 416 ) (-1040 2100.210526 159.157895 ) 
4 37 39 (-1016 2104 152 ) (-1016 2100.210526 159.157895 ) (-1040 2100.210526 159.157895 ) (-1040 2104 152 ) 
4 37 38 (-1040 2368 120 ) (-1040 2402.037736 115.874214 ) (-1016 2402.037736 115.874214 ) (-1016 2368 120 ) 
4 37 41 (-1040 1964.235294 416 ) (-1040 2312 416 ) (-1040 2402.037736 115.874214 ) (-1040 2104 152 ) 
3 38 41 (-1040 2402.037736 115.874214 ) (-1040 2408 96 ) (-1040 2368 120 ) 
4 39 40 (-1016 2100.210526 159.157895 ) (-1040 2100.210526 159.157895 ) (-1040 2096 152 ) (-1016 2096 152 ) 
3 39 41 (-1040 2100.210526 159.157895 ) (-1040 2176 16 ) (-1040 2016 16 ) 
4 40 46 (-1016 1856 120 ) (-1016 1856 192 ) (-1040 1856 192 ) (-1040 1856 120 ) 
4 40 47 (-1016 1856 192 ) (-1016 1856 416 ) (-1040 1856 416 ) (-1040 1856 192 ) 
5 40 41 (-1040 1856 120 ) (-1040 1856 416 ) (-1040 1964.235294 416 ) (-1040 2100.210526 159.157895 ) (-1040 2096 152 ) 
4 41 215 (-1372 2025.145592 96 ) (-1372 2376.007736 96 ) (-1372 2376.007736 16 ) (-1372 2025.145592 16 ) 
4 41 214 (-1372 2376.007736 96 ) (-1372 2512 96 ) (-1372 2512 16 ) (-1372 2376.007736 16 ) 
4 41 218 (-1372 1856 16 ) (-1372 1856 96 ) (-1372 2025.145592 96 ) (-1372 2025.145592 16 ) 
4 41 212 (-1372 1856 96 ) (-1372 1856 416 ) (-1372 2512 416 ) (-1372 2512 96 ) 
4 41 48 (-1040 1856 416 ) (-1372 1856 416 ) (-1372 1856 16 ) (-1040 1856 16 ) 
4 42 219 (-1372 1837.875000 448 ) (-1372 1320 448 ) (-1372 1320 816 ) (-1372 1837.875000 816 ) 
4 42 207 (-1372 1856 640 ) (-1372 1856 448 ) (-1372 1837.875000 448 ) (-1372 1837.875000 640 ) 
4 42 206 (-1372 1856 816 ) (-1372 1856 640 ) (-1372 1837.875000 640 ) (-1372 1837.875000 816 ) 
4 42 43 (-1344 1320 448 ) (-664 1320 448 ) (-664 1320 816 ) (-1344 1320 816 ) 
4 43 133 (-668 1184 816 ) (-1072 1184 816 ) (-1072 1184 448 ) (-668 1184 448 ) 
4 43 59 (-664 1184 448 ) (-664 1184 816 ) (-668 1184 816 ) (-668 1184 448 ) 
4 44 220 (-1372 1184 448 ) (-1372 1184 816 ) (-1372 1272 816 ) (-1372 1272 448 ) 
4 44 134 (-1372 1184 816 ) (-1372 1184 448 ) (-1168 1184 448 ) (-1168 1184 816 ) 
3 45 46 (-1016 1856 192 ) (-1016 1856 120 ) (-1016 1824 104 ) 
5 45 47 (-1016 1856 416 ) (-1016 1856 192 ) (-1016 1792 16 ) (-1016 1696 16 ) (-1016 1696 416 ) 
4 46 47 (-1016 1824 104 ) (-1016 1856 192 ) (-1040 1856 192 ) (-1040 1824 104 ) 
3 46 48 (-1040 1856 192 ) (-1040 1856 120 ) (-1040 1824 104 ) 
5 47 48 (-1040 1856 416 ) (-1040 1856 192 ) (-1040 1792 16 ) (-1040 1696 16 ) (-1040 1696 416 ) 
4 48 227 (-1372 1696 16 ) (-1372 1696 416 ) (-1372 1837.875000 416 ) (-1372 1837.875000 16 ) 
4 48 218 (-1372 1856 96 ) (-1372 1856 16 ) (-1372 1837.875000 16 ) (-1372 1837.875000 96 ) 
4 48 212 (-1372 1837.875000 416 ) (-1372 1856 416 ) (-1372 1856 96 ) (-1372 1837.875000 96 ) 
4 48 56 (-1116 1696 416 ) (-1268 1696 416 ) (-1268 1696 16 ) (-1116 1696 16 ) 
4 49 135 (-668 1184 416 ) (-684 1184 416 ) (-684 1184 320 ) (-668 1184 320 ) 
4 49 63 (-664 1184 320 ) (-664 1184 416 ) (-668 1184 416 ) (-668 1184 320 ) 
4 49 54 (-684 1184 320 ) (-684 1184 416 ) (-684 1405.600000 416 ) (-684 1405.600000 320 ) 
4 49 50 (-664 1184 320 ) (-684 1184 320 ) (-684 1405.600000 320 ) (-664 1417.822222 320 ) 
4 50 135 (-668 1184 320 ) (-684 1184 320 ) (-684 1184 96 ) (-668 1184 96 ) 
4 50 63 (-664 1184 96 ) (-664 1184 320 ) (-668 1184 320 ) (-668 1184 96 ) 
4 50 54 (-684 1184 96 ) (-684 1184 320 ) (-684 1405.600000 320 ) (-684 1405.600000 96 ) 
4 50 51 (-684 1184 96 ) (-684 1405.600000 96 ) (-664 1417.822222 96 ) (-664 1184 96 ) 
4 51 135 (-668 1184 96 ) (-684 1184 96 ) (-684 1184 16 ) (-668 1184 16 ) 
4 51 63 (-664 1184 16 ) (-664 1184 96 ) (-668 1184 96 ) (-668 1184 16 ) 
4 51 54 (-684 1184 16 ) (-684 1184 96 ) (-684 1405.600000 96 ) (-684 1405.600000 16 ) 
4 52 54 (-712 1397.078261 320 ) (-846.971429 1356 320 ) (-846.971429 1356 96 ) (-712 1397.078261 96 ) 
4 53 54 (-880 1345.947826 320 ) (-1004.685714 1308 320 ) (-1004.685714 1308 96 ) (-880 1345.947826 96 ) 
4 54 135 (-684 1184 16 ) (-684 1184 416 ) (-1052 1184 416 ) (-1052 1184 16 ) 
4 54 55 (-1052 1293.500000 16 ) (-1052 1184 16 ) (-1052 1184 416 ) (-1052 1293.500000 416 ) 
4 55 135 (-1052 1184 416 ) (-1116 1184 416 ) (-1116 1184 16 ) (-1052 1184 16 ) 
4 55 56 (-1116 1184 16 ) (-1116 1184 416 ) (-1116 1293.500000 416 ) (-1116 1293.500000 16 ) 
4 56 135 (-1116 1184 16 ) (-1116 1184 416 ) (-1268 1184 416 ) (-1268 1184 16 ) 
4 56 57 (-1268 1289.750000 16 ) (-1268 1184 16 ) (-1268 1184 416 ) (-1268 1289.750000 416 ) 
4 57 135 (-1268 1184 416 ) (-1332 1184 416 ) (-1332 1184 16 ) (-1268 1184 16 ) 
4 57 58 (-1332 1289.600000 16 ) (-1332 1184 16 ) (-1332 1184 416 ) (-1332 1289.600000 416 ) 
4 58 230 (-1372 1184 16 ) (-1372 1184 416 ) (-1372 1301.773913 416 ) (-1372 1301.773913 16 ) 
4 58 135 (-1332 1184 416 ) (-1372 1184 416 ) (-1372 1184 16 ) (-1332 1184 16 ) 
4 59 133 (-668 1184 816 ) (-668 1184 448 ) (-668 982 448 ) (-668 982 816 ) 
4 60 134 (-668 934 448 ) (-668 824 448 ) (-668 824 816 ) (-668 934 816 ) 
4 60 95 (-668 824 472 ) (-668 824 448 ) (-536.568503 824 448 ) (-533.726163 824 472 ) 
4 60 94 (-536.568503 824 448 ) (-448 824 448 ) (-448 824 472 ) (-533.726163 824 472 ) 
4 60 87 (-668 824 744 ) (-668 824 472 ) (-448 824 472 ) (-448 824 744 ) 
4 60 79 (-668 824 768 ) (-668 824 744 ) (-448 824 744 ) (-448 824 768 ) 
4 60 73 (-668 824 816 ) (-668 824 768 ) (-498.670639 824 768 ) (-492.985960 824 816 ) 
4 60 72 (-498.670639 824 768 ) (-448 824 768 ) (-448 824 816 ) (-492.985960 824 816 ) 
4 61 64 (112 905.086750 16 ) (112 905.086750 416 ) (-445.494322 905.086750 416 ) (-445.494322 905.086750 16 ) 
4 61 62 (-331.885714 1184 416 ) (-331.885714 1184 16 ) (-445.494322 905.086750 16 ) (-445.494322 905.086750 416 ) 
3 62 67 (-475.869479 905.086750 16 ) (-445.494322 905.086750 16 ) (-445.494322 905.086750 40 ) 
4 62 66 (-475.963511 905.086750 416 ) (-475.963511 905.086750 25.950528 ) (-475.869479 905.086750 16 ) (-445.494322 905.086750 40 ) 
4 62 68 (-448 905.086750 416 ) (-475.963511 905.086750 416 ) (-445.494322 905.086750 40 ) (-445.494322 905.086750 241.175705 ) 
3 62 65 (-445.494322 905.086750 416 ) (-448 905.086750 416 ) (-445.494322 905.086750 241.175705 ) 
3 62 71 (-475.963511 905.086750 25.950528 ) (-475.963511 905.086750 16 ) (-475.869479 905.086750 16 ) 
4 62 63 (-475.963511 905.086750 16 ) (-475.963511 905.086750 416 ) (-367.904306 1184 416 ) (-367.904306 1184 16 ) 
4 63 135 (-668 1184 416 ) (-668 1184 16 ) (-668 905.086750 16 ) (-668 905.086750 416 ) 
3 63 66 (-475.963511 905.086750 416 ) (-476.096318 905.086750 40.004284 ) (-475.963511 905.086750 25.950528 ) 
3 63 70 (-475.963511 905.086750 416 ) (-479.649444 905.086750 416 ) (-476.096318 905.086750 40.004284 ) 
5 63 71 (-479.649444 905.086750 416 ) (-668 905.086750 416 ) (-668 905.086750 16 ) (-475.963511 905.086750 16 ) (-475.963511 905.086750 25.950528 ) 
4 64 120 (-382.618182 824 416 ) (-422.150276 824 416 ) (-422.150276 824 16 ) (-382.618182 824 16 ) 
4 64 114 (-295.394448 824 112 ) (-382.618182 824 112 ) (-382.618182 824 16 ) (-295.394449 824 16 ) 
4 64 113 (112 824 16 ) (112 824 112 ) (-295.394448 824 112 ) (-295.394449 824 16 ) 
4 64 107 (-295.394447 824 336 ) (-382.618182 824 336 ) (-382.618182 824 112 ) (-295.394448 824 112 ) 
4 64 106 (112 824 112 ) (112 824 336 ) (-295.394447 824 336 ) (-295.394448 824 112 ) 
4 64 99 (-295.394447 824 416 ) (-382.618182 824 416 ) (-382.618182 824 336 ) (-295.394447 824 336 ) 
4 64 98 (112 824 336 ) (112 824 416 ) (-295.394447 824 416 ) (-295.394447 824 336 ) 
3 64 67 (-445.494322 905.086750 40 ) (-445.494322 905.086750 16 ) (-445.489747 905.070860 16 ) 
5 64 68 (-445.494322 905.086750 241.175705 ) (-445.494322 905.086750 40 ) (-445.489747 905.070860 16 ) (-422.150276 824 16 ) (-422.150276 824 269.785822 ) 
4 64 65 (-445.494322 905.086750 416 ) (-445.494322 905.086750 241.175705 ) (-422.150276 824 269.785822 ) (-422.150276 824 416 ) 
3 65 121 (-422.150276 824 416 ) (-424.245898 824 416 ) (-422.150276 824 269.785822 ) 
4 65 68 (-445.494322 905.086750 241.175705 ) (-422.150276 824 269.785822 ) (-424.245898 824 416 ) (-448 905.086750 416 ) 
3 66 68 (-475.963511 905.086750 416 ) (-476.019479 904.836750 40 ) (-445.494322 905.086750 40 ) 
3 66 70 (-475.963511 905.086750 416 ) (-476.096318 905.086750 40.004284 ) (-476.019454 904.836865 40.171762 ) 
3 66 71 (-476.096318 905.086750 40.004284 ) (-475.869479 905.086750 16 ) (-476.019417 904.836747 39.993575 ) 
3 66 67 (-476.019479 904.836750 40 ) (-475.869479 905.086750 16 ) (-445.494322 905.086750 40 ) 
4 67 68 (-476.019479 904.836750 40 ) (-475.788370 904.822715 16 ) (-445.489747 905.070860 16 ) (-445.494322 905.086750 40 ) 
3 67 71 (-475.869479 905.086750 16 ) (-475.788370 904.822715 16 ) (-476.019417 904.836747 39.993575 ) 
4 68 71 (-475.788370 904.822715 16 ) (-450.960326 824 16 ) (-451.154341 824 36.530899 ) (-476.019417 904.836747 39.993575 ) 
4 68 70 (-451.154347 824 94.350181 ) (-451.040736 824 416 ) (-475.963511 905.086750 416 ) (-476.019454 904.836865 40.171762 ) 
3 68 69 (-451.154341 824 36.530899 ) (-451.154347 824 94.350181 ) (-476.019479 904.836750 40 ) 
3 69 122 (-451.154347 824 94.350181 ) (-451.174033 824 38.614716 ) (-451.154341 824 36.530899 ) 
3 69 71 (-476.096318 905.086750 40.004284 ) (-451.154341 824 36.530899 ) (-451.174033 824 38.614716 ) 
3 69 70 (-451.174033 824 38.614716 ) (-451.154347 824 94.350181 ) (-476.096318 905.086750 40.004284 ) 
3 70 123 (-451.040736 824 416 ) (-454.740290 824 416 ) (-451.174033 824 38.614716 ) 
4 70 71 (-479.649444 905.086750 416 ) (-476.096318 905.086750 40.004284 ) (-451.174033 824 38.614716 ) (-454.740290 824 416 ) 
4 71 135 (-668 905.086750 16 ) (-668 824 16 ) (-668 824 416 ) (-668 905.086750 416 ) 
4 71 125 (-668 824 336 ) (-668 824 16 ) (-450.960326 824 16 ) (-453.984297 824 336 ) 
4 71 124 (-454.740290 824 416 ) (-668 824 416 ) (-668 824 336 ) (-453.984297 824 336 ) 
4 72 80 (112 651.505649 768 ) (112 537.243589 768 ) (-221.833811 344.504549 768 ) (-271.310734 430.201093 768 ) 
4 72 79 (-498.670639 824 768 ) (112 824 768 ) (112 651.505649 768 ) (-271.310734 430.201093 768 ) 
4 72 73 (-498.670639 824 768 ) (-271.310734 430.201093 768 ) (-269.508763 436.926141 816 ) (-492.985960 824 816 ) 
4 72 74 (112 531.558910 816 ) (-215.108763 342.702577 816 ) (-221.833811 344.504549 768 ) (112 537.243589 768 ) 
4 73 182 (-668 362.333210 816 ) (-668 560 816 ) (-668 560 768 ) (-668 372.179364 768 ) 
4 73 134 (-668 560 816 ) (-668 824 816 ) (-668 824 768 ) (-668 560 768 ) 
5 73 79 (-668 824 768 ) (-498.670639 824 768 ) (-271.310734 430.201093 768 ) (-593.951829 243.924170 768 ) (-668 372.179364 768 ) 
4 73 75 (-668 372.179364 768 ) (-593.951829 243.924170 768 ) (-600.676878 245.726141 816 ) (-668 362.333210 816 ) 
4 74 128 (-307.860816 -251.600000 768 ) (112 -251.600000 768 ) (112 -251.600000 816 ) (-313.545496 -251.600000 816 ) 
5 74 81 (112 537.243589 768 ) (112 -90.745166 768 ) (-48.854834 -251.600000 768 ) (-307.860816 -251.600000 768 ) (-544.474906 158.227626 768 ) 
3 74 77 (112 -90.745166 768 ) (112 -150.862915 768 ) (81.941125 -120.804041 768 ) 
3 74 78 (-13.537085 -251.600000 768 ) (-48.854834 -251.600000 768 ) (-31.195959 -233.941125 768 ) 
3 74 76 (112 -169.941125 768 ) (112 -251.600000 768 ) (30.341125 -251.600000 768 ) 
4 74 75 (-544.474906 158.227626 768 ) (-307.860816 -251.600000 768 ) (-313.545496 -251.600000 816 ) (-546.276878 151.502577 816 ) 
4 75 182 (-668 -251.600000 768 ) (-668 -251.600000 816 ) (-668 362.333210 816 ) (-668 372.179364 768 ) 
4 75 128 (-668 -251.600000 816 ) (-668 -251.600000 768 ) (-307.860816 -251.600000 768 ) (-313.545496 -251.600000 816 ) 
3 75 82 (-307.860816 -251.600000 768 ) (-668 -251.600000 768 ) (-668 372.179364 768 ) 
4 76 129 (30.341125 -251.600000 744 ) (112 -251.600000 744 ) (112 -251.600000 768 ) (30.341125 -251.600000 768 ) 
3 76 83 (112 -251.600000 744 ) (30.341125 -251.600000 744 ) (112 -169.941125 744 ) 
3 77 84 (81.941125 -120.804041 744 ) (112 -90.745166 744 ) (112 -150.862915 744 ) 
4 77 81 (112 -90.745166 768 ) (112 -90.745166 744 ) (81.941125 -120.804041 744 ) (81.941125 -120.804041 768 ) 
4 78 131 (-48.854834 -251.600000 744 ) (-13.537085 -251.600000 744 ) (-13.537085 -251.600000 768 ) (-48.854834 -251.600000 768 ) 
3 78 86 (-13.537085 -251.600000 744 ) (-48.854834 -251.600000 744 ) (-31.195959 -233.941125 744 ) 
4 78 81 (-31.195959 -233.941125 744 ) (-48.854834 -251.600000 744 ) (-48.854834 -251.600000 768 ) (-31.195959 -233.941125 768 ) 
4 79 182 (-668 372.179364 768 ) (-668 560 768 ) (-668 560 744 ) (-668 377.102441 744 ) 
4 79 134 (-668 560 768 ) (-668 824 768 ) (-668 824 744 ) (-668 560 744 ) 
5 79 87 (-590.589305 243.023184 744 ) (-668 377.102441 744 ) (-668 824 744 ) (112 824 744 ) (112 648.663309 744 ) 
4 79 80 (-272.211720 426.838569 744 ) (112 648.663309 744 ) (112 651.505649 768 ) (-271.310734 430.201093 768 ) 
4 79 82 (-668 377.102441 744 ) (-590.589305 243.023184 744 ) (-593.951829 243.924170 768 ) (-668 372.179364 768 ) 
4 80 88 (-272.211720 426.838569 744 ) (112 648.663309 744 ) (112 540.085929 744 ) (-225.196335 345.405534 744 ) 
4 80 81 (112 540.085929 744 ) (112 537.243589 768 ) (-221.833811 344.504549 768 ) (-225.196335 345.405534 744 ) 
4 81 131 (-305.018477 -251.600000 744 ) (-48.854834 -251.600000 744 ) (-48.854834 -251.600000 768 ) (-307.860816 -251.600000 768 ) 
5 81 89 (-48.854834 -251.600000 744 ) (-305.018477 -251.600000 744 ) (-543.573921 161.590150 744 ) (112 540.085929 744 ) (112 -90.745166 744 ) 
4 81 82 (-543.573921 161.590150 744 ) (-305.018477 -251.600000 744 ) (-307.860816 -251.600000 768 ) (-544.474906 158.227626 768 ) 
4 82 182 (-668 -251.600000 744 ) (-668 -251.600000 768 ) (-668 372.179364 768 ) (-668 377.102441 744 ) 
4 82 131 (-668 -251.600000 768 ) (-668 -251.600000 744 ) (-305.018477 -251.600000 744 ) (-307.860816 -251.600000 768 ) 
3 82 90 (-305.018477 -251.600000 744 ) (-668 -251.600000 744 ) (-668 377.102441 744 ) 
4 83 129 (30.341125 -251.600000 472 ) (112 -251.600000 472 ) (112 -251.600000 744 ) (30.341125 -251.600000 744 ) 
3 83 91 (112 -169.941125 472 ) (112 -251.600000 472 ) (30.341125 -251.600000 472 ) 
4 83 85 (98.911688 -183.029437 472 ) (30.341125 -251.600000 472 ) (30.341125 -251.600000 744 ) (98.911688 -183.029437 744 ) 
3 84 92 (112 -90.745166 472 ) (112 -150.862915 472 ) (81.941125 -120.804041 472 ) 
4 84 89 (112 -90.745166 472 ) (81.941125 -120.804041 472 ) (81.941125 -120.804041 744 ) (112 -90.745166 744 ) 
4 85 130 (20.404041 -251.600000 472 ) (30.341125 -251.600000 472 ) (30.341125 -251.600000 744 ) (20.404041 -251.600000 744 ) 
4 85 89 (59.313708 -143.431458 472 ) (-14.225397 -216.970563 472 ) (-14.225397 -216.970563 744 ) (59.313708 -143.431458 744 ) 
4 86 131 (-48.854834 -251.600000 472 ) (-13.537085 -251.600000 472 ) (-13.537085 -251.600000 744 ) (-48.854834 -251.600000 744 ) 
3 86 93 (-13.537085 -251.600000 472 ) (-48.854834 -251.600000 472 ) (-31.195959 -233.941125 472 ) 
4 86 89 (-31.195959 -233.941125 472 ) (-48.854834 -251.600000 472 ) (-48.854834 -251.600000 744 ) (-31.195959 -233.941125 744 ) 
4 87 183 (-668 560 672 ) (-668 560 472 ) (-668 432.897313 472 ) (-668 391.871672 672 ) 
4 87 182 (-668 377.102441 744 ) (-668 560 744 ) (-668 560 672 ) (-668 391.871672 672 ) 
4 87 134 (-668 560 744 ) (-668 824 744 ) (-668 824 472 ) (-668 560 472 ) 
5 87 95 (-668 824 472 ) (-533.726163 824 472 ) (-282.422890 388.729963 472 ) (-552.480699 232.812014 472 ) (-668 432.897313 472 ) 
4 87 94 (-533.726163 824 472 ) (112 824 472 ) (112 616.450125 472 ) (-282.422890 388.729963 472 ) 
4 87 88 (-282.422890 388.729963 472 ) (112 616.450125 472 ) (112 648.663309 744 ) (-272.211720 426.838569 744 ) 
4 87 90 (-590.589305 243.023184 744 ) (-668 377.102441 744 ) (-668 432.897313 472 ) (-552.480699 232.812014 472 ) 
4 88 94 (112 616.450125 472 ) (112 572.299113 472 ) (-263.304941 355.616704 472 ) (-282.422890 388.729963 472 ) 
4 88 89 (-263.304941 355.616704 472 ) (112 572.299113 472 ) (112 540.085929 744 ) (-225.196335 345.405534 744 ) 
4 89 131 (-272.805292 -251.600000 472 ) (-48.854834 -251.600000 472 ) (-48.854834 -251.600000 744 ) (-305.018477 -251.600000 744 ) 
5 89 97 (112 572.299113 472 ) (112 -90.745166 472 ) (-48.854834 -251.600000 472 ) (-272.805292 -251.600000 472 ) (-533.362750 199.698756 472 ) 
4 89 90 (-272.805292 -251.600000 472 ) (-305.018477 -251.600000 744 ) (-543.573921 161.590150 744 ) (-533.362750 199.698756 472 ) 
4 90 183 (-668 -251.600000 472 ) (-668 -251.600000 672 ) (-668 391.871672 672 ) (-668 432.897313 472 ) 
4 90 182 (-668 -251.600000 672 ) (-668 -251.600000 744 ) (-668 377.102441 744 ) (-668 391.871672 672 ) 
4 90 131 (-668 -251.600000 744 ) (-668 -251.600000 472 ) (-272.805292 -251.600000 472 ) (-305.018477 -251.600000 744 ) 
3 90 96 (-668 121.965903 472 ) (-668 432.897313 472 ) (-533.362750 199.698756 472 ) 
4 90 97 (-272.805292 -251.600000 472 ) (-668 -251.600000 472 ) (-668 121.965903 472 ) (-533.362750 199.698756 472 ) 
4 91 129 (30.341125 -251.600000 448 ) (112 -251.600000 448 ) (112 -251.600000 472 ) (30.341125 -251.600000 472 ) 
4 92 97 (112 -90.745166 448 ) (81.941125 -120.804041 448 ) (81.941125 -120.804041 472 ) (112 -90.745166 472 ) 
4 93 131 (-48.854834 -251.600000 448 ) (-13.537085 -251.600000 448 ) (-13.537085 -251.600000 472 ) (-48.854834 -251.600000 472 ) 
4 93 97 (-31.195959 -233.941125 448 ) (-48.854834 -251.600000 448 ) (-48.854834 -251.600000 472 ) (-31.195959 -233.941125 472 ) 
4 94 95 (-282.422890 388.729963 472 ) (-533.726163 824 472 ) (-536.568503 824 448 ) (-283.323876 385.367439 448 ) 
4 94 97 (112 575.141453 448 ) (112 572.299113 472 ) (-263.304941 355.616704 472 ) (-266.667466 356.517690 448 ) 
4 95 183 (-668 432.897313 472 ) (-668 560 472 ) (-668 560 448 ) (-668 437.820389 448 ) 
4 95 134 (-668 560 472 ) (-668 824 472 ) (-668 824 448 ) (-668 560 448 ) 
4 95 96 (-668 437.820389 448 ) (-549.118175 231.911029 448 ) (-552.480699 232.812014 472 ) (-668 432.897313 472 ) 
4 96 183 (-668 121.965903 472 ) (-668 432.897313 472 ) (-668 437.820389 448 ) (-668 124.808243 448 ) 
4 96 97 (-533.362750 199.698756 472 ) (-668 121.965903 472 ) (-668 124.808243 448 ) (-532.461765 203.061280 448 ) 
4 97 183 (-668 -251.600000 448 ) (-668 -251.600000 472 ) (-668 121.965903 472 ) (-668 124.808243 448 ) 
4 97 131 (-668 -251.600000 472 ) (-668 -251.600000 448 ) (-48.854834 -251.600000 448 ) (-48.854834 -251.600000 472 ) 
4 98 106 (-295.394447 824 336 ) (112 824 336 ) (112 160 336 ) (-302.861049 408.916629 336 ) 
4 98 99 (-302.848756 409.600000 416 ) (-295.394447 824 416 ) (-295.394447 824 336 ) (-302.848756 409.600001 336 ) 
4 99 120 (-382.618182 686.683227 416 ) (-382.618182 824 416 ) (-382.618182 824 336 ) (-382.618182 686.683227 336 ) 
4 99 107 (-382.618182 824 336 ) (-295.394447 824 336 ) (-302.848756 409.600001 336 ) (-382.618182 686.683227 336 ) 
4 99 100 (-382.618182 686.683227 416 ) (-382.618182 686.683227 336 ) (-368.123695 636.335878 336 ) (-302.848756 409.600000 416 ) 
4 100 121 (-382.618182 681.900068 416 ) (-382.618182 686.683227 416 ) (-382.618182 686.683227 336 ) (-382.618182 685.814104 336 ) 
3 100 108 (-382.618182 685.814104 336 ) (-382.618182 686.683227 336 ) (-368.123695 636.335878 336 ) 
3 101 109 (-328.141751 424.085051 336 ) (-328.153547 424.092128 336 ) (-340.599889 464.586552 336 ) 
3 101 103 (-328.153547 424.092128 336 ) (-328.141751 424.085051 336 ) (-328.141754 424.085052 363.230979 ) 
3 101 102 (-340.599889 464.586552 336 ) (-328.153547 424.092128 336 ) (-328.141754 424.085052 363.230979 ) 
4 102 124 (-382.618182 456.770909 416 ) (-382.618182 589.220947 416 ) (-382.618182 591.681930 336 ) (-382.618182 456.770909 336 ) 
4 102 123 (-382.618182 589.220947 416 ) (-382.618182 601.385846 416 ) (-382.618182 601.293911 336 ) (-382.618182 591.681930 336 ) 
3 102 110 (-328.153547 424.092128 336 ) (-382.618182 456.770909 336 ) (-382.618182 601.293911 336 ) 
4 102 104 (-382.618182 456.770909 336 ) (-328.153547 424.092128 336 ) (-328.118901 424.071341 416 ) (-382.618182 456.770909 416 ) 
4 103 111 (-304 345.599992 336 ) (-304.034642 345.620785 336 ) (-328.153547 424.092128 336 ) (-328.141751 424.085051 336 ) 
4 103 104 (-328.153547 424.092128 336 ) (-304.034642 345.620785 336 ) (-304 345.599997 416 ) (-328.141754 424.085052 363.230979 ) 
3 103 105 (-304.034642 345.620785 336 ) (-304 345.599992 336 ) (-304 345.599997 416 ) 
4 104 124 (-382.618182 392.770909 416 ) (-382.618182 456.770909 416 ) (-382.618182 456.770909 336 ) (-382.618182 392.770909 336 ) 
4 104 111 (-304.034642 345.620785 336 ) (-382.618182 392.770909 336 ) (-382.618182 456.770909 336 ) (-328.153547 424.092128 336 ) 
4 104 105 (-382.618182 392.770909 416 ) (-382.618182 392.770909 336 ) (-304.034642 345.620785 336 ) (-304 345.599997 416 ) 
4 105 132 (112 -251.600000 336 ) (112 -251.600000 416 ) (-272 -251.600000 416 ) (-272 -251.600000 336 ) 
4 105 124 (-382.618182 -184 416 ) (-382.618182 392.770909 416 ) (-382.618182 392.770909 336 ) (-382.618182 -184 336 ) 
5 105 112 (112 96 336 ) (112 -251.600000 336 ) (-272 -251.600000 336 ) (-382.618182 -184 336 ) (-382.618182 392.770909 336 ) 
4 106 113 (-295.394448 824 112 ) (112 824 112 ) (112 160 112 ) (-302.861050 408.916630 112 ) 
4 106 107 (-295.394448 824 112 ) (-302.848757 409.600005 112 ) (-302.848756 409.600001 336 ) (-295.394447 824 336 ) 
4 107 120 (-382.618182 686.683227 336 ) (-382.618182 824 336 ) (-382.618182 824 112 ) (-382.618182 686.683227 112 ) 
4 107 114 (-382.618182 686.683227 112 ) (-382.618182 824 112 ) (-295.394448 824 112 ) (-302.848757 409.600005 112 ) 
3 107 108 (-368.123695 636.335878 336 ) (-382.618182 686.683227 336 ) (-382.618182 686.683227 318.235771 ) 
3 108 121 (-382.618182 685.814104 336 ) (-382.618182 686.683227 336 ) (-382.618182 686.683227 318.235771 ) 
3 109 122 (-382.618182 601.188406 112 ) (-382.618182 601.036493 112 ) (-382.618182 601.188366 244.156459 ) 
4 109 115 (-382.618182 601.036493 112 ) (-382.618182 601.188406 112 ) (-328.141726 424.085035 112 ) (-328.250557 424.150334 112 ) 
4 109 111 (-328.250557 424.150334 112 ) (-328.141726 424.085035 112 ) (-328.141751 424.085051 336 ) (-328.153547 424.092128 336 ) 
5 109 110 (-382.618182 601.188366 244.156459 ) (-382.618182 601.036493 112 ) (-328.250557 424.150334 112 ) (-328.153547 424.092128 336 ) (-340.599889 464.586552 336 ) 
4 110 125 (-382.618182 456.770909 336 ) (-382.618182 591.681930 336 ) (-382.618182 598.572682 112 ) (-382.618182 456.770909 112 ) 
4 110 123 (-382.618182 591.681930 336 ) (-382.618182 601.293911 336 ) (-382.618182 601.036493 112 ) (-382.618182 598.572682 112 ) 
4 110 115 (-382.618182 598.572682 112 ) (-382.618182 601.036493 112 ) (-328.250557 424.150334 112 ) (-329.214872 424.728923 112 ) 
3 110 116 (-382.618182 456.770909 112 ) (-382.618182 598.572682 112 ) (-329.214872 424.728923 112 ) 
4 110 111 (-382.618182 456.770909 336 ) (-382.618182 456.770909 112 ) (-328.250557 424.150334 112 ) (-328.153547 424.092128 336 ) 
4 111 125 (-382.618182 392.770909 336 ) (-382.618182 456.770909 336 ) (-382.618182 456.770909 112 ) (-382.618182 392.770909 112 ) 
4 111 118 (-329.214872 424.728923 112 ) (-328.141726 424.085035 112 ) (-304 345.599977 112 ) (-305.112129 346.267277 112 ) 
4 111 119 (-382.618182 392.770909 112 ) (-382.618182 456.770909 112 ) (-329.214872 424.728923 112 ) (-305.112129 346.267277 112 ) 
4 111 112 (-382.618182 392.770909 112 ) (-304 345.599977 112 ) (-304 345.599992 336 ) (-382.618182 392.770909 336 ) 
4 112 132 (112 -251.600000 112 ) (112 -251.600000 336 ) (-272 -251.600000 336 ) (-272 -251.600000 112 ) 
4 112 125 (-382.618182 -184 336 ) (-382.618182 392.770909 336 ) (-382.618182 392.770909 112 ) (-382.618182 -184 112 ) 
4 112 117 (112 -251.600000 112 ) (-120.303071 -251.600000 112 ) (-304 345.599977 112 ) (112 96 112 ) 
4 112 118 (-120.303071 -251.600000 112 ) (-121.452437 -251.600000 112 ) (-305.112129 346.267277 112 ) (-304 345.599977 112 ) 
5 112 119 (-121.452437 -251.600000 112 ) (-272 -251.600000 112 ) (-382.618182 -184 112 ) (-382.618182 392.770909 112 ) (-305.112129 346.267277 112 ) 
4 113 114 (-295.394448 824 112 ) (-295.394449 824 16 ) (-302.848758 409.600007 16 ) (-302.848757 409.600005 112 ) 
4 114 120 (-382.618182 686.683227 112 ) (-382.618182 824 112 ) (-382.618182 824 16 ) (-382.618182 686.683227 16 ) 
4 115 122 (-382.618182 601.036493 112 ) (-382.618182 601.188406 112 ) (-382.618182 601.188431 26.968965 ) (-382.618182 600.947767 34.792311 ) 
3 115 123 (-382.618182 598.572682 112 ) (-382.618182 601.036493 112 ) (-382.618182 600.947767 34.792311 ) 
3 115 118 (-328.141726 424.085035 112 ) (-329.214872 424.728923 112 ) (-328.141715 424.085029 19.368591 ) 
4 115 116 (-382.618182 598.572682 112 ) (-382.618182 601.188431 26.968965 ) (-328.141715 424.085029 19.368591 ) (-329.214872 424.728923 112 ) 
4 116 125 (-382.618182 456.770909 112 ) (-382.618182 598.572682 112 ) (-382.618182 601.525862 16 ) (-382.618182 456.770909 16 ) 
4 116 119 (-382.618182 456.770909 16 ) (-328.102689 424.061613 16 ) (-329.214872 424.728923 112 ) (-382.618182 456.770909 112 ) 
4 117 132 (112 -251.600000 16 ) (112 -251.600000 112 ) (-120.303071 -251.600000 112 ) (-120.303062 -251.600000 16 ) 
5 117 118 (-303.996988 345.590340 16 ) (-120.303062 -251.600000 16 ) (-120.303071 -251.600000 112 ) (-304 345.599977 112 ) (-304 345.599970 16.000413 ) 
3 117 119 (-304 345.599967 16 ) (-303.996988 345.590340 16 ) (-304 345.599970 16.000413 ) 
4 118 132 (-120.303071 -251.600000 112 ) (-121.452437 -251.600000 112 ) (-120.545245 -251.600000 16 ) (-120.303062 -251.600000 16 ) 
5 118 119 (-329.214872 424.728923 112 ) (-328.141715 424.085029 19.368591 ) (-303.996988 345.590340 16 ) (-120.545245 -251.600000 16 ) (-121.452437 -251.600000 112 ) 
4 119 132 (-121.452437 -251.600000 112 ) (-272 -251.600000 112 ) (-272 -251.600000 16 ) (-120.545245 -251.600000 16 ) 
4 119 125 (-382.618182 -184 112 ) (-382.618182 456.770909 112 ) (-382.618182 456.770909 16 ) (-382.618182 -184 16 ) 
4 120 121 (-382.618182 686.683227 318.235771 ) (-382.618182 686.683227 416 ) (-422.150276 824 416 ) (-422.150276 824 269.785822 ) 
4 122 125 (-451.174033 824 38.614716 ) (-451.154341 824 36.530899 ) (-382.618182 601.188431 26.968965 ) (-382.618182 600.947767 34.792311 ) 
4 122 123 (-451.154347 824 94.350181 ) (-451.174033 824 38.614716 ) (-382.618182 600.947767 34.792311 ) (-382.618182 601.188366 244.156459 ) 
4 123 125 (-453.984297 824 336 ) (-451.174033 824 38.614716 ) (-382.618182 600.947767 34.792311 ) (-382.618182 591.681930 336 ) 
4 123 124 (-382.618182 589.220947 416 ) (-454.740290 824 416 ) (-453.984297 824 336 ) (-382.618182 591.681930 336 ) 
4 124 196 (-668 -9.600000 416 ) (-668 102.500000 416 ) (-668 102.500000 336 ) (-668 -9.600000 336 ) 
4 124 194 (-668 216.296296 416 ) (-668 560 416 ) (-668 560 336 ) (-668 210.370370 336 ) 
4 124 195 (-668 102.500000 416 ) (-668 216.296296 416 ) (-668 210.370370 336 ) (-668 102.500000 336 ) 
4 124 136 (-668 560 416 ) (-668 644.740741 416 ) (-668 650.666667 336 ) (-668 560 336 ) 
4 124 135 (-668 644.740741 416 ) (-668 824 416 ) (-668 824 336 ) (-668 650.666667 336 ) 
5 124 125 (-668 -9.600000 336 ) (-668 824 336 ) (-453.984297 824 336 ) (-382.618182 591.681930 336 ) (-382.618182 -184 336 ) 
4 125 196 (-668 -9.600000 336 ) (-668 102.500000 336 ) (-668 102.500000 16 ) (-668 -9.600000 16 ) 
4 125 194 (-668 210.370370 336 ) (-668 560 336 ) (-668 560 16 ) (-668 186.666667 16 ) 
4 125 195 (-668 102.500000 336 ) (-668 210.370370 336 ) (-668 186.666667 16 ) (-668 102.500000 16 ) 
4 125 136 (-668 560 336 ) (-668 650.666667 336 ) (-668 674.370370 16 ) (-668 560 16 ) 
4 125 135 (-668 650.666667 336 ) (-668 824 336 ) (-668 824 16 ) (-668 674.370370 16 ) 
4 125 127 (-539.709091 -88 112 ) (-539.709091 -88 336 ) (-668 -9.600000 336 ) (-668 -9.600000 112 ) 
4 125 126 (-420.704000 -160.725333 336 ) (-513.527273 -104 336 ) (-513.527273 -104 112 ) (-420.704000 -160.725333 112 ) 
4 128 182 (-668 -272 816 ) (-668 -251.600000 816 ) (-668 -251.600000 768 ) (-668 -272 768 ) 
4 128 131 (-668 -272 768 ) (-668 -251.600000 768 ) (-13.537085 -251.600000 768 ) (6.862915 -272 768 ) 
4 128 129 (30.341125 -251.600000 768 ) (112 -251.600000 768 ) (112 -272 768 ) (9.941125 -272 768 ) 
4 129 130 (25.372583 -256.568542 744 ) (30.341125 -251.600000 744 ) (30.341125 -251.600000 472 ) (25.372583 -256.568542 472 ) 
4 131 183 (-668 -251.600000 672 ) (-668 -251.600000 448 ) (-668 -272 448 ) (-668 -272 672 ) 
4 131 182 (-668 -272 768 ) (-668 -251.600000 768 ) (-668 -251.600000 672 ) (-668 -272 672 ) 
4 134 258 (-1372 560 448 ) (-1372 560 816 ) (-1372 1152 816 ) (-1372 1152 448 ) 
4 134 220 (-1372 1152 816 ) (-1372 1184 816 ) (-1372 1184 448 ) (-1372 1152 448 ) 
4 134 187 (-1184 560 672 ) (-1372 560 672 ) (-1372 560 448 ) (-1184 560 448 ) 
4 134 183 (-668 560 448 ) (-668 560 672 ) (-1120 560 672 ) (-1120 560 448 ) 
4 134 182 (-668 560 672 ) (-668 560 816 ) (-1372 560 816 ) (-1372 560 672 ) 
4 135 265 (-1372 1152 90.666667 ) (-1372 1152 16 ) (-1372 1039.407407 16 ) (-1372 1033.876543 90.666667 ) 
4 135 266 (-1372 1009.777778 416 ) (-1372 1152 416 ) (-1372 1152 90.666667 ) (-1372 1033.876543 90.666667 ) 
4 135 230 (-1372 1152 416 ) (-1372 1184 416 ) (-1372 1184 16 ) (-1372 1152 16 ) 
4 135 149 (-1260.757895 981.726316 16 ) (-1232 966.814815 16 ) (-1232 937.185185 416 ) (-1269.178947 956.463158 416 ) 
4 135 151 (-1372 1009.777778 416 ) (-1372 1039.407407 16 ) (-1260.757895 981.726316 16 ) (-1269.178947 956.463158 416 ) 
4 135 144 (-988 832 128 ) (-993.308989 833.494382 144.988764 ) (-1019.135956 843.014493 197.256039 ) (-1051.085714 870.400000 51.200000 ) 
6 135 141 (-1232 966.814815 16 ) (-1080 888 16 ) (-1051.085714 870.400000 51.200000 ) (-1019.135956 843.014493 197.256039 ) (-1127.224490 882.857143 416 ) (-1232 937.185185 416 ) 
3 135 140 (-972 832 16 ) (-953 822.148148 16 ) (-988 832 128 ) 
3 135 137 (-953 822.148148 16 ) (-929.571429 810 16 ) (-993.308989 833.494382 144.988764 ) 
4 135 136 (-929.571429 810 16 ) (-668 674.370370 16 ) (-668 644.740741 416 ) (-1127.224490 882.857143 416 ) 
4 136 194 (-668 560 16 ) (-668 560 416 ) (-827.428571 560 416 ) (-697.428571 560 16 ) 
3 136 179 (-812.692218 560 370.657375 ) (-827.428571 560 416 ) (-840.283688 573.843972 416 ) 
4 136 173 (-906.422535 645.070423 416 ) (-953.793594 696.085409 416 ) (-949.818434 697.730303 399.069039 ) (-842.741176 655.879215 189.175093 ) 
6 136 175 (-754.396018 621.349558 16 ) (-697.428571 560 16 ) (-812.692218 560 370.657375 ) (-840.283688 573.843972 416 ) (-906.422535 645.070423 416 ) (-842.741176 655.879215 189.175093 ) 
3 136 171 (-868.708031 666.028346 240.075591 ) (-949.818434 697.730303 399.069039 ) (-935.934426 703.475410 339.934426 ) 
3 136 170 (-756.857143 624 16 ) (-754.396018 621.349558 16 ) (-761.177254 624 29.292649 ) 
6 136 169 (-822.405694 694.590747 16 ) (-756.857143 624 16 ) (-761.177254 624 29.292649 ) (-868.708031 666.028346 240.075591 ) (-935.934426 703.475410 339.934426 ) (-916.227758 711.629893 256 ) 
3 136 168 (-859.879004 734.946619 16 ) (-822.405694 694.590747 16 ) (-916.227758 711.629893 256 ) 
3 136 144 (-1019.135956 843.014493 197.256039 ) (-993.308989 833.494382 144.988764 ) (-1028 832 256 ) 
4 136 141 (-1127.224490 882.857143 416 ) (-1019.135956 843.014493 197.256039 ) (-1028 832 256 ) (-1080 832 416 ) 
6 136 137 (-993.308989 833.494382 144.988764 ) (-929.571429 810 16 ) (-859.879004 734.946619 16 ) (-953.793594 696.085409 416 ) (-1028 776 416 ) (-1028 832 256 ) 
4 137 173 (-949.818434 697.730303 399.069039 ) (-953.793594 696.085409 416 ) (-1012 672 416 ) (-1012 672 402.167742 ) 
4 137 171 (-935.934426 703.475410 339.934426 ) (-949.818434 697.730303 399.069039 ) (-1012 672 402.167742 ) (-1012 672 256 ) 
3 137 169 (-916.227758 711.629893 256 ) (-935.934426 703.475410 339.934426 ) (-1012 672 256 ) 
4 137 168 (-859.879004 734.946619 16 ) (-916.227758 711.629893 256 ) (-1028 665.379310 256 ) (-953 696.413793 16 ) 
3 137 163 (-1028 665.379310 393.931034 ) (-1012 672 416 ) (-1028 672 416 ) 
4 137 162 (-988 681.931034 128 ) (-1028 665.379310 256 ) (-1028 720 256 ) (-988 768 128 ) 
3 137 148 (-1028 720 256 ) (-1028 768 256 ) (-988 768 128 ) 
3 137 144 (-1028 832 256 ) (-993.308989 833.494382 144.988764 ) (-988 832 128 ) 
4 137 140 (-953 822.148148 16 ) (-953 696.413793 16 ) (-988 681.931034 128 ) (-988 832 128 ) 
4 137 138 (-1028 665.379310 256 ) (-1028 665.379310 268.068966 ) (-1028 720 416 ) (-1028 768 256 ) 
4 137 139 (-1028 665.379310 268.068966 ) (-1028 665.379310 393.931034 ) (-1028 672 416 ) (-1028 720 416 ) 
4 138 162 (-1028 665.379310 256 ) (-1029.769464 664.647118 261.662285 ) (-1045.877095 698.547486 313.206704 ) (-1028 720 256 ) 
4 138 148 (-1045.877095 698.547486 313.206704 ) (-1062.939759 734.457831 367.807229 ) (-1028 768 256 ) (-1028 720 256 ) 
4 138 139 (-1062.939759 734.457831 367.807229 ) (-1029.769464 664.647118 261.662285 ) (-1028 665.379310 268.068966 ) (-1028 720 416 ) 
4 139 163 (-1058.120482 652.915663 352.385542 ) (-1028 665.379310 393.931034 ) (-1028 672 416 ) (-1078 672 416 ) 
4 139 162 (-1029.769464 664.647118 261.662285 ) (-1058.120482 652.915663 352.385542 ) (-1072.444444 666.666667 398.222222 ) (-1045.877095 698.547486 313.206704 ) 
3 139 147 (-1078 720 416 ) (-1078 766.153846 416 ) (-1062.939759 734.457831 367.807229 ) 
5 139 148 (-1072.444444 666.666667 398.222222 ) (-1078 672 416 ) (-1078 720 416 ) (-1062.939759 734.457831 367.807229 ) (-1045.877095 698.547486 313.206704 ) 
3 140 168 (-972 688.551724 16 ) (-953 696.413793 16 ) (-988 681.931034 128 ) 
4 140 162 (-972 688.551724 16 ) (-988 681.931034 128 ) (-988 768 128 ) (-972 768 16 ) 
3 141 154 (-1232 843.903186 196.612061 ) (-1232 842.361624 200.738007 ) (-1232 832 256 ) 
5 141 153 (-1232 928.320000 16 ) (-1232 911.384615 16 ) (-1232 843.903186 196.612061 ) (-1232 832 256 ) (-1232 922.005999 42.308338 ) 
3 141 152 (-1232 933.086957 16 ) (-1232 928.320000 16 ) (-1232 922.005999 42.308338 ) 
5 141 149 (-1232 845.818182 416 ) (-1232 937.185185 416 ) (-1232 966.814815 16 ) (-1232 933.086957 16 ) (-1232 832 256 ) 
3 141 145 (-1232 845.818182 416 ) (-1232 832 256 ) (-1080 832 416 ) 
4 141 144 (-1019.135956 843.014493 197.256039 ) (-1028 832 256 ) (-1144 856 128 ) (-1051.085714 870.400000 51.200000 ) 
4 141 143 (-1028 832 256 ) (-1130.526316 825.684211 289.684211 ) (-1232 832 256 ) (-1144 856 128 ) 
4 141 142 (-1232 911.384615 16 ) (-1080 888 16 ) (-1144 856 128 ) (-1232 842.361624 200.738007 ) 
4 142 154 (-1232 861.545126 108.592058 ) (-1232 856 128 ) (-1232 842.361624 200.738007 ) (-1232 843.903186 196.612061 ) 
4 142 153 (-1232 911.384615 16 ) (-1232 888 16 ) (-1232 861.545126 108.592058 ) (-1232 843.903186 196.612061 ) 
3 145 149 (-1232 824 416 ) (-1232 845.818182 416 ) (-1232 832 256 ) 
3 146 158 (-1232 768 416 ) (-1232 774.620690 416 ) (-1232 768 256 ) 
3 146 147 (-1080 768 416 ) (-1232 768 416 ) (-1232 768 256 ) 
3 147 160 (-1232 720 416 ) (-1232 768 416 ) (-1232 768 256 ) 
5 147 148 (-1232 720 416 ) (-1232 768 256 ) (-1144 768 256 ) (-1062.939759 734.457831 367.807229 ) (-1078 720 416 ) 
4 148 163 (-1072.444444 666.666667 398.222222 ) (-1078 672 416 ) (-1232 672 416 ) (-1232 666.666667 398.222222 ) 
4 148 162 (-988 768 128 ) (-1072.444444 666.666667 398.222222 ) (-1232 666.666667 398.222222 ) (-1232 768 128 ) 
5 148 160 (-1232 666.666667 398.222222 ) (-1232 672 416 ) (-1232 720 416 ) (-1232 768 256 ) (-1232 768 128 ) 
3 149 155 (-1310.666667 832 174.795699 ) (-1302.229700 857.310900 123.411851 ) (-1274.625000 832 212 ) 
5 149 153 (-1232 922.005999 42.308338 ) (-1232 832 256 ) (-1274.625000 832 212 ) (-1302.229700 857.310900 123.411851 ) (-1296.197309 875.408072 86.672646 ) 
4 149 152 (-1284.593220 910.220339 16 ) (-1232 933.086957 16 ) (-1232 922.005999 42.308338 ) (-1296.197309 875.408072 86.672646 ) 
3 149 150 (-1320.592348 802.222955 235.246302 ) (-1232 832 256 ) (-1324 792 416 ) 
5 149 151 (-1324 792 416 ) (-1269.178947 956.463158 416 ) (-1260.757895 981.726316 16 ) (-1284.593220 910.220339 16 ) (-1320.592348 802.222955 235.246302 ) 
3 150 151 (-1324 792 416 ) (-1320.592348 802.222955 235.246302 ) (-1324 792 256 ) 
4 151 267 (-1372 710.068966 416 ) (-1372 768 416 ) (-1372 768 263.432258 ) (-1372 710.068966 400.971746 ) 
4 151 265 (-1372 1033.876543 90.666667 ) (-1372 1039.407407 16 ) (-1372 872.217391 16 ) (-1372 840.768116 90.666667 ) 
5 151 266 (-1372 768 416 ) (-1372 1009.777778 416 ) (-1372 1033.876543 90.666667 ) (-1372 840.768116 90.666667 ) (-1372 768 263.432258 ) 
5 151 157 (-1372 710.068966 400.971746 ) (-1372 840.768116 90.666667 ) (-1356 832 128 ) (-1324 792 256 ) (-1348 720 402.167742 ) 
4 151 155 (-1302.229700 857.310900 123.411851 ) (-1310.666667 832 174.795699 ) (-1356 832 128 ) (-1310.580603 864.967888 96.612391 ) 
3 151 153 (-1296.197309 875.408072 86.672646 ) (-1302.229700 857.310900 123.411851 ) (-1310.580603 864.967888 96.612391 ) 
5 151 152 (-1372 840.768116 90.666667 ) (-1372 872.217391 16 ) (-1284.593220 910.220339 16 ) (-1296.197309 875.408072 86.672646 ) (-1356 832 128 ) 
4 151 160 (-1348 720 416 ) (-1372 710.068966 416 ) (-1372 710.068966 400.971746 ) (-1348 720 402.167742 ) 
4 152 265 (-1372 872.217391 16 ) (-1372 849.920000 16 ) (-1372 832 90.666667 ) (-1372 840.768116 90.666667 ) 
3 152 157 (-1356 832 128 ) (-1372 840.768116 90.666667 ) (-1372 832 90.666667 ) 
3 152 155 (-1304 888 16 ) (-1310.580603 864.967888 96.612391 ) (-1356 832 128 ) 
4 152 153 (-1304 888 16 ) (-1232 928.320000 16 ) (-1232 922.005999 42.308338 ) (-1310.580603 864.967888 96.612391 ) 
4 153 155 (-1274.625000 832 212 ) (-1310.580603 864.967888 96.612391 ) (-1304 888 16 ) (-1240 856 128 ) 
3 153 154 (-1232 861.545126 108.592058 ) (-1232 832 256 ) (-1240 856 128 ) 
3 156 267 (-1372 768 128 ) (-1372 759.272727 151.272727 ) (-1372 768 143.058824 ) 
4 156 266 (-1372 782 90.666667 ) (-1372 768 128 ) (-1372 768 143.058824 ) (-1372 823.666667 90.666667 ) 
3 156 161 (-1372 768 128 ) (-1372 782 90.666667 ) (-1356 768 128 ) 
4 156 162 (-1348 720 256 ) (-1372 759.272727 151.272727 ) (-1372 768 128 ) (-1356 768 128 ) 
4 156 157 (-1356 832 128 ) (-1372 823.666667 90.666667 ) (-1372 759.272727 151.272727 ) (-1348 720 256 ) 
5 157 267 (-1372 759.272727 151.272727 ) (-1372 710.068966 282.482759 ) (-1372 710.068966 400.971746 ) (-1372 768 263.432258 ) (-1372 768 143.058824 ) 
4 157 266 (-1372 768 263.432258 ) (-1372 840.768116 90.666667 ) (-1372 823.666667 90.666667 ) (-1372 768 143.058824 ) 
3 157 162 (-1348 720 256 ) (-1372 710.068966 282.482759 ) (-1372 759.272727 151.272727 ) 
4 157 160 (-1372 710.068966 282.482759 ) (-1348 720 256 ) (-1348 720 402.167742 ) (-1372 710.068966 400.971746 ) 
3 158 160 (-1232 768 256 ) (-1232 768 416 ) (-1348 720 416 ) 
3 159 162 (-1232 768 128 ) (-1348 720 256 ) (-1304 768 128 ) 
3 159 160 (-1348 720 256 ) (-1232 768 128 ) (-1232 768 256 ) 
4 160 267 (-1372 672 416 ) (-1372 710.068966 416 ) (-1372 710.068966 282.482759 ) (-1372 666.666667 398.222222 ) 
4 160 163 (-1232 672 416 ) (-1332 672 416 ) (-1319.111111 666.666667 398.222222 ) (-1232 666.666667 398.222222 ) 
4 160 164 (-1332 672 416 ) (-1372 672 416 ) (-1372 666.666667 398.222222 ) (-1332 666.666667 398.222222 ) 
4 160 162 (-1232 768 128 ) (-1232 666.666667 398.222222 ) (-1372 666.666667 398.222222 ) (-1372 710.068966 282.482759 ) 
3 161 266 (-1372 768 90.666667 ) (-1372 768 128 ) (-1372 782 90.666667 ) 
3 161 162 (-1356 768 128 ) (-1372 768 128 ) (-1372 768 90.666667 ) 
5 162 267 (-1372 768 16 ) (-1372 624 16 ) (-1372 624 256 ) (-1372 666.666667 398.222222 ) (-1372 768 128 ) 
5 162 168 (-1128 624 256 ) (-1128 624 16 ) (-972 688.551724 16 ) (-988 681.931034 128 ) (-1028 665.379310 256 ) 
3 162 166 (-1372 624 256 ) (-1372 624 128 ) (-1332 624 256 ) 
5 162 163 (-1128 624 256 ) (-1058.120482 652.915663 352.385542 ) (-1072.444444 666.666667 398.222222 ) (-1319.111111 666.666667 398.222222 ) (-1216 624 256 ) 
4 162 164 (-1332 666.666667 398.222222 ) (-1372 666.666667 398.222222 ) (-1372 624 256 ) (-1332 624 256 ) 
3 163 167 (-1012 672 416 ) (-1128 624 416 ) (-1128 624 256 ) 
3 163 165 (-1128 624 416 ) (-1280 624 416 ) (-1128 624 256 ) 
4 164 267 (-1372 624 315.780220 ) (-1372 659.076923 416 ) (-1372 672 416 ) (-1372 624 256 ) 
5 164 166 (-1332 624 416 ) (-1339.428571 624 416 ) (-1372 624 315.780220 ) (-1372 624 256 ) (-1332 624 256 ) 
3 164 181 (-1339.428571 624 416 ) (-1372 659.076923 416 ) (-1372 624 315.780220 ) 
3 165 176 (-1128 624 416 ) (-1145.151751 616.902724 416 ) (-1128 624 256 ) 
4 166 268 (-1372 560 128 ) (-1372 560.462571 134.244708 ) (-1372 624 315.780220 ) (-1372 624 128 ) 
3 166 269 (-1372 560 128 ) (-1372 560 132.923077 ) (-1372 560.462571 134.244708 ) 
4 166 188 (-1359.340206 560 171.876289 ) (-1370.745098 560 136.784314 ) (-1372 560 128 ) (-1358.153846 560 172.307692 ) 
3 166 195 (-1370.745098 560 136.784314 ) (-1372 560 132.923077 ) (-1372 560 128 ) 
5 166 180 (-1334.581560 618.780142 416 ) (-1359.340206 560 171.876289 ) (-1358.153846 560 172.307692 ) (-1332 578.545455 256 ) (-1332 618.545455 416 ) 
5 166 181 (-1372 560 132.923077 ) (-1359.340206 560 171.876289 ) (-1334.581560 618.780142 416 ) (-1339.428571 624 416 ) (-1372 624 315.780220 ) 
3 167 176 (-1128 624 416 ) (-1128 624 256 ) (-1128 617.379310 416 ) 
5 168 169 (-1056 624 128 ) (-993 624 16 ) (-822.405694 694.590747 16 ) (-916.227758 711.629893 256 ) (-1012 672 256 ) 
3 169 173 (-842.741176 655.879215 189.175093 ) (-868.708031 666.028346 240.075591 ) (-863.824625 648.792793 194.114114 ) 
4 169 175 (-761.177254 624 29.292649 ) (-842.741176 655.879215 189.175093 ) (-863.824625 648.792793 194.114114 ) (-856.800000 624 128 ) 
3 169 172 (-1012 672 256 ) (-1004 624 128 ) (-982.666667 624 128 ) 
5 169 171 (-935.934426 703.475410 339.934426 ) (-1012 672 256 ) (-982.666667 624 128 ) (-856.800000 624 128 ) (-868.708031 666.028346 240.075591 ) 
5 169 170 (-761.177254 624 29.292649 ) (-856.800000 624 128 ) (-1004 624 128 ) (-956 624 16 ) (-756.857143 624 16 ) 
4 170 175 (-754.396018 621.349558 16 ) (-761.177254 624 29.292649 ) (-856.800000 624 128 ) (-844.900000 582 16 ) 
3 170 172 (-982.666667 624 128 ) (-1004 624 128 ) (-958.149254 583.880597 21.014925 ) 
5 170 171 (-956 582 16 ) (-844.900000 582 16 ) (-856.800000 624 128 ) (-982.666667 624 128 ) (-958.149254 583.880597 21.014925 ) 
3 171 194 (-956 560 16 ) (-895.500000 560 16 ) (-1004 560 128 ) 
6 171 173 (-868.708031 666.028346 240.075591 ) (-949.818434 697.730303 399.069039 ) (-1012 672 402.167742 ) (-1036 600 256 ) (-1030.276827 592.846034 233.107309 ) (-863.824625 648.792793 194.114114 ) 
5 171 175 (-1030.276827 592.846034 233.107309 ) (-1004 560 128 ) (-895.500000 560 16 ) (-844.900000 582 16 ) (-863.824625 648.792793 194.114114 ) 
3 171 172 (-1012 672 256 ) (-958.149254 583.880597 21.014925 ) (-1004 560 128 ) 
3 173 174 (-1036 600 256 ) (-1039.407652 589.777045 235.246302 ) (-1036 600 416 ) 
4 173 175 (-1039.407652 589.777045 235.246302 ) (-842.741176 655.879215 189.175093 ) (-906.422535 645.070423 416 ) (-1036 600 416 ) 
3 174 175 (-1128 560 256 ) (-1039.407652 589.777045 235.246302 ) (-1036 600 416 ) 
3 175 192 (-1085.375000 560 212 ) (-1004 560 128 ) (-1040 560 212 ) 
4 175 193 (-1068.179775 560 277.752809 ) (-1128 560 256 ) (-1085.375000 560 212 ) (-1040 560 212 ) 
5 175 194 (-895.500000 560 16 ) (-697.428571 560 16 ) (-812.692218 560 370.657375 ) (-1068.179775 560 277.752809 ) (-1004 560 128 ) 
4 175 179 (-1128 560 256 ) (-812.692218 560 370.657375 ) (-840.283688 573.843972 416 ) (-1055.063063 593.369369 416 ) 
3 177 193 (-1151 560 416 ) (-1280 560 416 ) (-1128 560 256 ) 
3 177 179 (-1128 560 256 ) (-1128 568 416 ) (-1151 560 416 ) 
3 178 193 (-1280 560 416 ) (-1280.753623 560 413.681159 ) (-1128 560 256 ) 
4 178 191 (-1280.753623 560 413.681159 ) (-1332 560 256 ) (-1216 560 224 ) (-1128 560 256 ) 
4 179 193 (-1127.428571 560 416 ) (-1151 560 416 ) (-1128 560 256 ) (-1068.179775 560 277.752809 ) 
4 179 194 (-827.428571 560 416 ) (-1127.428571 560 416 ) (-1068.179775 560 277.752809 ) (-812.692218 560 370.657375 ) 
3 180 190 (-1332 560 256 ) (-1346.300000 560 212 ) (-1345.750000 560 212 ) 
4 180 188 (-1346.300000 560 212 ) (-1359.340206 560 171.876289 ) (-1358.153846 560 172.307692 ) (-1345.750000 560 212 ) 
4 180 181 (-1359.340206 560 171.876289 ) (-1332 560 256 ) (-1332 616 416 ) (-1334.581560 618.780142 416 ) 
4 181 268 (-1372 581.333333 416 ) (-1372 624 416 ) (-1372 624 315.780220 ) (-1372 560.462571 134.244708 ) 
4 181 269 (-1372 560 132.923077 ) (-1372 560 416 ) (-1372 581.333333 416 ) (-1372 560.462571 134.244708 ) 
3 181 267 (-1372 624 416 ) (-1372 659.076923 416 ) (-1372 624 315.780220 ) 
3 181 193 (-1280 560 416 ) (-1283 560 416 ) (-1280.753623 560 413.681159 ) 
4 181 190 (-1352.890995 560 261.763033 ) (-1360 560 212 ) (-1346.300000 560 212 ) (-1332 560 256 ) 
5 181 191 (-1283 560 416 ) (-1330.857143 560 416 ) (-1352.890995 560 261.763033 ) (-1332 560 256 ) (-1280.753623 560 413.681159 ) 
3 181 188 (-1360 560 212 ) (-1370.745098 560 136.784314 ) (-1346.300000 560 212 ) 
4 181 195 (-1330.857143 560 416 ) (-1372 560 416 ) (-1372 560 132.923077 ) (-1370.745098 560 136.784314 ) 
4 182 272 (-1372 261.137085 672 ) (-1372 34.862915 672 ) (-1372 34.862915 768 ) (-1372 261.137085 768 ) 
4 182 275 (-1372 432 672 ) (-1372 261.137085 672 ) (-1372 261.137085 768 ) (-1372 432 768 ) 
4 182 271 (-1372 34.862915 672 ) (-1372 -272 672 ) (-1372 -272 768 ) (-1372 34.862915 768 ) 
4 182 270 (-1372 -272 768 ) (-1372 -272 816 ) (-1372 432 816 ) (-1372 432 768 ) 
4 182 258 (-1372 560 816 ) (-1372 560 672 ) (-1372 432 672 ) (-1372 432 816 ) 
4 182 187 (-1372 -272 672 ) (-1372 560 672 ) (-1184 560 672 ) (-1184 -272 672 ) 
4 182 183 (-1120 560 672 ) (-668 560 672 ) (-668 -272 672 ) (-1120 -272 672 ) 
4 183 186 (-1120 2.666667 512 ) (-1120 272 512 ) (-1120 264 480 ) (-1120 9.333333 480 ) 
4 183 185 (-1120 -10.666667 576 ) (-1120 288 576 ) (-1120 280 544 ) (-1120 -4 544 ) 
4 183 184 (-1120 -24 640 ) (-1120 304 640 ) (-1120 296 608 ) (-1120 -17.333333 608 ) 
4 184 187 (-1184 296 608 ) (-1184 -17.333333 608 ) (-1184 -24 640 ) (-1184 304 640 ) 
4 185 187 (-1184 280 544 ) (-1184 -4 544 ) (-1184 -10.666667 576 ) (-1184 288 576 ) 
4 186 187 (-1184 264 480 ) (-1184 9.333333 480 ) (-1184 2.666667 512 ) (-1184 272 512 ) 
4 187 272 (-1372 261.137085 448 ) (-1372 34.862915 448 ) (-1372 34.862915 672 ) (-1372 261.137085 672 ) 
4 187 275 (-1372 432 448 ) (-1372 261.137085 448 ) (-1372 261.137085 672 ) (-1372 432 672 ) 
4 187 271 (-1372 34.862915 448 ) (-1372 -272 448 ) (-1372 -272 672 ) (-1372 34.862915 672 ) 
4 187 258 (-1372 560 672 ) (-1372 560 448 ) (-1372 432 448 ) (-1372 432 672 ) 
4 188 190 (-1280 504 16 ) (-1216 536 128 ) (-1345.750000 560 212 ) (-1360 560 212 ) 
3 188 195 (-1360 560 212 ) (-1372 560 128 ) (-1280 504 16 ) 
4 189 193 (-1167.947368 503.631579 16 ) (-1166.166667 504 16 ) (-1120 536 128 ) (-1128 560 256 ) 
4 189 191 (-1216 536 128 ) (-1172 504 16 ) (-1167.947368 503.631579 16 ) (-1128 560 256 ) 
5 190 191 (-1279.295652 503.634783 16 ) (-1274 504 16 ) (-1216 536 128 ) (-1332 560 256 ) (-1352.890995 560 261.763033 ) 
4 190 195 (-1352.890995 560 261.763033 ) (-1360 560 212 ) (-1280 504 16 ) (-1279.295652 503.634783 16 ) 
5 191 193 (-1317.207746 552.922535 416 ) (-1247.533451 487.165493 16 ) (-1167.947368 503.631579 16 ) (-1128 560 256 ) (-1283 560 416 ) 
5 191 195 (-1317.207746 552.922535 416 ) (-1330.857143 560 416 ) (-1352.890995 560 261.763033 ) (-1279.295652 503.634783 16 ) (-1247.533451 487.165493 16 ) 
4 192 193 (-1085.375000 560 212 ) (-1120 536 128 ) (-1056 504 16 ) (-1040 560 212 ) 
3 192 194 (-1056 504 16 ) (-1004 560 128 ) (-1040 560 212 ) 
4 193 195 (-1225.230769 505.230769 416 ) (-1317.207746 552.922535 416 ) (-1247.533451 487.165493 16 ) (-1163.692308 443.692308 16 ) 
5 193 194 (-1163.692308 443.692308 16 ) (-1056 504 16 ) (-1040 560 212 ) (-1127.428571 560 416 ) (-1225.230769 505.230769 416 ) 
4 194 195 (-668 186.666667 16 ) (-668 216.296296 416 ) (-1225.230769 505.230769 416 ) (-1163.692308 443.692308 16 ) 
4 195 278 (-1372 102.500000 16 ) (-1372 102.500000 416 ) (-1372 432 416 ) (-1372 432 16 ) 
5 195 269 (-1372 432 416 ) (-1372 560 416 ) (-1372 560 128 ) (-1372 551.703704 16 ) (-1372 432 16 ) 
4 195 205 (-1332 102.500000 416 ) (-1372 102.500000 416 ) (-1372 102.500000 16 ) (-1332 102.500000 16 ) 
4 195 204 (-1259.313708 102.500000 416 ) (-1268 102.500000 416 ) (-1268 102.500000 16 ) (-1259.313708 102.500000 16 ) 
4 195 203 (-1259.313708 102.500000 336 ) (-1259.313708 102.500000 16 ) (-1235.313708 102.500000 16 ) (-1235.313708 102.500000 336 ) 
4 195 202 (-1235.313708 102.500000 416 ) (-1259.313708 102.500000 416 ) (-1259.313708 102.500000 336 ) (-1235.313708 102.500000 336 ) 
4 195 200 (-1235.313708 102.500000 336 ) (-1235.313708 102.500000 16 ) (-1100 102.500000 16 ) (-1100 102.500000 336 ) 
4 195 199 (-1100 102.500000 416 ) (-1235.313708 102.500000 416 ) (-1235.313708 102.500000 336 ) (-1100 102.500000 336 ) 
4 195 196 (-668 102.500000 16 ) (-668 102.500000 416 ) (-1036 102.500000 416 ) (-1036 102.500000 16 ) 
4 196 198 (-864 50.052174 336 ) (-988.685714 88 336 ) (-988.685714 88 112 ) (-864 50.052174 112 ) 
4 196 197 (-696 -1.078261 336 ) (-830.971429 40 336 ) (-830.971429 40 112 ) (-696 -1.078261 112 ) 
4 199 202 (-1235.313708 -272 336 ) (-1235.313708 -272 416 ) (-1235.313708 102.500000 416 ) (-1235.313708 102.500000 336 ) 
4 199 200 (-1235.313708 -219.313708 336 ) (-1235.313708 102.500000 336 ) (-1100 102.500000 336 ) (-1100 -219.313708 336 ) 
4 200 203 (-1235.313708 102.500000 16 ) (-1235.313708 -219.313708 16 ) (-1235.313708 -219.313708 336 ) (-1235.313708 102.500000 336 ) 
4 200 201 (-1235.313708 -219.313708 312 ) (-1235.313708 -219.313708 40 ) (-1131.313708 -219.313708 40 ) (-1131.313708 -219.313708 312 ) 
4 202 204 (-1259.313708 -272 336 ) (-1259.313708 -272 416 ) (-1259.313708 102.500000 416 ) (-1259.313708 102.500000 336 ) 
4 202 203 (-1259.313708 102.500000 336 ) (-1235.313708 102.500000 336 ) (-1235.313708 -219.313708 336 ) (-1259.313708 -219.313708 336 ) 
4 203 204 (-1259.313708 102.500000 16 ) (-1259.313708 -219.313708 16 ) (-1259.313708 -219.313708 336 ) (-1259.313708 102.500000 336 ) 
4 205 278 (-1372 90.226087 416 ) (-1372 102.500000 416 ) (-1372 102.500000 16 ) (-1372 90.226087 16 ) 
4 206 235 (-2152 1837.875000 640 ) (-2152 1837.875000 816 ) (-2152 2512 816 ) (-2152 2512 640 ) 
4 206 221 (-1652 1837.875000 816 ) (-2152 1837.875000 816 ) (-2152 1837.875000 640 ) (-1652 1837.875000 640 ) 
4 206 219 (-1372 1837.875000 640 ) (-1372 1837.875000 816 ) (-1652 1837.875000 816 ) (-1652 1837.875000 640 ) 
4 206 209 (-2152 2256 640 ) (-2152 2416 640 ) (-2016 2416 640 ) (-2016 2256 640 ) 
4 206 208 (-2152 2416 640 ) (-2152 2512 640 ) (-1952 2512 640 ) (-1952 2416 640 ) 
4 206 210 (-2152 1837.875000 640 ) (-2152 2256 640 ) (-1952 2256 640 ) (-1952 1837.875000 640 ) 
4 206 207 (-1952 2512 640 ) (-1372 2512 640 ) (-1372 1837.875000 640 ) (-1952 1837.875000 640 ) 
4 207 221 (-1652 1837.875000 640 ) (-1952 1837.875000 640 ) (-1952 1837.875000 448 ) (-1652 1837.875000 448 ) 
4 207 219 (-1372 1837.875000 448 ) (-1372 1837.875000 640 ) (-1652 1837.875000 640 ) (-1652 1837.875000 448 ) 
4 207 211 (-1792 1837.875000 448 ) (-1952 1837.875000 448 ) (-1952 2144 448 ) (-1792 2144 448 ) 
4 207 208 (-1952 2512 640 ) (-1952 2512 448 ) (-1952 2416 448 ) (-1952 2416 640 ) 
4 207 210 (-1952 2256 448 ) (-1952 1837.875000 448 ) (-1952 1837.875000 640 ) (-1952 2256 640 ) 
4 208 237 (-2152 2416 640 ) (-2152 2512 640 ) (-2152 2512 448 ) (-2152 2416 448 ) 
4 208 209 (-2152 2416 640 ) (-2152 2416 448 ) (-2016 2416 448 ) (-2016 2416 640 ) 
4 209 237 (-2152 2256 640 ) (-2152 2416 640 ) (-2152 2416 448 ) (-2152 2256 448 ) 
4 209 210 (-2152 2256 448 ) (-2016 2256 448 ) (-2016 2256 640 ) (-2152 2256 640 ) 
4 210 240 (-2152 1837.875000 448 ) (-2152 1837.875000 640 ) (-2152 1983.025065 640 ) (-2152 1983.025065 448 ) 
4 210 237 (-2152 1983.025065 640 ) (-2152 2256 640 ) (-2152 2256 448 ) (-2152 1983.025065 448 ) 
4 210 221 (-1952 1837.875000 640 ) (-2152 1837.875000 640 ) (-2152 1837.875000 448 ) (-1952 1837.875000 448 ) 
4 210 211 (-1952 1837.875000 448 ) (-2152 1837.875000 448 ) (-2152 2144 448 ) (-1952 2144 448 ) 
4 211 212 (-2152 1837.875000 416 ) (-2152 2144 416 ) (-1792 2144 416 ) (-1792 1837.875000 416 ) 
4 212 227 (-1372 1837.875000 96 ) (-1372 1837.875000 416 ) (-2152 1837.875000 416 ) (-2152 1837.875000 96 ) 
4 212 215 (-1372 2376.007736 96 ) (-1372 2025.145592 96 ) (-1488 1958.164213 96 ) (-1640 2221.435935 96 ) 
5 212 214 (-1523.025774 2512 96 ) (-1372 2512 96 ) (-1372 2376.007736 96 ) (-1640 2221.435935 96 ) (-1736.574374 2388.707658 96 ) 
3 212 213 (-1937.083701 2512 96 ) (-1523.025774 2512 96 ) (-1833.569219 2332.707658 96 ) 
5 212 217 (-2152 1837.875000 96 ) (-2152 2512 96 ) (-1937.083701 2512 96 ) (-1584.991678 1902.158727 96 ) (-1696.319816 1837.875000 96 ) 
3 212 218 (-1372 2025.145592 96 ) (-1372 1837.875000 96 ) (-1696.319816 1837.875000 96 ) 
4 213 214 (-1736.574374 2388.707658 16 ) (-1523.025774 2512 16 ) (-1523.025774 2512 96 ) (-1736.574374 2388.707658 96 ) 
4 213 217 (-1937.083701 2512 96 ) (-1937.083701 2512 16 ) (-1833.569219 2332.707658 16 ) (-1833.569219 2332.707658 96 ) 
4 214 215 (-1640 2221.435935 16 ) (-1372 2376.007736 16 ) (-1372 2376.007736 96 ) (-1640 2221.435935 96 ) 
4 215 216 (-1640 2221.435935 72 ) (-1640 2221.435935 40 ) (-1560 2082.871871 40 ) (-1560 2082.871871 72 ) 
4 215 218 (-1372 2025.145592 16 ) (-1372 2025.145592 96 ) (-1488 1958.164213 96 ) (-1488 1958.164213 16 ) 
4 216 217 (-1656.952920 2026.799255 72 ) (-1737.019624 2165.478853 72 ) (-1737.019624 2165.478853 40 ) (-1656.952920 2026.799255 40 ) 
4 217 227 (-1696.319816 1837.875000 96 ) (-2152 1837.875000 96 ) (-2152 1837.875000 16 ) (-1696.319816 1837.875000 16 ) 
4 217 218 (-1584.991678 1902.158727 96 ) (-1696.319816 1837.875000 96 ) (-1696.319816 1837.875000 16 ) (-1584.991678 1902.158727 16 ) 
4 218 227 (-1372 1837.875000 16 ) (-1372 1837.875000 96 ) (-1696.319816 1837.875000 96 ) (-1696.319816 1837.875000 16 ) 
4 219 222 (-1652 1373.990939 448 ) (-1652 1320 448 ) (-1652 1320 816 ) (-1652 1373.990939 816 ) 
4 219 221 (-1652 1837.875000 816 ) (-1652 1837.875000 448 ) (-1652 1373.990939 448 ) (-1652 1373.990939 816 ) 
4 220 258 (-1372 1152 448 ) (-1372 1152 816 ) (-1652 1152 816 ) (-1652 1152 448 ) 
4 220 222 (-1652 1272 448 ) (-1652 1152 448 ) (-1652 1152 816 ) (-1652 1272 816 ) 
4 221 240 (-2152 1837.875000 640 ) (-2152 1837.875000 448 ) (-2152 1386.245555 448 ) (-2152 1386.245555 640 ) 
4 221 235 (-2152 1386.245555 816 ) (-2152 1837.875000 816 ) (-2152 1837.875000 640 ) (-2152 1386.245555 640 ) 
4 221 223 (-1917.940888 1380.508946 816 ) (-2019.274772 1382.992562 816 ) (-2019.274772 1382.992562 448 ) (-1917.940888 1380.508946 448 ) 
4 221 222 (-1652 1373.990939 448 ) (-1652 1373.990939 816 ) (-1917.940888 1380.508946 816 ) (-1917.940888 1380.508946 448 ) 
4 222 259 (-1848.667615 1152 816 ) (-1922.277171 1152 816 ) (-1922.277171 1152 448 ) (-1848.667615 1152 448 ) 
4 222 258 (-1652 1152 816 ) (-1848.667615 1152 816 ) (-1848.667615 1152 448 ) (-1652 1152 448 ) 
4 222 223 (-1917.940888 1380.508946 448 ) (-1920 1272 448 ) (-1920 1272 816 ) (-1917.940888 1380.508946 816 ) 
4 224 241 (-2152 1330.196478 640 ) (-2152 1330.196478 448 ) (-2152 1248 448 ) (-2152 1248 640 ) 
4 224 236 (-2152 1248 816 ) (-2152 1330.196478 816 ) (-2152 1330.196478 640 ) (-2152 1248 640 ) 
5 224 225 (-2014.089111 1248 816 ) (-2152 1248 816 ) (-2152 1248 595.200000 ) (-2088 1248 448 ) (-2014.089111 1248 448 ) 
4 225 243 (-2152 1168 816 ) (-2152 1248 816 ) (-2152 1248 595.200000 ) (-2152 1168 595.200000 ) 
5 225 226 (-1985.288014 1168 816 ) (-2152 1168 816 ) (-2152 1168 595.200000 ) (-2088 1168 448 ) (-1985.288014 1168 448 ) 
4 226 262 (-1985.803220 1152 816 ) (-2152 1152 816 ) (-2152 1152 448 ) (-1985.803220 1152 448 ) 
4 226 246 (-2152 1152 448 ) (-2152 1152 816 ) (-2152 1168 816 ) (-2152 1168 448 ) 
4 228 230 (-1379.314286 1304 336 ) (-1504 1341.947826 336 ) (-1504 1341.947826 112 ) (-1379.314286 1304 112 ) 
4 229 230 (-1672 1393.078261 112 ) (-1537.028571 1352 112 ) (-1537.028571 1352 336 ) (-1672 1393.078261 336 ) 
3 230 265 (-1372 1152 16 ) (-1372 1152 90.666667 ) (-1404 1152 16 ) 
5 230 266 (-1372 1152 90.666667 ) (-1372 1152 416 ) (-1700 1152 416 ) (-1700 1152 16 ) (-1404 1152 16 ) 
4 230 234 (-1700 1152 16 ) (-1700 1152 416 ) (-1700 1401.600000 416 ) (-1700 1401.600000 16 ) 
4 231 234 (-1828.290909 1480 112 ) (-1700 1401.600000 112 ) (-1700 1401.600000 336 ) (-1828.290909 1480 336 ) 
4 232 234 (-1947.296000 1552.725333 112 ) (-1854.472727 1496 112 ) (-1854.472727 1496 336 ) (-1947.296000 1552.725333 336 ) 
4 233 234 (-2096 1643.600000 112 ) (-1985.381818 1576 112 ) (-1985.381818 1576 336 ) (-2096 1643.600000 336 ) 
4 234 266 (-1700 1152 416 ) (-2152 1152 416 ) (-2152 1152 16 ) (-1700 1152 16 ) 
4 235 240 (-2816 1402.519685 640 ) (-2816 1805.106802 640 ) (-2152 1983.025065 640 ) (-2152 1386.245555 640 ) 
5 235 238 (-2816 2406.935064 640 ) (-2816 2512 640 ) (-2421.826171 2512 640 ) (-2288 2012.841651 640 ) (-2682.107353 1907.240904 640 ) 
3 235 239 (-2816 1805.106802 640 ) (-2816 2406.935064 640 ) (-2665.542934 1845.421651 640 ) 
4 235 237 (-2421.826171 2512 640 ) (-2152 2512 640 ) (-2152 1983.025065 640 ) (-2271.426673 1951.024785 640 ) 
4 236 245 (-2536 1248 816 ) (-2816 1248 816 ) (-2816 1248 640 ) (-2612.521739 1248 640 ) 
4 236 244 (-2312.170213 1248 816 ) (-2471.829787 1248 816 ) (-2468.085106 1248 640 ) (-2315.914894 1248 640 ) 
4 236 243 (-2152 1248 640 ) (-2152 1248 816 ) (-2248 1248 816 ) (-2171.478261 1248 640 ) 
4 236 241 (-2152 1248 640 ) (-2816 1248 640 ) (-2816 1348.959009 640 ) (-2152 1330.196478 640 ) 
4 237 240 (-2271.426673 1951.024785 448 ) (-2152 1983.025065 448 ) (-2152 1983.025065 640 ) (-2271.426673 1951.024785 640 ) 
4 237 238 (-2421.826171 2512 448 ) (-2288 2012.841651 448 ) (-2288 2012.841651 640 ) (-2421.826171 2512 640 ) 
4 238 239 (-2816 2406.935064 640 ) (-2816 2406.935064 448 ) (-2682.107353 1907.240904 448 ) (-2682.107353 1907.240904 640 ) 
4 239 240 (-2816 1805.106802 640 ) (-2816 1805.106802 448 ) (-2665.542934 1845.421651 448 ) (-2665.542934 1845.421651 640 ) 
4 241 245 (-2612.521739 1248 640 ) (-2816 1248 640 ) (-2816 1248 448 ) (-2696 1248 448 ) 
4 241 244 (-2315.914894 1248 640 ) (-2468.085106 1248 640 ) (-2464 1248 448 ) (-2320 1248 448 ) 
3 241 243 (-2152 1248 595.200000 ) (-2152 1248 640 ) (-2171.478261 1248 640 ) 
4 242 257 (-2184 1248 16 ) (-2184 1248 48 ) (-2816 1248 48 ) (-2816 1248 16 ) 
4 242 255 (-2288 1248 112 ) (-2736 1248 112 ) (-2736 1248 48 ) (-2288 1248 48 ) 
4 242 256 (-2736 1248 112 ) (-2816 1248 112 ) (-2816 1248 48 ) (-2736 1248 48 ) 
4 242 254 (-2184 1248 48 ) (-2184 1248 112 ) (-2288 1248 112 ) (-2288 1248 48 ) 
4 242 251 (-2656 1248 416 ) (-2688 1248 416 ) (-2688 1248 112 ) (-2656 1248 112 ) 
4 242 253 (-2688 1248 416 ) (-2816 1248 416 ) (-2816 1248 112 ) (-2688 1248 112 ) 
4 242 250 (-2360 1248 416 ) (-2656 1248 416 ) (-2656 1248 112 ) (-2360 1248 112 ) 
4 242 248 (-2328 1248 416 ) (-2360 1248 416 ) (-2360 1248 112 ) (-2328 1248 112 ) 
4 242 247 (-2184 1248 112 ) (-2184 1248 416 ) (-2328 1248 416 ) (-2328 1248 112 ) 
3 243 246 (-2152 1168 595.200000 ) (-2152 1168 816 ) (-2248 1168 816 ) 
4 244 246 (-2312.170213 1168 816 ) (-2471.829787 1168 816 ) (-2464 1168 448 ) (-2320 1168 448 ) 
4 245 246 (-2536 1168 816 ) (-2816 1168 816 ) (-2816 1168 448 ) (-2696 1168 448 ) 
4 246 285 (-2152 1152 448 ) (-2152 1152 816 ) (-2816 1152 816 ) (-2816 1152 448 ) 
4 247 288 (-2184 1152 112 ) (-2184 1152 416 ) (-2328 1152 416 ) (-2328 1152 112 ) 
4 247 255 (-2328 1216 112 ) (-2328 1248 112 ) (-2288 1248 112 ) (-2288 1216 112 ) 
4 247 254 (-2184 1152 112 ) (-2288 1152 112 ) (-2288 1248 112 ) (-2184 1248 112 ) 
4 247 249 (-2328 1164 112 ) (-2328 1152 112 ) (-2328 1152 416 ) (-2328 1164 416 ) 
4 247 248 (-2328 1248 112 ) (-2328 1204 112 ) (-2328 1204 416 ) (-2328 1248 416 ) 
4 248 255 (-2360 1216 112 ) (-2360 1248 112 ) (-2328 1248 112 ) (-2328 1216 112 ) 
4 248 250 (-2360 1248 416 ) (-2360 1248 112 ) (-2360 1204 112 ) (-2360 1204 416 ) 
4 249 288 (-2328 1152 416 ) (-2360 1152 416 ) (-2360 1152 112 ) (-2328 1152 112 ) 
4 249 250 (-2360 1164 112 ) (-2360 1152 112 ) (-2360 1152 416 ) (-2360 1164 416 ) 
4 250 290 (-2632 1152 416 ) (-2656 1152 416 ) (-2656 1152 112 ) (-2632 1152 112 ) 
4 250 288 (-2360 1152 416 ) (-2632 1152 416 ) (-2632 1152 112 ) (-2360 1152 112 ) 
4 250 255 (-2656 1216 112 ) (-2656 1248 112 ) (-2360 1248 112 ) (-2360 1216 112 ) 
4 250 252 (-2656 1164 112 ) (-2656 1152 112 ) (-2656 1152 416 ) (-2656 1164 416 ) 
4 250 251 (-2656 1248 112 ) (-2656 1204 112 ) (-2656 1204 416 ) (-2656 1248 416 ) 
4 251 255 (-2688 1216 112 ) (-2688 1248 112 ) (-2656 1248 112 ) (-2656 1216 112 ) 
4 251 253 (-2688 1248 416 ) (-2688 1248 112 ) (-2688 1204 112 ) (-2688 1204 416 ) 
4 252 290 (-2656 1152 416 ) (-2688 1152 416 ) (-2688 1152 112 ) (-2656 1152 112 ) 
4 252 253 (-2688 1164 112 ) (-2688 1152 112 ) (-2688 1152 416 ) (-2688 1164 416 ) 
4 253 290 (-2688 1152 416 ) (-2816 1152 416 ) (-2816 1152 112 ) (-2688 1152 112 ) 
4 253 255 (-2736 1216 112 ) (-2736 1248 112 ) (-2688 1248 112 ) (-2688 1216 112 ) 
4 253 256 (-2736 1152 112 ) (-2816 1152 112 ) (-2816 1248 112 ) (-2736 1248 112 ) 
4 254 288 (-2184 1152 48 ) (-2184 1152 112 ) (-2288 1152 112 ) (-2288 1152 48 ) 
4 254 257 (-2288 1248 48 ) (-2184 1248 48 ) (-2184 1152 48 ) (-2288 1152 48 ) 
4 254 255 (-2288 1248 112 ) (-2288 1248 48 ) (-2288 1216 48 ) (-2288 1216 112 ) 
4 255 257 (-2736 1248 48 ) (-2288 1248 48 ) (-2288 1216 48 ) (-2736 1216 48 ) 
4 255 256 (-2736 1248 48 ) (-2736 1216 48 ) (-2736 1216 112 ) (-2736 1248 112 ) 
4 256 290 (-2736 1152 112 ) (-2816 1152 112 ) (-2816 1152 48 ) (-2736 1152 48 ) 
4 256 257 (-2816 1248 48 ) (-2736 1248 48 ) (-2736 1152 48 ) (-2816 1152 48 ) 
4 257 290 (-2632 1152 48 ) (-2816 1152 48 ) (-2816 1152 16 ) (-2632 1152 16 ) 
4 257 288 (-2184 1152 16 ) (-2184 1152 48 ) (-2632 1152 48 ) (-2632 1152 16 ) 
4 258 275 (-1372 432 448 ) (-1372 432 768 ) (-1815.146989 432 768 ) (-1815.146989 432 448 ) 
4 258 270 (-1372 432 768 ) (-1372 432 816 ) (-1815.146989 432 816 ) (-1815.146989 432 768 ) 
4 258 264 (-1376 432 448 ) (-1624 432 448 ) (-1624 544 448 ) (-1376 544 448 ) 
4 258 259 (-1815.891892 448 816 ) (-1848.667615 1152 816 ) (-1848.667615 1152 448 ) (-1815.891892 448 448 ) 
4 260 262 (-1994.046512 896 448 ) (-1999.661453 721.624878 448 ) (-1999.661453 721.624878 816 ) (-1994.046512 896 816 ) 
4 260 261 (-1943.906977 448 816 ) (-1999.661453 721.624878 816 ) (-1999.661453 721.624878 448 ) (-1943.906977 448 448 ) 
4 261 276 (-1940.646778 432 816 ) (-2008.987478 432 816 ) (-2008.987478 432 448 ) (-1940.646778 432 448 ) 
4 261 263 (-2006.411449 512 448 ) (-2008.987478 432 448 ) (-2008.987478 432 816 ) (-2006.411449 512 816 ) 
4 261 262 (-1999.661453 721.624878 448 ) (-2006.411449 512 448 ) (-2006.411449 512 816 ) (-1999.661453 721.624878 816 ) 
4 262 285 (-2152 1152 816 ) (-2152 1152 448 ) (-2152 512 448 ) (-2152 512 816 ) 
5 262 263 (-2006.411449 512 448 ) (-2006.411449 512 816 ) (-2152 512 816 ) (-2152 512 595.200000 ) (-2088 512 448 ) 
4 263 286 (-2152 432 595.200000 ) (-2152 432 816 ) (-2152 512 816 ) (-2152 512 595.200000 ) 
5 263 276 (-2008.987478 432 816 ) (-2152 432 816 ) (-2152 432 595.200000 ) (-2088 432 448 ) (-2008.987478 432 448 ) 
4 264 277 (-1376 432 448 ) (-1624 432 448 ) (-1624 432 416 ) (-1376 432 416 ) 
4 264 269 (-1376 544 416 ) (-1376 432 416 ) (-1624 432 416 ) (-1624 544 416 ) 
4 265 266 (-1404 1152 16 ) (-1404 832 16 ) (-1372 832 90.666667 ) (-1372 1152 90.666667 ) 
5 266 267 (-2152 768 416 ) (-2152 768 16 ) (-1404 768 16 ) (-1372 768 90.666667 ) (-1372 768 416 ) 
5 267 268 (-1511.428571 624 16 ) (-1388 624 16 ) (-1372 624 128 ) (-1372 624 416 ) (-1454.285714 624 416 ) 
4 267 269 (-2152 624 16 ) (-1511.428571 624 16 ) (-1454.285714 624 416 ) (-2152 624 416 ) 
5 268 269 (-1511.428571 624 16 ) (-1388 560 16 ) (-1372 560 128 ) (-1372 581.333333 416 ) (-1454.285714 624 416 ) 
4 269 281 (-1700 432 416 ) (-2152 432 416 ) (-2152 432 16 ) (-1700 432 16 ) 
4 269 278 (-1372 432 16 ) (-1372 432 416 ) (-1700 432 416 ) (-1700 432 16 ) 
3 270 274 (-1681.941125 -272 768 ) (-1782.371266 -272 768 ) (-1787.275246 -166.665879 768 ) 
4 270 272 (-1753.941125 -120.804041 768 ) (-1372 261.137085 768 ) (-1372 34.862915 768 ) (-1640.804041 -233.941125 768 ) 
4 270 275 (-1787.832546 -154.695461 768 ) (-1815.146989 432 768 ) (-1372 432 768 ) (-1372 261.137085 768 ) 
3 270 271 (-1372 -272 768 ) (-1678.862915 -272 768 ) (-1372 34.862915 768 ) 
4 271 272 (-1372 34.862915 768 ) (-1372 34.862915 448 ) (-1640.804041 -233.941125 448 ) (-1640.804041 -233.941125 768 ) 
3 272 277 (-1377.137085 256 448 ) (-1376 257.137085 448 ) (-1376 256 448 ) 
4 272 273 (-1663.431458 -211.313708 744 ) (-1736.970563 -137.774603 744 ) (-1736.970563 -137.774603 472 ) (-1663.431458 -211.313708 472 ) 
4 272 275 (-1753.941125 -120.804041 768 ) (-1372 261.137085 768 ) (-1372 261.137085 448 ) (-1753.941125 -120.804041 448 ) 
4 273 274 (-1703.029437 -250.911688 744 ) (-1776.568542 -177.372583 744 ) (-1776.568542 -177.372583 472 ) (-1703.029437 -250.911688 472 ) 
5 275 277 (-1624 432 448 ) (-1376 432 448 ) (-1376 257.137085 448 ) (-1377.137085 256 448 ) (-1624 256 448 ) 
4 276 291 (-2152 432 816 ) (-2152 432 448 ) (-2152 -272 448 ) (-2152 -272 816 ) 
4 277 278 (-1624 432 416 ) (-1376 432 416 ) (-1376 256 416 ) (-1624 256 416 ) 
4 278 281 (-1700 -9.600000 416 ) (-1700 432 416 ) (-1700 432 16 ) (-1700 -9.600000 16 ) 
4 278 280 (-1672 -1.078261 96 ) (-1537.028571 40 96 ) (-1537.028571 40 320 ) (-1672 -1.078261 320 ) 
4 278 279 (-1379.314286 88 320 ) (-1504 50.052174 320 ) (-1504 50.052174 96 ) (-1379.314286 88 96 ) 
4 281 284 (-2096 -251.600000 96 ) (-1985.381818 -184 96 ) (-1985.381818 -184 320 ) (-2096 -251.600000 320 ) 
4 281 283 (-1854.472727 -104 96 ) (-1854.472727 -104 320 ) (-1947.296000 -160.725333 320 ) (-1947.296000 -160.725333 96 ) 
4 281 282 (-1700 -9.600000 96 ) (-1700 -9.600000 320 ) (-1828.290909 -88 320 ) (-1828.290909 -88 96 ) 
3 285 286 (-2152 512 595.200000 ) (-2152 512 816 ) (-2248 512 816 ) 
4 285 287 (-2816 512 816 ) (-2816 512 448 ) (-2648 512 448 ) (-2530.553191 512 816 ) 
3 286 291 (-2152 432 595.200000 ) (-2152 432 816 ) (-2248 432 816 ) 
4 287 291 (-2530.553191 432 816 ) (-2816 432 816 ) (-2816 432 448 ) (-2648 432 448 ) 
4 288 290 (-2632 1152 416 ) (-2632 1152 16 ) (-2632 768 16 ) (-2632 768 416 ) 
4 289 290 (-2632 660 16 ) (-2632 660 416 ) (-2632 736 416 ) (-2632 736 16 ) 
