PRT1
295
790
4 0 27 (-664 1984 448 ) (-664 1984 640 ) (-664 2208 640 ) (-664 2208 448 ) 
4 0 26 (-664 2208 640 ) (-664 2512 640 ) (-664 2512 448 ) (-664 2208 448 ) 
4 0 25 (-664 1984 640 ) (-664 1984 816 ) (-664 2512 816 ) (-664 2512 640 ) 
4 0 11 (-664 1984 816 ) (-664 1984 448 ) (112 1984 448 ) (112 1984 816 ) 
4 0 1 (112 2512 448 ) (112 1984 448 ) (-40 1984 448 ) (-40 2512 448 ) 
4 1 16 (-40 1984 416 ) (112 1984 416 ) (112 1984 448 ) (-40 1984 448 ) 
4 1 3 (112 2432 416 ) (112 1984 416 ) (-40 1984 416 ) (-40 2432 416 ) 
4 1 2 (-40 2512 416 ) (112 2512 416 ) (112 2432 416 ) (-40 2432 416 ) 
4 2 29 (-664 2432 16 ) (-664 2432 416 ) (-664 2512 416 ) (-664 2512 16 ) 
4 2 5 (-664 2432 416 ) (-664 2432 16 ) (-480 2432 16 ) (-480 2432 416 ) 
4 2 4 (-480 2432 16 ) (-40 2432 16 ) (-40 2432 416 ) (-480 2432 416 ) 
4 2 3 (112 2432 24 ) (112 2432 416 ) (-40 2432 416 ) (-40 2432 24 ) 
4 3 16 (112 1984 282.086957 ) (112 1984 416 ) (-40 1984 416 ) (-40 1984 282.086957 ) 
4 3 4 (-40 1984 282.086957 ) (-40 1984 416 ) (-40 2432 416 ) (-40 2432 24 ) 
4 4 17 (-40 1984 16 ) (-40 1984 416 ) (-480 1984 416 ) (-480 1984 16 ) 
4 4 7 (-480 1984 64 ) (-480 1984 104 ) (-480 2288 104 ) (-480 2288 64 ) 
4 4 6 (-480 1984 104 ) (-480 1984 416 ) (-480 2288 416 ) (-480 2288 104 ) 
4 4 5 (-480 2432 416 ) (-480 2432 16 ) (-480 2288 16 ) (-480 2288 416 ) 
4 5 29 (-664 2288 16 ) (-664 2288 416 ) (-664 2432 416 ) (-664 2432 16 ) 
4 5 8 (-664 2288 64 ) (-480 2288 64 ) (-496 2288 104 ) (-632 2288 104 ) 
3 5 10 (-664 2288 104 ) (-664 2288 64 ) (-632 2288 104 ) 
3 5 7 (-480 2288 64 ) (-480 2288 104 ) (-496 2288 104 ) 
4 5 6 (-664 2288 416 ) (-664 2288 104 ) (-480 2288 104 ) (-480 2288 416 ) 
4 6 29 (-664 1984 104 ) (-664 1984 416 ) (-664 2288 416 ) (-664 2288 104 ) 
4 6 17 (-480 1984 104 ) (-480 1984 416 ) (-664 1984 416 ) (-664 1984 104 ) 
4 6 9 (-496 1984 104 ) (-632 1984 104 ) (-632 2000 104 ) (-496 2000 104 ) 
4 6 8 (-632 2264 104 ) (-632 2288 104 ) (-496 2288 104 ) (-496 2264 104 ) 
4 6 10 (-632 1984 104 ) (-664 1984 104 ) (-664 2288 104 ) (-632 2288 104 ) 
4 6 7 (-480 1984 104 ) (-496 1984 104 ) (-496 2288 104 ) (-480 2288 104 ) 
3 7 17 (-480 1984 64 ) (-480 1984 104 ) (-496 1984 104 ) 
3 7 9 (-480 1984 64 ) (-496 1984 104 ) (-496 2000 104 ) 
3 7 8 (-480 2288 64 ) (-496 2264 104 ) (-496 2288 104 ) 
3 8 10 (-632 2264 104 ) (-632 2288 104 ) (-664 2288 64 ) 
4 9 17 (-480 1984 64 ) (-496 1984 104 ) (-632 1984 104 ) (-664 1984 64 ) 
3 9 10 (-664 1984 64 ) (-632 1984 104 ) (-632 2000 104 ) 
4 10 29 (-664 1984 64 ) (-664 1984 104 ) (-664 2288 104 ) (-664 2288 64 ) 
3 10 17 (-632 1984 104 ) (-664 1984 104 ) (-664 1984 64 ) 
4 11 38 (-664 1648 816 ) (-664 1856 816 ) (-664 1856 448 ) (-664 1648 448 ) 
4 11 27 (-664 1984 640 ) (-664 1984 448 ) (-664 1856 448 ) (-664 1856 640 ) 
4 11 25 (-664 1856 816 ) (-664 1984 816 ) (-664 1984 640 ) (-664 1856 640 ) 
4 11 16 (-40 1984 448 ) (112 1984 448 ) (112 1696 448 ) (-40 1696 448 ) 
4 11 14 (-664 1648 640 ) (-664 1648 448 ) (-528 1648 448 ) (-528 1648 640 ) 
4 11 13 (-664 1648 816 ) (-664 1648 640 ) (-464 1648 640 ) (-464 1648 816 ) 
4 11 12 (-464 1648 448 ) (112 1648 448 ) (112 1648 816 ) (-464 1648 816 ) 
4 12 60 (112 1184 816 ) (-464 1184 816 ) (-464 1184 448 ) (112 1184 448 ) 
4 12 13 (-464 1296 640 ) (-464 1296 816 ) (-464 1648 816 ) (-464 1648 640 ) 
4 12 15 (-464 1296 448 ) (-464 1184 448 ) (-464 1184 816 ) (-464 1296 816 ) 
4 13 38 (-664 1296 816 ) (-664 1648 816 ) (-664 1648 640 ) (-664 1296 640 ) 
4 13 14 (-664 1296 640 ) (-664 1648 640 ) (-528 1648 640 ) (-528 1296 640 ) 
4 13 15 (-664 1296 816 ) (-664 1296 640 ) (-464 1296 640 ) (-464 1296 816 ) 
4 14 38 (-664 1648 640 ) (-664 1648 448 ) (-664 1296 448 ) (-664 1296 640 ) 
4 14 15 (-664 1296 640 ) (-664 1296 448 ) (-528 1296 448 ) (-528 1296 640 ) 
4 15 60 (-464 1184 816 ) (-664 1184 816 ) (-664 1184 448 ) (-464 1184 448 ) 
4 15 38 (-664 1184 448 ) (-664 1184 816 ) (-664 1296 816 ) (-664 1296 448 ) 
3 16 17 (-40 1984 416 ) (-40 1984 282.086957 ) (-40 1751.547170 416 ) 
4 17 40 (-664 1856 16 ) (-664 1696 16 ) (-664 1696 416 ) (-664 1856 416 ) 
4 17 29 (-664 1984 416 ) (-664 1984 16 ) (-664 1856 16 ) (-664 1856 416 ) 
4 18 23 (-288 1647.600000 16 ) (112 1647.600000 16 ) (112 1647.600000 320 ) (-288 1647.600000 320 ) 
4 18 19 (112 1647.600000 320 ) (112 1647.600000 416 ) (-288 1647.600000 416 ) (-288 1647.600000 320 ) 
4 19 44 (-664 1417.822222 320 ) (-664 1278.333333 320 ) (-664 1278.333333 416 ) (-664 1417.822222 416 ) 
4 19 24 (-128 1256 416 ) (-664 1278.333333 416 ) (-664 1278.333333 320 ) (-128 1256 320 ) 
5 19 23 (-664 1278.333333 320 ) (-664 1417.822222 320 ) (-288 1647.600000 320 ) (112 1647.600000 320 ) (112 1246 320 ) 
4 20 23 (-288 1647.600000 320 ) (-398.618182 1580 320 ) (-398.618182 1580 96 ) (-288 1647.600000 96 ) 
4 21 23 (-436.704000 1556.725333 320 ) (-529.527273 1500 320 ) (-529.527273 1500 96 ) (-436.704000 1556.725333 96 ) 
4 22 45 (-664 1457.822222 320 ) (-664 1457.822222 96 ) (-664 1417.822222 96 ) (-664 1417.822222 320 ) 
4 22 23 (-555.709091 1484 320 ) (-664 1417.822222 320 ) (-664 1417.822222 96 ) (-555.709091 1484 96 ) 
4 23 46 (-664 1417.822222 16 ) (-664 1278.333333 16 ) (-664 1278.333333 96 ) (-664 1417.822222 96 ) 
4 23 45 (-664 1278.333333 96 ) (-664 1278.333333 320 ) (-664 1417.822222 320 ) (-664 1417.822222 96 ) 
4 23 24 (-664 1278.333333 16 ) (-128 1256 16 ) (-128 1256 320 ) (-664 1278.333333 320 ) 
4 24 64 (-664 1184 416 ) (-664 1184 16 ) (-368 1184 16 ) (-368 1184 416 ) 
4 24 46 (-664 1184 16 ) (-664 1184 96 ) (-664 1278.333333 96 ) (-664 1278.333333 16 ) 
4 24 45 (-664 1184 96 ) (-664 1184 320 ) (-664 1278.333333 320 ) (-664 1278.333333 96 ) 
4 24 44 (-664 1184 320 ) (-664 1184 416 ) (-664 1278.333333 416 ) (-664 1278.333333 320 ) 
4 25 160 (-1332 1856 640 ) (-1332 1856 816 ) (-1332 2512 816 ) (-1332 2512 640 ) 
4 25 38 (-664 1856 640 ) (-664 1856 816 ) (-768.382113 1856 816 ) (-768.382113 1856 640 ) 
4 25 36 (-768.382113 1856 816 ) (-1332 1856 816 ) (-1332 1856 640 ) (-768.382113 1856 640 ) 
4 25 28 (-1332 1856 640 ) (-1332 2512 640 ) (-848 2512 640 ) (-848 1856 640 ) 
4 25 27 (-664 2208 640 ) (-664 1856 640 ) (-784 1856 640 ) (-784 2208 640 ) 
4 25 26 (-848 2512 640 ) (-664 2512 640 ) (-664 2208 640 ) (-848 2208 640 ) 
4 26 28 (-848 2208 640 ) (-848 2512 640 ) (-848 2512 448 ) (-848 2208 448 ) 
4 26 27 (-784 2208 448 ) (-664 2208 448 ) (-664 2208 640 ) (-784 2208 640 ) 
4 27 38 (-664 1856 448 ) (-664 1856 640 ) (-768.382113 1856 640 ) (-768.382113 1856 448 ) 
4 27 37 (-768.382113 1856 640 ) (-784 1856 640 ) (-784 1856 448 ) (-768.382113 1856 448 ) 
4 28 164 (-1332 1856 448 ) (-1332 1856 640 ) (-1332 2144 640 ) (-1332 2144 448 ) 
4 28 161 (-1332 2144 640 ) (-1332 2512 640 ) (-1332 2512 448 ) (-1332 2144 448 ) 
4 28 37 (-848 1856 640 ) (-1332 1856 640 ) (-1332 1856 448 ) (-848 1856 448 ) 
4 29 40 (-664 1856 16 ) (-664 1856 416 ) (-1016 1856 416 ) (-1016 1856 16 ) 
5 29 34 (-1016 1856 120 ) (-1016 1856 416 ) (-1016 1964.235294 416 ) (-1016 2100.210526 159.157895 ) (-1016 2096 152 ) 
3 29 33 (-1016 2100.210526 159.157895 ) (-1016 2176 16 ) (-1016 2016 16 ) 
3 29 32 (-1016 2402.037736 115.874214 ) (-1016 2408 96 ) (-1016 2368 120 ) 
4 29 31 (-1016 1964.235294 416 ) (-1016 2312 416 ) (-1016 2402.037736 115.874214 ) (-1016 2104 152 ) 
4 29 30 (-1016 2312 416 ) (-1016 2512 416 ) (-1016 2512 16 ) (-1016 2432 16 ) 
4 30 35 (-1040 2312 416 ) (-1040 2512 416 ) (-1040 2512 16 ) (-1040 2432 16 ) 
4 30 32 (-1040 2402.037736 115.874214 ) (-1040 2408 96 ) (-1016 2408 96 ) (-1016 2402.037736 115.874214 ) 
4 30 31 (-1040 2312 416 ) (-1040 2402.037736 115.874214 ) (-1016 2402.037736 115.874214 ) (-1016 2312 416 ) 
4 31 35 (-1040 1964.235294 416 ) (-1040 2312 416 ) (-1040 2402.037736 115.874214 ) (-1040 2104 152 ) 
4 31 34 (-1016 2100.210526 159.157895 ) (-1016 1964.235294 416 ) (-1040 1964.235294 416 ) (-1040 2100.210526 159.157895 ) 
4 31 33 (-1016 2104 152 ) (-1016 2100.210526 159.157895 ) (-1040 2100.210526 159.157895 ) (-1040 2104 152 ) 
4 31 32 (-1040 2368 120 ) (-1040 2402.037736 115.874214 ) (-1016 2402.037736 115.874214 ) (-1016 2368 120 ) 
3 32 35 (-1040 2402.037736 115.874214 ) (-1040 2408 96 ) (-1040 2368 120 ) 
3 33 35 (-1040 2100.210526 159.157895 ) (-1040 2176 16 ) (-1040 2016 16 ) 
4 33 34 (-1016 2096 152 ) (-1016 2100.210526 159.157895 ) (-1040 2100.210526 159.157895 ) (-1040 2096 152 ) 
4 34 41 (-1016 1856 416 ) (-1040 1856 416 ) (-1040 1856 120 ) (-1016 1856 120 ) 
5 34 35 (-1040 1856 120 ) (-1040 1856 416 ) (-1040 1964.235294 416 ) (-1040 2100.210526 159.157895 ) (-1040 2096 152 ) 
4 35 166 (-1332 1856 16 ) (-1332 1856 416 ) (-1332 2512 416 ) (-1332 2512 16 ) 
4 35 43 (-1040 1856 16 ) (-1040 1856 416 ) (-1332 1856 416 ) (-1332 1856 16 ) 
4 36 171 (-1332 1704.979042 816 ) (-1332 1840 816 ) (-1332 1840 640 ) (-1332 1704.979042 640 ) 
4 36 160 (-1332 1840 816 ) (-1332 1856 816 ) (-1332 1856 640 ) (-1332 1840 640 ) 
4 36 38 (-1332 1704.979042 816 ) (-1332 1704.979042 640 ) (-768.382113 1856 640 ) (-768.382113 1856 816 ) 
4 36 37 (-1332 1761.408455 640 ) (-1332 1856 640 ) (-768.382113 1856 640 ) (-1317.892647 1708.759096 640 ) 
4 37 173 (-1332 1771.236718 448 ) (-1332 1761.408455 448 ) (-1332 1761.408455 640 ) (-1332 1771.236718 640 ) 
4 37 172 (-1332 1840 448 ) (-1332 1771.236718 448 ) (-1332 1771.236718 640 ) (-1332 1840 640 ) 
4 37 164 (-1332 1856 640 ) (-1332 1856 448 ) (-1332 1840 448 ) (-1332 1840 640 ) 
4 37 38 (-1317.892647 1708.759096 448 ) (-768.382113 1856 448 ) (-768.382113 1856 640 ) (-1317.892647 1708.759096 640 ) 
4 38 175 (-1332 1314 816 ) (-1332 1320 816 ) (-1332 1320 448 ) (-1332 1314 448 ) 
4 38 174 (-1332 1704.979042 640 ) (-1332 1704.979042 448 ) (-1332 1320 448 ) (-1332 1320 640 ) 
4 38 171 (-1332 1320 816 ) (-1332 1704.979042 816 ) (-1332 1704.979042 640 ) (-1332 1320 640 ) 
4 38 80 (-1028 1184 816 ) (-1072 1184 816 ) (-1072 1184 448 ) (-1028 1184 448 ) 
4 38 60 (-664 1184 448 ) (-664 1184 816 ) (-1028 1184 816 ) (-1028 1184 448 ) 
4 39 176 (-1332 1184 448 ) (-1332 1184 816 ) (-1332 1266 816 ) (-1332 1266 448 ) 
4 39 81 (-1168 1184 816 ) (-1332 1184 816 ) (-1332 1184 448 ) (-1168 1184 448 ) 
4 40 42 (-1016 1792 16 ) (-1016 1696 16 ) (-1016 1696 40 ) (-1016 1824 104 ) 
4 40 41 (-1016 1856 416 ) (-1016 1856 120 ) (-1016 1696 40 ) (-1016 1696 416 ) 
4 41 42 (-1016 1824 104 ) (-1016 1696 40 ) (-1040 1696 40 ) (-1040 1824 104 ) 
4 41 43 (-1040 1696 40 ) (-1040 1696 416 ) (-1040 1856 416 ) (-1040 1856 120 ) 
4 42 43 (-1040 1696 16 ) (-1040 1696 40 ) (-1040 1824 104 ) (-1040 1792 16 ) 
4 43 178 (-1332 1696 416 ) (-1332 1840 416 ) (-1332 1840 16 ) (-1332 1696 16 ) 
4 43 166 (-1332 1840 416 ) (-1332 1856 416 ) (-1332 1856 16 ) (-1332 1840 16 ) 
4 44 64 (-664 1184 320 ) (-664 1184 416 ) (-684 1184 416 ) (-684 1184 320 ) 
4 44 47 (-684 1184 320 ) (-684 1184 416 ) (-684 1405.600000 416 ) (-684 1405.600000 320 ) 
4 44 45 (-664 1184 320 ) (-684 1184 320 ) (-684 1405.600000 320 ) (-664 1417.822222 320 ) 
4 45 64 (-664 1184 96 ) (-664 1184 320 ) (-684 1184 320 ) (-684 1184 96 ) 
4 45 47 (-684 1184 96 ) (-684 1184 320 ) (-684 1405.600000 320 ) (-684 1405.600000 96 ) 
4 45 46 (-684 1184 96 ) (-684 1405.600000 96 ) (-664 1417.822222 96 ) (-664 1184 96 ) 
4 46 64 (-664 1184 16 ) (-664 1184 96 ) (-684 1184 96 ) (-684 1184 16 ) 
4 46 53 (-684 1184 16 ) (-684 1184 96 ) (-684 1405.600000 96 ) (-684 1405.600000 16 ) 
4 47 64 (-684 1184 96 ) (-684 1184 416 ) (-712 1184 416 ) (-712 1184 96 ) 
4 47 53 (-684 1184 96 ) (-712 1184 96 ) (-712 1397.078261 96 ) (-684 1405.600000 96 ) 
4 47 49 (-712 1397.078261 96 ) (-712 1184 96 ) (-712 1184 320 ) (-712 1397.078261 320 ) 
4 47 48 (-712 1184 320 ) (-712 1184 416 ) (-712 1397.078261 416 ) (-712 1397.078261 320 ) 
4 48 82 (-1028 1184 416 ) (-1052 1184 416 ) (-1052 1184 320 ) (-1028 1184 320 ) 
4 48 64 (-712 1184 416 ) (-1028 1184 416 ) (-1028 1184 320 ) (-712 1184 320 ) 
4 48 54 (-1052 1292 320 ) (-1052 1184 320 ) (-1052 1184 416 ) (-1052 1292 416 ) 
4 48 52 (-1004.685714 1184 320 ) (-1052 1184 320 ) (-1052 1293.600000 320 ) (-1004.685714 1308 320 ) 
4 48 51 (-880 1184 320 ) (-1004.685714 1184 320 ) (-1004.685714 1308 320 ) (-880 1345.947826 320 ) 
4 48 50 (-846.971429 1184 320 ) (-880 1184 320 ) (-880 1345.947826 320 ) (-846.971429 1356 320 ) 
4 48 49 (-712 1397.078261 320 ) (-712 1184 320 ) (-846.971429 1184 320 ) (-846.971429 1356 320 ) 
4 49 64 (-846.971429 1184 96 ) (-712 1184 96 ) (-712 1184 320 ) (-846.971429 1184 320 ) 
4 49 53 (-712 1184 96 ) (-846.971429 1184 96 ) (-846.971429 1356 96 ) (-712 1397.078261 96 ) 
4 49 50 (-846.971429 1356 96 ) (-846.971429 1184 96 ) (-846.971429 1184 320 ) (-846.971429 1356 320 ) 
4 50 64 (-880 1184 96 ) (-846.971429 1184 96 ) (-846.971429 1184 320 ) (-880 1184 320 ) 
4 50 53 (-846.971429 1184 96 ) (-880 1184 96 ) (-880 1345.947826 96 ) (-846.971429 1356 96 ) 
4 50 51 (-880 1184 96 ) (-880 1184 320 ) (-880 1345.947826 320 ) (-880 1345.947826 96 ) 
4 51 64 (-1004.685714 1184 96 ) (-880 1184 96 ) (-880 1184 320 ) (-1004.685714 1184 320 ) 
4 51 53 (-880 1184 96 ) (-1004.685714 1184 96 ) (-1004.685714 1308 96 ) (-880 1345.947826 96 ) 
4 51 52 (-1004.685714 1308 96 ) (-1004.685714 1184 96 ) (-1004.685714 1184 320 ) (-1004.685714 1308 320 ) 
4 52 82 (-1052 1184 320 ) (-1052 1184 96 ) (-1028 1184 96 ) (-1028 1184 320 ) 
4 52 64 (-1028 1184 96 ) (-1004.685714 1184 96 ) (-1004.685714 1184 320 ) (-1028 1184 320 ) 
4 52 54 (-1052 1292 96 ) (-1052 1184 96 ) (-1052 1184 320 ) (-1052 1292 320 ) 
4 52 53 (-1004.685714 1184 96 ) (-1052 1184 96 ) (-1052 1293.600000 96 ) (-1004.685714 1308 96 ) 
4 53 82 (-1028 1184 96 ) (-1052 1184 96 ) (-1052 1184 16 ) (-1028 1184 16 ) 
4 53 64 (-684 1184 16 ) (-684 1184 96 ) (-1028 1184 96 ) (-1028 1184 16 ) 
4 53 54 (-1052 1292 16 ) (-1052 1184 16 ) (-1052 1184 96 ) (-1052 1292 96 ) 
4 54 82 (-1052 1184 416 ) (-1116 1184 416 ) (-1116 1184 16 ) (-1052 1184 16 ) 
4 54 59 (-1116 1184 16 ) (-1116 1184 416 ) (-1116 1288 416 ) (-1116 1288 16 ) 
4 54 58 (-1116 1288 416 ) (-1116 1292 416 ) (-1116 1292 16 ) (-1116 1288 16 ) 
4 55 58 (-1268 1611.313708 336 ) (-1116 1611.313708 336 ) (-1116 1611.313708 416 ) (-1268 1611.313708 416 ) 
4 55 56 (-1124.686292 1664 336 ) (-1116 1664 336 ) (-1116 1611.313708 336 ) (-1124.686292 1611.313708 336 ) 
4 56 58 (-1124.686292 1611.313708 16 ) (-1116 1611.313708 16 ) (-1116 1611.313708 336 ) (-1124.686292 1611.313708 336 ) 
4 57 58 (-1252.686292 1611.313708 40 ) (-1148.686292 1611.313708 40 ) (-1148.686292 1611.313708 312 ) (-1252.686292 1611.313708 312 ) 
4 58 59 (-1116 1288 16 ) (-1116 1288 416 ) (-1268 1288 416 ) (-1268 1288 16 ) 
4 59 191 (-1332 1184 16 ) (-1332 1184 112 ) (-1332 1288 112 ) (-1332 1288 16 ) 
4 59 181 (-1332 1184 112 ) (-1332 1184 416 ) (-1332 1288 416 ) (-1332 1288 112 ) 
4 59 82 (-1116 1184 16 ) (-1116 1184 416 ) (-1332 1184 416 ) (-1332 1184 16 ) 
4 60 80 (-1028 1184 816 ) (-1028 1184 448 ) (-1028 1162 448 ) (-1028 1162 816 ) 
4 61 81 (-1028 1114 448 ) (-1028 872 448 ) (-1028 872 816 ) (-1028 1114 816 ) 
4 61 62 (-544 872 816 ) (-1028 872 816 ) (-1028 872 448 ) (-544 872 448 ) 
4 62 81 (-1028 824 816 ) (-1028 872 816 ) (-1028 872 448 ) (-1028 824 448 ) 
4 62 63 (-448 824 816 ) (-1028 824 816 ) (-1028 824 448 ) (-448 824 448 ) 
4 63 137 (-1028 560 672 ) (-1028 560 448 ) (-668 560 448 ) (-668 560 672 ) 
4 63 136 (-668 560 816 ) (-1028 560 816 ) (-1028 560 672 ) (-668 560 672 ) 
4 63 125 (-340.565489 560 816 ) (-668 560 816 ) (-668 560 448 ) (-384.148032 560 448 ) 
4 63 124 (112 560 448 ) (112 560 816 ) (-340.565489 560 816 ) (-384.148032 560 448 ) 
4 63 81 (-1028 560 448 ) (-1028 560 816 ) (-1028 824 816 ) (-1028 824 448 ) 
4 64 82 (-1028 905.086750 416 ) (-1028 1184 416 ) (-1028 1184 16 ) (-1028 905.086750 16 ) 
4 64 67 (-1028 905.086750 416 ) (-1028 905.086750 16 ) (-475.963511 905.086750 16 ) (-475.963511 905.086750 416 ) 
3 65 129 (-384.960556 560 393.033493 ) (-384.960556 560 382.406523 ) (-384.675772 560 375.946465 ) 
4 65 66 (-475.963511 905.086750 80.514240 ) (-473.119479 905.086750 16 ) (-384.675772 560 375.946465 ) (-384.960556 560 382.406523 ) 
4 65 67 (-384.960556 560 382.406523 ) (-384.960556 560 393.033493 ) (-475.963511 905.086750 186.641896 ) (-475.963511 905.086750 80.514240 ) 
3 66 128 (-378.676665 560 16 ) (-368.807971 560 16 ) (-384.675772 560 375.946465 ) 
4 66 129 (-384.960556 560 382.406523 ) (-384.960556 560 16 ) (-378.676665 560 16 ) (-384.675772 560 375.946465 ) 
4 66 67 (-475.963511 905.086750 16 ) (-384.960556 560 16 ) (-384.960556 560 382.406523 ) (-475.963511 905.086750 80.514240 ) 
4 67 131 (-384.960556 560 416 ) (-504.571429 560 416 ) (-447.428571 560 16 ) (-384.960556 560 16 ) 
4 67 82 (-1028 831.407407 416 ) (-1028 905.086750 416 ) (-1028 905.086750 16 ) (-1028 861.037037 16 ) 
3 67 73 (-818.136986 752.219178 16 ) (-651.785473 665.962838 16 ) (-848.170148 739.791663 394.003585 ) 
5 67 77 (-651.785473 665.962838 16 ) (-447.428571 560 16 ) (-504.571429 560 416 ) (-849.917808 739.068493 416 ) (-848.170148 739.791663 394.003585 ) 
4 67 71 (-848.571429 768 16 ) (-818.136986 752.219178 16 ) (-849.917808 739.068493 416 ) (-905.714286 768 416 ) 
3 67 69 (-988 832 128 ) (-1028 832 408 ) (-1028 856.347826 79.304348 ) 
5 67 68 (-972 832 16 ) (-848.571429 768 16 ) (-905.714286 768 416 ) (-1028 831.407407 416 ) (-1028 832 408 ) 
4 68 83 (-1028 776 416 ) (-1028 831.407407 416 ) (-1028 832 408 ) (-1028 778.800000 408 ) 
5 68 71 (-848.571429 768 16 ) (-905.714286 768 416 ) (-1028 768 416 ) (-1028 768 408 ) (-972 768 16 ) 
4 68 70 (-988 768 128 ) (-1028 768 408 ) (-1028 824.692308 408 ) (-988 832 128 ) 
3 68 69 (-1028 824.692308 408 ) (-1028 832 408 ) (-988 832 128 ) 
4 69 90 (-1028 850.612245 156.734694 ) (-1028 856.347826 79.304348 ) (-1028 838.153846 128 ) (-1028 832 256 ) 
3 69 87 (-1028 846.281879 215.194631 ) (-1028 850.612245 156.734694 ) (-1028 832 256 ) 
4 69 83 (-1028 832 408 ) (-1028 846.281879 215.194631 ) (-1028 832 256 ) (-1028 824.692308 408 ) 
3 69 70 (-988 832 128 ) (-1028 824.692308 408 ) (-1028 832 256 ) 
3 70 83 (-1028 778.800000 408 ) (-1028 824.692308 408 ) (-1028 832 256 ) 
3 70 71 (-1028 768 408 ) (-1028 768 256 ) (-988 768 128 ) 
4 71 101 (-1028 665.379310 416 ) (-1028 720 416 ) (-1028 725.333333 398.222222 ) (-1028 665.379310 238.344828 ) 
5 71 100 (-1028 725.333333 398.222222 ) (-1028 768 256 ) (-1028 768 16 ) (-1028 665.379310 16 ) (-1028 665.379310 238.344828 ) 
4 71 78 (-1028 665.379310 16 ) (-1012 672 16 ) (-1012 672 256 ) (-1028 665.379310 256 ) 
3 71 76 (-1012 672 16 ) (-956 695.172414 16 ) (-1012 672 146.666667 ) 
3 71 74 (-885.259259 724.444444 395.851852 ) (-1012 672 402.167742 ) (-1012 672 256 ) 
6 71 73 (-956 695.172414 16 ) (-818.136986 752.219178 16 ) (-848.170148 739.791663 394.003585 ) (-885.259259 724.444444 395.851852 ) (-1012 672 256 ) (-1012 672 146.666667 ) 
4 71 77 (-848.170148 739.791663 394.003585 ) (-849.917808 739.068493 416 ) (-1012 672 416 ) (-1012 672 402.167742 ) 
3 71 72 (-1012 672 416 ) (-1028 665.379310 416 ) (-1028 665.379310 393.931034 ) 
3 72 103 (-1028 664.466112 416 ) (-1028 665.379310 416 ) (-1028 665.379310 393.931034 ) 
3 73 79 (-1012 672 256 ) (-1020.132231 647.603306 165.641873 ) (-1022.580645 640.258065 171.354839 ) 
3 73 78 (-1012 672 256 ) (-1012 672 146.666667 ) (-1020.132231 647.603306 165.641873 ) 
5 73 76 (-1022.580645 640.258065 171.354839 ) (-1012 672 146.666667 ) (-956 695.172414 16 ) (-956 624 16 ) (-1004 624 128 ) 
5 73 74 (-844.900000 582 16 ) (-885.259259 724.444444 395.851852 ) (-1012 672 256 ) (-1004 624 128 ) (-956 582 16 ) 
4 73 77 (-651.785473 665.962838 16 ) (-848.170148 739.791663 394.003585 ) (-885.259259 724.444444 395.851852 ) (-844.900000 582 16 ) 
3 74 150 (-956 560 16 ) (-895.500000 560 16 ) (-1004 560 128 ) 
3 74 75 (-1018.616822 652.149533 361.869159 ) (-1012 672 256 ) (-1004 560 128 ) 
6 74 77 (-885.259259 724.444444 395.851852 ) (-1012 672 402.167742 ) (-1018.616822 652.149533 361.869159 ) (-1004 560 128 ) (-895.500000 560 16 ) (-844.900000 582 16 ) 
3 75 104 (-1028 590 224 ) (-1028 624 304.722581 ) (-1028 624 256 ) 
4 75 77 (-1018.616822 652.149533 361.869159 ) (-1028 624 304.722581 ) (-1028 590 224 ) (-1004 560 128 ) 
4 76 79 (-1028 624 78.222222 ) (-1028 624 128 ) (-1022.580645 640.258065 171.354839 ) (-1020.132231 647.603306 165.641873 ) 
5 76 78 (-1012 672 146.666667 ) (-1012 672 16 ) (-1028 624 16 ) (-1028 624 78.222222 ) (-1020.132231 647.603306 165.641873 ) 
3 77 148 (-1028 560 184 ) (-1028 560 152.774194 ) (-1004 560 128 ) 
6 77 150 (-668 560 416 ) (-1028 560 416 ) (-1028 560 184 ) (-1004 560 128 ) (-895.500000 560 16 ) (-668 560 16 ) 
4 77 131 (-504.571429 560 416 ) (-661.333333 560 416 ) (-661.333333 560 16 ) (-447.428571 560 16 ) 
4 77 132 (-661.333333 560 416 ) (-668 560 416 ) (-668 560 16 ) (-661.333333 560 16 ) 
4 77 105 (-1028 560 152.774194 ) (-1028 560 416 ) (-1028 624 416 ) (-1028 624 304.722581 ) 
3 78 102 (-1028 665.379310 256 ) (-1028 665.379310 238.344828 ) (-1028 654.545455 209.454545 ) 
5 78 100 (-1028 665.379310 238.344828 ) (-1028 665.379310 16 ) (-1028 624 16 ) (-1028 624 78.222222 ) (-1028 654.545455 209.454545 ) 
3 78 79 (-1028 624 78.222222 ) (-1012 672 256 ) (-1028 654.545455 209.454545 ) 
3 79 100 (-1028 654.545455 209.454545 ) (-1028 624 78.222222 ) (-1028 624 128 ) 
4 81 236 (-1332 560 448 ) (-1332 560 816 ) (-1332 1152 816 ) (-1332 1152 448 ) 
4 81 176 (-1332 1152 816 ) (-1332 1184 816 ) (-1332 1184 448 ) (-1332 1152 448 ) 
4 81 138 (-1332 560 672 ) (-1332 560 448 ) (-1184 560 448 ) (-1184 560 672 ) 
4 81 137 (-1120 560 448 ) (-1028 560 448 ) (-1028 560 672 ) (-1120 560 672 ) 
4 81 136 (-1332 560 816 ) (-1332 560 672 ) (-1028 560 672 ) (-1028 560 816 ) 
4 82 243 (-1332 989.037037 416 ) (-1332 1152 416 ) (-1332 1152 16 ) (-1332 1018.666667 16 ) 
4 82 191 (-1332 1184 112 ) (-1332 1184 16 ) (-1332 1152 16 ) (-1332 1152 112 ) 
4 82 181 (-1332 1152 416 ) (-1332 1184 416 ) (-1332 1184 112 ) (-1332 1152 112 ) 
3 82 90 (-1028 856.347826 79.304348 ) (-1028 850.612245 156.734694 ) (-1051.085714 870.400000 51.200000 ) 
6 82 87 (-1028 850.612245 156.734694 ) (-1028 846.281879 215.194631 ) (-1064.798069 859.846062 289.664653 ) (-1112.466549 904.834507 16 ) (-1080 888 16 ) (-1051.085714 870.400000 51.200000 ) 
3 82 86 (-1143.887324 921.126761 16 ) (-1112.466549 904.834507 16 ) (-1092.957746 886.422535 128 ) 
6 82 85 (-1064.798069 859.846062 289.664653 ) (-1127.224490 882.857143 416 ) (-1134.769231 886.769231 416 ) (-1196.307692 948.307692 16 ) (-1143.887324 921.126761 16 ) (-1092.957746 886.422535 128 ) 
4 82 84 (-1134.769231 886.769231 416 ) (-1332 989.037037 416 ) (-1332 1018.666667 16 ) (-1196.307692 948.307692 16 ) 
3 82 83 (-1028 846.281879 215.194631 ) (-1028 831.407407 416 ) (-1127.224490 882.857143 416 ) 
4 83 87 (-1064.798069 859.846062 289.664653 ) (-1028 846.281879 215.194631 ) (-1028 832 256 ) (-1079.246377 832 413.681159 ) 
4 83 85 (-1127.224490 882.857143 416 ) (-1064.798069 859.846062 289.664653 ) (-1079.246377 832 413.681159 ) (-1080 832 416 ) 
5 84 243 (-1332 854.909091 416 ) (-1332 989.037037 416 ) (-1332 1018.666667 16 ) (-1332 872.320000 16 ) (-1332 834.112535 175.197772 ) 
4 84 93 (-1232 845.818182 416 ) (-1332 854.909091 416 ) (-1332 834.112535 175.197772 ) (-1232 842.246240 374.640669 ) 
3 84 91 (-1211.262570 843.932961 416 ) (-1232 845.818182 416 ) (-1232 842.246240 374.640669 ) 
6 84 85 (-1211.262570 843.932961 416 ) (-1332 834.112535 175.197772 ) (-1332 857.846154 76.307692 ) (-1304 888 16 ) (-1196.307692 948.307692 16 ) (-1134.769231 886.769231 416 ) 
4 85 244 (-1332 836.965517 128 ) (-1332 832.122968 152.160678 ) (-1332 834.112535 175.197772 ) (-1332 857.846154 76.307692 ) 
4 85 93 (-1232 842.246240 374.640669 ) (-1332 834.112535 175.197772 ) (-1332 832.122968 152.160678 ) (-1232 832 256 ) 
4 85 91 (-1080 832 416 ) (-1211.262570 843.932961 416 ) (-1232 842.246240 374.640669 ) (-1232 832 256 ) 
3 85 88 (-1235.284211 841.852632 203.452632 ) (-1240 856 128 ) (-1199.058824 864.470588 128 ) 
7 85 87 (-1079.246377 832 413.681159 ) (-1081.480720 831.814910 412.298201 ) (-1232 832 256 ) (-1235.284211 841.852632 203.452632 ) (-1199.058824 864.470588 128 ) (-1092.957746 886.422535 128 ) (-1064.798069 859.846062 289.664653 ) 
4 85 86 (-1304 888 16 ) (-1143.887324 921.126761 16 ) (-1092.957746 886.422535 128 ) (-1240 856 128 ) 
4 86 88 (-1193.833333 888 16 ) (-1145.286765 898.044118 16 ) (-1199.058824 864.470588 128 ) (-1240 856 128 ) 
4 86 87 (-1145.286765 898.044118 16 ) (-1112.466549 904.834507 16 ) (-1092.957746 886.422535 128 ) (-1199.058824 864.470588 128 ) 
4 87 90 (-1144 856 128 ) (-1051.085714 870.400000 51.200000 ) (-1028 850.612245 156.734694 ) (-1028 832 256 ) 
4 87 89 (-1232 832 256 ) (-1144 856 128 ) (-1028 832 256 ) (-1130.526316 825.684211 289.684211 ) 
4 87 88 (-1145.286765 898.044118 16 ) (-1080 888 16 ) (-1144 856 128 ) (-1235.284211 841.852632 203.452632 ) 
3 91 96 (-1232 832 256 ) (-1232 824 416 ) (-1232 832 416 ) 
3 91 93 (-1232 845.818182 416 ) (-1232 832 256 ) (-1232 832 416 ) 
3 92 99 (-1080 768 416 ) (-1232 768 416 ) (-1232 768 256 ) 
3 92 98 (-1232 768 256 ) (-1232 768 416 ) (-1232 774.620690 416 ) 
3 93 244 (-1332 834.112535 175.197772 ) (-1332 832.122968 152.160678 ) (-1332 794.039216 342.169935 ) 
5 93 243 (-1332 788.521739 416 ) (-1332 854.909091 416 ) (-1332 834.112535 175.197772 ) (-1332 794.039216 342.169935 ) (-1332 788.521739 369.697990 ) 
4 93 97 (-1324 792 416 ) (-1332 788.521739 416 ) (-1332 788.521739 369.697990 ) (-1324 792 360.602151 ) 
3 93 96 (-1232 832 256 ) (-1232 832 416 ) (-1324 792 416 ) 
4 93 94 (-1332 821.380000 205.760000 ) (-1332 832 152.774194 ) (-1232 832 256 ) (-1294.545409 804.806344 327.112873 ) 
3 93 95 (-1332 788.521739 369.697990 ) (-1332 821.380000 205.760000 ) (-1294.545409 804.806344 327.112873 ) 
3 94 247 (-1332 802 224 ) (-1332 821.380000 205.760000 ) (-1332 832 152.774194 ) 
4 94 95 (-1324 792 256 ) (-1294.545409 804.806344 327.112873 ) (-1332 821.380000 205.760000 ) (-1332 802 224 ) 
3 95 248 (-1332 788.521739 236.685422 ) (-1332 788.521739 256 ) (-1332 802 224 ) 
5 95 247 (-1332 788.521739 256 ) (-1332 788.521739 365.159420 ) (-1332 794.039216 342.169935 ) (-1332 821.380000 205.760000 ) (-1332 802 224 ) 
3 95 243 (-1332 788.521739 365.159420 ) (-1332 788.521739 369.697990 ) (-1332 794.039216 342.169935 ) 
4 95 97 (-1324 792 360.602151 ) (-1332 788.521739 369.697990 ) (-1332 788.521739 236.685422 ) (-1324 792 256 ) 
4 97 248 (-1332 788.521739 256 ) (-1332 788.521739 236.685422 ) (-1332 768 256 ) (-1332 768 304.722581 ) 
5 97 247 (-1332 768 416 ) (-1332 776.320000 416 ) (-1332 788.521739 365.159420 ) (-1332 788.521739 256 ) (-1332 768 304.722581 ) 
3 97 243 (-1332 776.320000 416 ) (-1332 788.521739 416 ) (-1332 788.521739 365.159420 ) 
3 98 99 (-1232 768 416 ) (-1246.060606 768 416 ) (-1232 768 256 ) 
3 99 252 (-1332 726.620690 416 ) (-1332 727.533888 416 ) (-1332 726.620690 393.931034 ) 
3 99 253 (-1332 720 416 ) (-1332 726.620690 416 ) (-1332 726.620690 393.931034 ) 
5 99 110 (-1128 720 416 ) (-1258 720 416 ) (-1232 768 256 ) (-1144 768 256 ) (-1128 761.379310 278.068966 ) 
4 99 109 (-1258 720 416 ) (-1332 720 416 ) (-1332 726.620690 393.931034 ) (-1232 768 256 ) 
4 99 101 (-1028 720 416 ) (-1128 720 416 ) (-1128 725.333333 398.222222 ) (-1040.888889 725.333333 398.222222 ) 
3 99 100 (-1128 725.333333 398.222222 ) (-1128 761.379310 278.068966 ) (-1040.888889 725.333333 398.222222 ) 
5 100 110 (-1128 768 16 ) (-1128 624 16 ) (-1128 624 128 ) (-1128 725.333333 398.222222 ) (-1128 768 256 ) 
4 100 102 (-1128 624 128 ) (-1056 624 128 ) (-1028 654.545455 209.454545 ) (-1028 665.379310 238.344828 ) 
4 100 101 (-1028 725.333333 398.222222 ) (-1128 725.333333 398.222222 ) (-1128 624 128 ) (-1028 665.379310 238.344828 ) 
3 101 111 (-1128 624 416 ) (-1128 672 416 ) (-1128 624 256 ) 
5 101 110 (-1128 672 416 ) (-1128 720 416 ) (-1128 725.333333 398.222222 ) (-1128 624 128 ) (-1128 624 256 ) 
4 101 103 (-1128 624 416 ) (-1128 624 256 ) (-1028 665.379310 393.931034 ) (-1028 665.379310 416 ) 
4 101 102 (-1128 624 256 ) (-1128 624 128 ) (-1028 665.379310 238.344828 ) (-1028 665.379310 256 ) 
3 103 112 (-1128 617.379310 416 ) (-1128 624 416 ) (-1128 624 256 ) 
3 104 105 (-1028 590 224 ) (-1028 624 304.722581 ) (-1036 600 256 ) 
5 105 148 (-1028 560 152.774194 ) (-1028 560 184 ) (-1040 560 212 ) (-1049.333333 560 212 ) (-1049.333333 560 174.795699 ) 
3 105 149 (-1040 560 212 ) (-1049.333333 560 233.777778 ) (-1049.333333 560 212 ) 
4 105 150 (-1028 560 184 ) (-1028 560 416 ) (-1049.333333 560 416 ) (-1049.333333 560 233.777778 ) 
3 105 106 (-1036 600 256 ) (-1039.407652 589.777045 235.246302 ) (-1036 600 416 ) 
4 105 107 (-1039.407652 589.777045 235.246302 ) (-1049.333333 560 174.795699 ) (-1049.333333 560 416 ) (-1036 600 416 ) 
3 106 107 (-1036 600 416 ) (-1128 560 256 ) (-1039.407652 589.777045 235.246302 ) 
3 107 148 (-1085.375000 560 212 ) (-1049.333333 560 174.795699 ) (-1049.333333 560 212 ) 
6 107 149 (-1127.428571 560 416 ) (-1128 560 416 ) (-1128 560 256 ) (-1085.375000 560 212 ) (-1049.333333 560 212 ) (-1049.333333 560 233.777778 ) 
3 107 150 (-1049.333333 560 416 ) (-1127.428571 560 416 ) (-1049.333333 560 233.777778 ) 
3 107 113 (-1128 560 256 ) (-1128 560 416 ) (-1128 568 416 ) 
3 108 245 (-1332 768 128 ) (-1332 768 78.222222 ) (-1332 737.454545 209.454545 ) 
3 108 110 (-1332 737.454545 209.454545 ) (-1332 768 78.222222 ) (-1304 768 128 ) 
4 109 253 (-1332 689.379310 416 ) (-1332 720 416 ) (-1332 726.620690 393.931034 ) (-1332 726.620690 256 ) 
4 109 110 (-1332 689.379310 416 ) (-1332 726.620690 256 ) (-1232 768 256 ) (-1258 720 416 ) 
4 110 246 (-1332 726.620690 256 ) (-1332 768 78.222222 ) (-1332 768 16 ) (-1332 726.620690 16 ) 
6 110 253 (-1332 672 416 ) (-1332 689.379310 416 ) (-1332 726.620690 256 ) (-1332 726.620690 16 ) (-1332 624 16 ) (-1332 624 256 ) 
4 110 111 (-1216 624 256 ) (-1128 624 256 ) (-1128 672 416 ) (-1332 672 416 ) 
3 111 112 (-1128 624 256 ) (-1128 624 416 ) (-1280 624 416 ) 
3 113 149 (-1128 560 416 ) (-1280 560 416 ) (-1128 560 256 ) 
3 114 149 (-1128 560 256 ) (-1280 560 416 ) (-1280.753623 560 413.681159 ) 
4 114 147 (-1332 560 256 ) (-1216 560 224 ) (-1128 560 256 ) (-1280.753623 560 413.681159 ) 
3 115 257 (-1332 560 256 ) (-1332 560 416 ) (-1332 616 416 ) 
3 115 149 (-1280.753623 560 413.681159 ) (-1280 560 416 ) (-1283 560 416 ) 
5 115 147 (-1332 560 408 ) (-1332 560 256 ) (-1280.753623 560 413.681159 ) (-1283 560 416 ) (-1330.857143 560 416 ) 
3 115 151 (-1332 560 416 ) (-1332 560 408 ) (-1330.857143 560 416 ) 
4 116 126 (59.670297 -143.074869 768 ) (-69.254834 -272 768 ) (-69.254834 -272 816 ) (63.274239 -139.470927 816 ) 
4 116 124 (112 -90.745166 816 ) (112 -90.745166 768 ) (59.670297 -143.074869 768 ) (63.274239 -139.470927 816 ) 
3 116 122 (40.804041 -272 768 ) (9.941125 -272 768 ) (25.372583 -256.568542 768 ) 
4 116 118 (112 -169.941125 768 ) (112 -272 768 ) (40.804041 -272 768 ) (25.372583 -256.568542 768 ) 
3 116 117 (112 -90.745166 768 ) (112 -150.862915 768 ) (81.941125 -120.804041 768 ) 
3 116 123 (6.862915 -272 768 ) (-69.254834 -272 768 ) (-31.195959 -233.941125 768 ) 
4 117 124 (112 -90.745166 768 ) (112 -90.745166 448 ) (81.941125 -120.804041 448 ) (81.941125 -120.804041 768 ) 
4 118 122 (25.372583 -256.568542 744 ) (40.804041 -272 744 ) (40.804041 -272 768 ) (25.372583 -256.568542 768 ) 
3 118 119 (98.911688 -183.029437 744 ) (112 -169.941125 744 ) (112 -196.117749 744 ) 
5 118 120 (112 -272 744 ) (40.804041 -272 744 ) (25.372583 -256.568542 744 ) (98.911688 -183.029437 744 ) (112 -196.117749 744 ) 
3 119 121 (112 -169.941125 472 ) (112 -196.117749 472 ) (98.911688 -183.029437 472 ) 
4 119 120 (98.911688 -183.029437 472 ) (112 -196.117749 472 ) (112 -196.117749 744 ) (98.911688 -183.029437 744 ) 
4 120 126 (-14.225397 -216.970563 472 ) (-14.225397 -216.970563 744 ) (57.868326 -144.876840 744 ) (37.445985 -165.299181 472 ) 
4 120 124 (57.868326 -144.876840 744 ) (59.313708 -143.431458 744 ) (59.313708 -143.431458 472 ) (37.445985 -165.299181 472 ) 
4 120 122 (25.372583 -256.568542 472 ) (40.804041 -272 472 ) (40.804041 -272 744 ) (25.372583 -256.568542 744 ) 
5 120 121 (112 -196.117749 472 ) (112 -272 472 ) (40.804041 -272 472 ) (25.372583 -256.568542 472 ) (98.911688 -183.029437 472 ) 
4 121 122 (25.372583 -256.568542 448 ) (40.804041 -272 448 ) (40.804041 -272 472 ) (25.372583 -256.568542 472 ) 
4 123 126 (-31.195959 -233.941125 448 ) (-69.254834 -272 448 ) (-69.254834 -272 768 ) (-31.195959 -233.941125 768 ) 
4 124 125 (-269.508763 436.926141 816 ) (-340.565489 560 816 ) (-384.148032 560 448 ) (-283.323876 385.367439 448 ) 
4 124 126 (35.644014 -167.101152 448 ) (63.274239 -139.470927 816 ) (-215.108763 342.702577 816 ) (-266.667466 356.517690 448 ) 
4 125 137 (-668 560 672 ) (-668 560 448 ) (-668 437.820389 448 ) (-668 391.871672 672 ) 
4 125 136 (-668 560 816 ) (-668 560 672 ) (-668 391.871672 672 ) (-668 362.333210 816 ) 
4 125 127 (-668 437.820389 448 ) (-549.118175 231.911029 448 ) (-600.676878 245.726141 816 ) (-668 362.333210 816 ) 
4 126 127 (-532.461765 203.061280 448 ) (-258.185007 -272 448 ) (-301.767550 -272 816 ) (-546.276878 151.502577 816 ) 
4 127 137 (-668 437.820389 448 ) (-668 -272 448 ) (-668 -272 672 ) (-668 391.871672 672 ) 
4 127 136 (-668 -272 672 ) (-668 -272 816 ) (-668 362.333210 816 ) (-668 391.871672 672 ) 
4 128 129 (-374.834078 521.600000 416 ) (-384.675772 560 375.946465 ) (-378.676665 560 16 ) (-354.000650 469.835748 16 ) 
3 128 130 (-354.000650 469.835748 16 ) (-304 345.599954 16 ) (-374.834078 521.600000 416 ) 
3 129 130 (-374.834189 521.600421 16 ) (-354.000650 469.835748 16 ) (-374.834078 521.600000 416 ) 
4 129 131 (-384.960556 560 16 ) (-374.834189 521.600421 16 ) (-374.834078 521.600000 416 ) (-384.960556 560 393.033493 ) 
4 130 131 (-374.834189 521.600421 16 ) (-333.011420 363.006852 16 ) (-333.011420 363.006852 416 ) (-374.834078 521.600000 416 ) 
4 130 132 (-333.011420 363.006852 16 ) (-304 345.599954 16 ) (-304 345.600000 416 ) (-333.011420 363.006852 416 ) 
4 131 132 (-661.333333 560 416 ) (-661.333333 560 16 ) (-333.011420 363.006852 16 ) (-333.011420 363.006852 416 ) 
4 132 158 (-668 104 16 ) (-668 -9.600000 16 ) (-668 -9.600000 112 ) (-668 104 112 ) 
4 132 153 (-668 -9.600000 112 ) (-668 -9.600000 336 ) (-668 104 336 ) (-668 104 112 ) 
4 132 152 (-668 -9.600000 336 ) (-668 -9.600000 416 ) (-668 104 416 ) (-668 104 336 ) 
4 132 150 (-668 560 416 ) (-668 560 16 ) (-668 186.666667 16 ) (-668 216.296296 416 ) 
4 132 151 (-668 186.666667 16 ) (-668 104 16 ) (-668 104 416 ) (-668 216.296296 416 ) 
4 132 135 (-668 -9.600000 336 ) (-668 -9.600000 112 ) (-539.709091 -88 112 ) (-539.709091 -88 336 ) 
4 132 134 (-420.704000 -160.725333 336 ) (-513.527273 -104 336 ) (-513.527273 -104 112 ) (-420.704000 -160.725333 112 ) 
4 132 133 (-272 -251.600000 336 ) (-382.618182 -184 336 ) (-382.618182 -184 112 ) (-272 -251.600000 112 ) 
4 136 258 (-1332 432 672 ) (-1332 144 672 ) (-1332 144 816 ) (-1332 432 816 ) 
4 136 260 (-1332 144 672 ) (-1332 -272 672 ) (-1332 -272 816 ) (-1332 144 816 ) 
4 136 236 (-1332 560 816 ) (-1332 560 672 ) (-1332 432 672 ) (-1332 432 816 ) 
4 136 140 (-1332 -272 672 ) (-1332 312 672 ) (-1184 312 672 ) (-1184 -272 672 ) 
4 136 138 (-1332 312 672 ) (-1332 560 672 ) (-1184 560 672 ) (-1184 312 672 ) 
4 136 137 (-1120 560 672 ) (-668 560 672 ) (-668 -272 672 ) (-1120 -272 672 ) 
4 137 142 (-1120 2.666667 512 ) (-1120 272 512 ) (-1120 264 480 ) (-1120 9.333333 480 ) 
4 137 141 (-1120 -10.666667 576 ) (-1120 288 576 ) (-1120 280 544 ) (-1120 -4 544 ) 
4 137 139 (-1120 -24 640 ) (-1120 304 640 ) (-1120 296 608 ) (-1120 -17.333333 608 ) 
4 138 258 (-1332 432 448 ) (-1332 256 448 ) (-1332 312 672 ) (-1332 432 672 ) 
4 138 236 (-1332 560 672 ) (-1332 560 448 ) (-1332 432 448 ) (-1332 432 672 ) 
4 138 143 (-1332 288 576 ) (-1332 256 448 ) (-1184 256 448 ) (-1184 288 576 ) 
4 138 140 (-1332 312 672 ) (-1332 288 576 ) (-1184 288 576 ) (-1184 312 672 ) 
4 139 140 (-1184 -24 640 ) (-1184 304 640 ) (-1184 296 608 ) (-1184 -17.333333 608 ) 
4 140 258 (-1332 144 672 ) (-1332 312 672 ) (-1332 288 576 ) (-1332 144 576 ) 
4 140 260 (-1332 -272 576 ) (-1332 -272 672 ) (-1332 144 672 ) (-1332 144 576 ) 
4 140 143 (-1184 -272 576 ) (-1332 -272 576 ) (-1332 288 576 ) (-1184 288 576 ) 
4 141 143 (-1184 -10.666667 576 ) (-1184 288 576 ) (-1184 280 544 ) (-1184 -4 544 ) 
4 142 143 (-1184 2.666667 512 ) (-1184 272 512 ) (-1184 264 480 ) (-1184 9.333333 480 ) 
4 143 258 (-1332 144 576 ) (-1332 288 576 ) (-1332 256 448 ) (-1332 144 448 ) 
4 143 260 (-1332 -272 448 ) (-1332 -272 576 ) (-1332 144 576 ) (-1332 144 448 ) 
4 144 256 (-1332 535.652174 79.304348 ) (-1332 540.400000 143.400000 ) (-1332 557.456647 203.098266 ) (-1332 553.846154 128 ) 
4 144 146 (-1332 557.456647 203.098266 ) (-1332 540.400000 143.400000 ) (-1280 504 16 ) (-1216 536 128 ) 
3 144 151 (-1332 540.400000 143.400000 ) (-1332 535.652174 79.304348 ) (-1280 504 16 ) 
4 145 149 (-1167.947368 503.631579 16 ) (-1166.166667 504 16 ) (-1120 536 128 ) (-1128 560 256 ) 
4 145 147 (-1216 536 128 ) (-1172 504 16 ) (-1167.947368 503.631579 16 ) (-1128 560 256 ) 
4 146 256 (-1332 560 256 ) (-1332 557.456647 203.098266 ) (-1332 540.400000 143.400000 ) (-1332 544 192 ) 
5 146 147 (-1332 560 256 ) (-1332 544 192 ) (-1279.295652 503.634783 16 ) (-1274 504 16 ) (-1216 536 128 ) 
4 146 151 (-1332 544 192 ) (-1332 540.400000 143.400000 ) (-1280 504 16 ) (-1279.295652 503.634783 16 ) 
3 147 256 (-1332 560 256 ) (-1332 544 192 ) (-1332 548.740741 256 ) 
3 147 257 (-1332 560 408 ) (-1332 560 256 ) (-1332 548.740741 256 ) 
5 147 149 (-1317.207746 552.922535 416 ) (-1247.533451 487.165493 16 ) (-1167.947368 503.631579 16 ) (-1128 560 256 ) (-1283 560 416 ) 
6 147 151 (-1317.207746 552.922535 416 ) (-1330.857143 560 416 ) (-1332 560 408 ) (-1332 544 192 ) (-1279.295652 503.634783 16 ) (-1247.533451 487.165493 16 ) 
4 148 149 (-1085.375000 560 212 ) (-1120 536 128 ) (-1056 504 16 ) (-1040 560 212 ) 
3 148 150 (-1056 504 16 ) (-1004 560 128 ) (-1040 560 212 ) 
4 149 151 (-1225.230769 505.230769 416 ) (-1317.207746 552.922535 416 ) (-1247.533451 487.165493 16 ) (-1163.692308 443.692308 16 ) 
5 149 150 (-1163.692308 443.692308 16 ) (-1056 504 16 ) (-1040 560 212 ) (-1127.428571 560 416 ) (-1225.230769 505.230769 416 ) 
4 150 151 (-668 186.666667 16 ) (-668 216.296296 416 ) (-1225.230769 505.230769 416 ) (-1163.692308 443.692308 16 ) 
4 151 268 (-1332 104 16 ) (-1332 104 96 ) (-1332 432 96 ) (-1332 432 16 ) 
4 151 263 (-1332 104 96 ) (-1332 104 320 ) (-1332 432 320 ) (-1332 432 96 ) 
4 151 262 (-1332 104 320 ) (-1332 104 416 ) (-1332 432 416 ) (-1332 432 320 ) 
5 151 256 (-1332 548.740741 256 ) (-1332 535.652174 79.304348 ) (-1332 512 16 ) (-1332 432 16 ) (-1332 432 256 ) 
3 151 254 (-1332 535.652174 79.304348 ) (-1332 530.962963 16 ) (-1332 512 16 ) 
5 151 257 (-1332 432 416 ) (-1332 560 416 ) (-1332 560 408 ) (-1332 548.740741 256 ) (-1332 432 256 ) 
4 151 159 (-1100 104 416 ) (-1268 104 416 ) (-1268 104 16 ) (-1100 104 16 ) 
4 151 158 (-668 104 16 ) (-668 104 112 ) (-1036 104 112 ) (-1036 104 16 ) 
4 151 157 (-988.685714 104 336 ) (-1036 104 336 ) (-1036 104 112 ) (-988.685714 104 112 ) 
4 151 156 (-864 104 336 ) (-988.685714 104 336 ) (-988.685714 104 112 ) (-864 104 112 ) 
4 151 155 (-830.971429 104 336 ) (-864 104 336 ) (-864 104 112 ) (-830.971429 104 112 ) 
4 151 154 (-696 104 336 ) (-830.971429 104 336 ) (-830.971429 104 112 ) (-696 104 112 ) 
4 151 153 (-668 104 112 ) (-668 104 336 ) (-696 104 336 ) (-696 104 112 ) 
4 151 152 (-668 104 336 ) (-668 104 416 ) (-1036 104 416 ) (-1036 104 336 ) 
4 152 157 (-1036 102.400000 336 ) (-1036 104 336 ) (-988.685714 104 336 ) (-988.685714 88 336 ) 
4 152 156 (-988.685714 104 336 ) (-864 104 336 ) (-864 50.052174 336 ) (-988.685714 88 336 ) 
4 152 155 (-864 104 336 ) (-830.971429 104 336 ) (-830.971429 40 336 ) (-864 50.052174 336 ) 
4 152 154 (-830.971429 104 336 ) (-696 104 336 ) (-696 -1.078261 336 ) (-830.971429 40 336 ) 
4 152 153 (-696 104 336 ) (-668 104 336 ) (-668 -9.600000 336 ) (-696 -1.078261 336 ) 
4 153 158 (-696 104 112 ) (-668 104 112 ) (-668 -9.600000 112 ) (-696 -1.078261 112 ) 
4 153 154 (-696 -1.078261 336 ) (-696 104 336 ) (-696 104 112 ) (-696 -1.078261 112 ) 
4 154 158 (-830.971429 104 112 ) (-696 104 112 ) (-696 -1.078261 112 ) (-830.971429 40 112 ) 
4 154 155 (-830.971429 104 336 ) (-830.971429 104 112 ) (-830.971429 40 112 ) (-830.971429 40 336 ) 
4 155 158 (-864 104 112 ) (-830.971429 104 112 ) (-830.971429 40 112 ) (-864 50.052174 112 ) 
4 155 156 (-864 50.052174 336 ) (-864 104 336 ) (-864 104 112 ) (-864 50.052174 112 ) 
4 156 158 (-988.685714 104 112 ) (-864 104 112 ) (-864 50.052174 112 ) (-988.685714 88 112 ) 
4 156 157 (-988.685714 104 336 ) (-988.685714 104 112 ) (-988.685714 88 112 ) (-988.685714 88 336 ) 
4 157 158 (-1036 102.400000 112 ) (-1036 104 112 ) (-988.685714 104 112 ) (-988.685714 88 112 ) 
4 160 192 (-2016 1840 640 ) (-2016 1840 816 ) (-2016 2512 816 ) (-2016 2512 640 ) 
4 160 171 (-1332 1840 640 ) (-1332 1840 816 ) (-2016 1840 816 ) (-2016 1840 640 ) 
4 160 164 (-1792 2144 640 ) (-1332 2144 640 ) (-1332 1840 640 ) (-1792 1840 640 ) 
4 160 165 (-2016 1840 640 ) (-2016 2144 640 ) (-1792 2144 640 ) (-1792 1840 640 ) 
4 160 163 (-2016 2144 640 ) (-2016 2256 640 ) (-1952 2256 640 ) (-1952 2144 640 ) 
4 160 162 (-2016 2416 640 ) (-2016 2512 640 ) (-1952 2512 640 ) (-1952 2416 640 ) 
4 160 161 (-1952 2512 640 ) (-1332 2512 640 ) (-1332 2144 640 ) (-1952 2144 640 ) 
4 161 164 (-1332 2144 448 ) (-1332 2144 640 ) (-1792 2144 640 ) (-1792 2144 448 ) 
4 161 165 (-1792 2144 640 ) (-1952 2144 640 ) (-1952 2144 448 ) (-1792 2144 448 ) 
4 161 163 (-1952 2256 448 ) (-1952 2144 448 ) (-1952 2144 640 ) (-1952 2256 640 ) 
4 161 162 (-1952 2512 640 ) (-1952 2512 448 ) (-1952 2416 448 ) (-1952 2416 640 ) 
4 162 192 (-2016 2416 640 ) (-2016 2512 640 ) (-2016 2512 448 ) (-2016 2416 448 ) 
4 163 192 (-2016 2144 640 ) (-2016 2256 640 ) (-2016 2256 448 ) (-2016 2144 448 ) 
4 163 165 (-1952 2144 640 ) (-2016 2144 640 ) (-2016 2144 448 ) (-1952 2144 448 ) 
4 164 172 (-1332 1840 448 ) (-1332 1840 640 ) (-1792 1840 640 ) (-1792 1840 448 ) 
4 164 165 (-1792 2144 640 ) (-1792 2144 448 ) (-1792 1840 448 ) (-1792 1840 640 ) 
4 165 193 (-2016 1840 416 ) (-2016 1840 448 ) (-2016 2144 448 ) (-2016 2144 416 ) 
4 165 192 (-2016 1840 448 ) (-2016 1840 640 ) (-2016 2144 640 ) (-2016 2144 448 ) 
4 165 172 (-1792 1840 640 ) (-2016 1840 640 ) (-2016 1840 448 ) (-1792 1840 448 ) 
4 165 167 (-2016 1840 416 ) (-2016 2144 416 ) (-1792 2144 416 ) (-1792 1840 416 ) 
4 166 178 (-1332 1840 16 ) (-1332 1840 416 ) (-1680 1840 416 ) (-1680 1840 16 ) 
4 166 169 (-1680 1840 16 ) (-1680 1840 200 ) (-1680 1968 200 ) (-1680 1920 16 ) 
4 166 168 (-1680 2384 200 ) (-1680 2512 200 ) (-1680 2512 16 ) (-1680 2432 16 ) 
4 166 167 (-1680 1840 200 ) (-1680 1840 416 ) (-1680 2512 416 ) (-1680 2512 200 ) 
4 167 195 (-2016 1840 200 ) (-2016 1840 336 ) (-2016 2512 336 ) (-2016 2512 200 ) 
4 167 194 (-2016 1840 336 ) (-2016 1840 416 ) (-2016 2512 416 ) (-2016 2512 336 ) 
4 167 178 (-1680 1840 200 ) (-1680 1840 416 ) (-2016 1840 416 ) (-2016 1840 200 ) 
4 167 170 (-2016 2512 200 ) (-1728 2512 200 ) (-1728 1840 200 ) (-2016 1840 200 ) 
4 167 169 (-1680 1968 200 ) (-1680 1840 200 ) (-1728 1840 200 ) (-1728 1968 200 ) 
4 167 168 (-1728 2512 200 ) (-1680 2512 200 ) (-1680 2384 200 ) (-1728 2384 200 ) 
4 168 170 (-1728 2512 200 ) (-1728 2512 16 ) (-1728 2432 16 ) (-1728 2384 200 ) 
4 169 178 (-1680 1840 16 ) (-1680 1840 200 ) (-1728 1840 200 ) (-1728 1840 16 ) 
4 169 170 (-1728 1920 16 ) (-1728 1840 16 ) (-1728 1840 200 ) (-1728 1968 200 ) 
4 170 195 (-2016 1840 16 ) (-2016 1840 200 ) (-2016 2512 200 ) (-2016 2512 16 ) 
4 170 178 (-1728 1840 16 ) (-1728 1840 200 ) (-2016 1840 200 ) (-2016 1840 16 ) 
4 171 208 (-2016 1320 816 ) (-2016 1840 816 ) (-2016 1840 640 ) (-2016 1320 640 ) 
4 171 177 (-2016 1320 816 ) (-2016 1320 640 ) (-1856 1320 640 ) (-1856 1320 816 ) 
4 171 175 (-1344 1320 640 ) (-1332 1320 640 ) (-1332 1320 816 ) (-1344 1320 816 ) 
4 171 174 (-2016 1320 640 ) (-2016 1521.701795 640 ) (-1332 1704.979042 640 ) (-1332 1320 640 ) 
3 171 173 (-1334.457066 1770.578349 640 ) (-1332 1771.236718 640 ) (-1332 1761.408455 640 ) 
4 171 172 (-2016 1587.959470 640 ) (-2016 1840 640 ) (-1332 1840 640 ) (-1332 1771.236718 640 ) 
4 172 209 (-2016 1840 640 ) (-2016 1840 448 ) (-2016 1587.959470 448 ) (-2016 1587.959470 640 ) 
4 172 173 (-1334.457066 1770.578349 448 ) (-1332 1771.236718 448 ) (-1332 1771.236718 640 ) (-1334.457066 1770.578349 640 ) 
4 174 211 (-2016 1521.701795 448 ) (-2016 1320 448 ) (-2016 1320 640 ) (-2016 1521.701795 640 ) 
4 174 177 (-2016 1320 640 ) (-2016 1320 448 ) (-1856 1320 448 ) (-1856 1320 640 ) 
4 174 175 (-1344 1320 448 ) (-1332 1320 448 ) (-1332 1320 640 ) (-1344 1320 640 ) 
4 176 237 (-1768.386913 1152 816 ) (-1878.702703 1152 816 ) (-1878.702703 1152 448 ) (-1768.386913 1152 448 ) 
4 176 236 (-1332 1152 448 ) (-1332 1152 816 ) (-1768.386913 1152 816 ) (-1768.386913 1152 448 ) 
4 177 239 (-1910.697674 1152 816 ) (-2016 1152 816 ) (-2016 1152 448 ) (-1910.697674 1152 448 ) 
4 177 212 (-2016 1168 816 ) (-2016 1248 816 ) (-2016 1248 448 ) (-2016 1168 448 ) 
4 177 215 (-2016 1152 448 ) (-2016 1152 816 ) (-2016 1168 816 ) (-2016 1168 448 ) 
4 177 211 (-2016 1320 640 ) (-2016 1320 448 ) (-2016 1248 448 ) (-2016 1248 640 ) 
4 177 208 (-2016 1248 816 ) (-2016 1320 816 ) (-2016 1320 640 ) (-2016 1248 640 ) 
4 178 216 (-2016 1696 16 ) (-2016 1696 416 ) (-2016 1840 416 ) (-2016 1840 16 ) 
4 179 181 (-1504 1341.947826 112 ) (-1379.314286 1304 112 ) (-1379.314286 1304 336 ) (-1504 1341.947826 336 ) 
4 180 181 (-1672 1393.078261 336 ) (-1672 1393.078261 112 ) (-1537.028571 1352 112 ) (-1537.028571 1352 336 ) 
4 181 243 (-1332 1152 112 ) (-1332 1152 416 ) (-1672 1152 416 ) (-1672 1152 112 ) 
4 181 191 (-1332 1289.600000 112 ) (-1332 1152 112 ) (-1672 1152 112 ) (-1672 1393.078261 112 ) 
4 181 182 (-1672 1152 112 ) (-1672 1152 416 ) (-1672 1393.078261 416 ) (-1672 1393.078261 112 ) 
4 182 243 (-1672 1152 416 ) (-1700 1152 416 ) (-1700 1152 112 ) (-1672 1152 112 ) 
4 182 191 (-1672 1393.078261 112 ) (-1672 1152 112 ) (-1700 1152 112 ) (-1700 1401.600000 112 ) 
4 182 184 (-1700 1152 112 ) (-1700 1152 336 ) (-1700 1401.600000 336 ) (-1700 1401.600000 112 ) 
4 182 183 (-1700 1152 336 ) (-1700 1152 416 ) (-1700 1401.600000 416 ) (-1700 1401.600000 336 ) 
4 183 243 (-1700 1152 416 ) (-1947.296000 1152 416 ) (-1947.296000 1152 336 ) (-1700 1152 336 ) 
4 183 187 (-1947.296000 1552.725333 336 ) (-1947.296000 1152 336 ) (-1947.296000 1152 416 ) (-1947.296000 1552.725333 416 ) 
4 183 186 (-1947.296000 1152 336 ) (-1947.296000 1552.725333 336 ) (-1854.472727 1496 336 ) (-1854.472727 1152 336 ) 
4 183 185 (-1854.472727 1496 336 ) (-1828.290909 1480 336 ) (-1828.290909 1152 336 ) (-1854.472727 1152 336 ) 
4 183 184 (-1828.290909 1480 336 ) (-1700 1401.600000 336 ) (-1700 1152 336 ) (-1828.290909 1152 336 ) 
4 184 243 (-1828.290909 1152 112 ) (-1700 1152 112 ) (-1700 1152 336 ) (-1828.290909 1152 336 ) 
3 184 190 (-1700 1401.600000 112 ) (-1828.290909 1440.645059 112 ) (-1828.290909 1480 112 ) 
4 184 191 (-1700 1401.600000 112 ) (-1700 1152 112 ) (-1828.290909 1152 112 ) (-1828.290909 1440.645059 112 ) 
4 184 185 (-1828.290909 1152 112 ) (-1828.290909 1152 336 ) (-1828.290909 1480 336 ) (-1828.290909 1480 112 ) 
4 185 243 (-1854.472727 1152 112 ) (-1828.290909 1152 112 ) (-1828.290909 1152 336 ) (-1854.472727 1152 336 ) 
4 185 190 (-1828.290909 1480 112 ) (-1828.290909 1440.645059 112 ) (-1854.472727 1448.613439 112 ) (-1854.472727 1496 112 ) 
4 185 191 (-1828.290909 1440.645059 112 ) (-1828.290909 1152 112 ) (-1854.472727 1152 112 ) (-1854.472727 1448.613439 112 ) 
4 185 186 (-1854.472727 1496 112 ) (-1854.472727 1152 112 ) (-1854.472727 1152 336 ) (-1854.472727 1496 336 ) 
4 186 243 (-1947.296000 1152 336 ) (-1947.296000 1152 112 ) (-1854.472727 1152 112 ) (-1854.472727 1152 336 ) 
4 186 190 (-1854.472727 1496 112 ) (-1854.472727 1448.613439 112 ) (-1947.296000 1476.864000 112 ) (-1947.296000 1552.725333 112 ) 
4 186 191 (-1854.472727 1448.613439 112 ) (-1854.472727 1152 112 ) (-1947.296000 1152 112 ) (-1947.296000 1476.864000 112 ) 
4 186 187 (-1947.296000 1552.725333 112 ) (-1947.296000 1152 112 ) (-1947.296000 1152 336 ) (-1947.296000 1552.725333 336 ) 
4 187 243 (-1947.296000 1152 416 ) (-1985.381818 1152 416 ) (-1985.381818 1152 112 ) (-1947.296000 1152 112 ) 
4 187 190 (-1947.296000 1552.725333 112 ) (-1947.296000 1476.864000 112 ) (-1985.381818 1488.455336 112 ) (-1985.381818 1576 112 ) 
4 187 191 (-1947.296000 1476.864000 112 ) (-1947.296000 1152 112 ) (-1985.381818 1152 112 ) (-1985.381818 1488.455336 112 ) 
4 187 189 (-1985.381818 1152 112 ) (-1985.381818 1152 336 ) (-1985.381818 1576 336 ) (-1985.381818 1576 112 ) 
4 187 188 (-1985.381818 1152 336 ) (-1985.381818 1152 416 ) (-1985.381818 1576 416 ) (-1985.381818 1576 336 ) 
4 188 243 (-1985.381818 1152 416 ) (-2016 1152 416 ) (-2016 1152 336 ) (-1985.381818 1152 336 ) 
4 188 218 (-2016 1152 336 ) (-2016 1152 416 ) (-2016 1594.711111 416 ) (-2016 1594.711111 336 ) 
4 188 189 (-2016 1152 336 ) (-2016 1594.711111 336 ) (-1985.381818 1576 336 ) (-1985.381818 1152 336 ) 
4 189 243 (-2016 1152 336 ) (-2016 1152 112 ) (-1985.381818 1152 112 ) (-1985.381818 1152 336 ) 
4 189 219 (-2016 1152 112 ) (-2016 1152 336 ) (-2016 1618.711111 336 ) (-2016 1618.711111 112 ) 
4 189 190 (-2016 1497.773913 112 ) (-2016 1594.711111 112 ) (-1985.381818 1576 112 ) (-1985.381818 1488.455336 112 ) 
4 189 191 (-2016 1152 112 ) (-2016 1497.773913 112 ) (-1985.381818 1488.455336 112 ) (-1985.381818 1152 112 ) 
4 190 220 (-2016 1497.773913 112 ) (-2016 1594.711111 112 ) (-2016 1594.711111 16 ) (-2016 1497.773913 16 ) 
4 190 191 (-2016 1497.773913 112 ) (-2016 1497.773913 16 ) (-1700 1401.600000 16 ) (-1700 1401.600000 112 ) 
4 191 243 (-1332 1152 16 ) (-1332 1152 112 ) (-2016 1152 112 ) (-2016 1152 16 ) 
4 191 220 (-2016 1152 16 ) (-2016 1152 112 ) (-2016 1497.773913 112 ) (-2016 1497.773913 16 ) 
4 192 209 (-2016 1840 448 ) (-2016 1840 640 ) (-2214.408323 1840 640 ) (-2214.408323 1840 448 ) 
4 192 210 (-2214.408323 1840 640 ) (-2816 1840 640 ) (-2816 1840 448 ) (-2214.408323 1840 448 ) 
4 192 208 (-2016 1840 640 ) (-2016 1840 816 ) (-2816 1840 816 ) (-2816 1840 640 ) 
4 192 193 (-2016 1840 448 ) (-2336 1840 448 ) (-2336 2144 448 ) (-2016 2144 448 ) 
4 193 194 (-2016 2144 416 ) (-2016 1840 416 ) (-2336 1840 416 ) (-2336 2144 416 ) 
4 194 221 (-2152 1840 416 ) (-2816 1840 416 ) (-2816 1840 336 ) (-2152 1840 336 ) 
4 194 216 (-2016 1840 336 ) (-2016 1840 416 ) (-2152 1840 416 ) (-2152 1840 336 ) 
4 194 204 (-2187.535101 1840 336 ) (-2816 1840 336 ) (-2816 2006.099166 336 ) (-2416.574374 2236.707658 336 ) 
4 194 197 (-2656.804041 2473.941125 336 ) (-2418.473888 2235.610973 336 ) (-2561.925964 2152.788879 336 ) (-2769.941125 2360.804041 336 ) 
4 194 202 (-2816 2006.099166 336 ) (-2816 2393.941125 336 ) (-2809.539105 2400.402020 336 ) (-2561.925964 2152.788879 336 ) 
4 194 196 (-2694.862915 2512 336 ) (-2575.514482 2512 336 ) (-2416.574374 2236.707658 336 ) (-2418.473888 2235.610973 336 ) 
3 194 203 (-2816 2393.941125 336 ) (-2816 2512 336 ) (-2697.941125 2512 336 ) 
4 194 195 (-2016 1840 336 ) (-2187.535101 1840 336 ) (-2575.514482 2512 336 ) (-2016 2512 336 ) 
4 195 222 (-2187.535101 1840 96 ) (-2187.535101 1840 16 ) (-2152 1840 16 ) (-2152 1840 96 ) 
4 195 221 (-2152 1840 336 ) (-2187.535101 1840 336 ) (-2187.535101 1840 96 ) (-2152 1840 96 ) 
4 195 216 (-2016 1840 16 ) (-2016 1840 336 ) (-2152 1840 336 ) (-2152 1840 16 ) 
4 195 205 (-2240 1930.871871 72 ) (-2320 2069.435935 72 ) (-2320 2069.435935 40 ) (-2240 1930.871871 40 ) 
4 195 204 (-2187.535101 1840 96 ) (-2187.535101 1840 336 ) (-2416.574374 2236.707658 336 ) (-2416.574374 2236.707658 96 ) 
4 195 196 (-2575.514482 2512 336 ) (-2575.514482 2512 16 ) (-2416.574374 2236.707658 16 ) (-2416.574374 2236.707658 336 ) 
4 196 204 (-2416.574374 2236.707658 96 ) (-2416.574374 2236.707658 336 ) (-2418.473888 2235.610973 336 ) (-2418.473888 2235.610973 96 ) 
4 196 201 (-2656.804041 2473.941125 16 ) (-2418.473888 2235.610973 16 ) (-2418.473888 2235.610973 40 ) (-2656.804041 2473.941125 40 ) 
4 196 198 (-2656.804041 2473.941125 40 ) (-2418.473888 2235.610973 40 ) (-2418.473888 2235.610973 312 ) (-2656.804041 2473.941125 312 ) 
4 196 197 (-2656.804041 2473.941125 312 ) (-2418.473888 2235.610973 312 ) (-2418.473888 2235.610973 336 ) (-2656.804041 2473.941125 336 ) 
4 197 204 (-2418.473888 2235.610973 312 ) (-2418.473888 2235.610973 336 ) (-2561.925964 2152.788879 336 ) (-2561.925964 2152.788879 312 ) 
4 197 200 (-2561.925964 2152.788879 312 ) (-2769.941125 2360.804041 312 ) (-2747.313708 2383.431458 312 ) (-2533.235549 2169.353298 312 ) 
4 197 199 (-2747.313708 2383.431458 312 ) (-2673.774603 2456.970563 312 ) (-2439.991700 2223.187659 312 ) (-2533.235549 2169.353298 312 ) 
4 197 198 (-2673.774603 2456.970563 312 ) (-2656.804041 2473.941125 312 ) (-2418.473888 2235.610973 312 ) (-2439.991700 2223.187659 312 ) 
4 197 202 (-2769.941125 2360.804041 312 ) (-2561.925964 2152.788879 312 ) (-2561.925964 2152.788879 336 ) (-2769.941125 2360.804041 336 ) 
4 198 204 (-2418.473888 2235.610973 96 ) (-2418.473888 2235.610973 312 ) (-2439.991700 2223.187659 312 ) (-2439.991700 2223.187659 96 ) 
4 198 201 (-2656.804041 2473.941125 40 ) (-2418.473888 2235.610973 40 ) (-2439.991700 2223.187659 40 ) (-2673.774603 2456.970563 40 ) 
4 198 199 (-2673.774603 2456.970563 40 ) (-2439.991700 2223.187659 40 ) (-2439.991700 2223.187659 312 ) (-2673.774603 2456.970563 312 ) 
4 199 206 (-2533.235549 2169.353298 96 ) (-2533.235549 2169.353298 40 ) (-2513.569219 2180.707658 40 ) (-2513.569219 2180.707658 96 ) 
4 199 204 (-2439.991700 2223.187659 312 ) (-2533.235549 2169.353298 312 ) (-2533.235549 2169.353298 96 ) (-2439.991700 2223.187659 96 ) 
4 199 201 (-2439.991700 2223.187659 40 ) (-2533.235549 2169.353298 40 ) (-2747.313708 2383.431458 40 ) (-2673.774603 2456.970563 40 ) 
4 199 200 (-2747.313708 2383.431458 40 ) (-2533.235549 2169.353298 40 ) (-2533.235549 2169.353298 312 ) (-2747.313708 2383.431458 312 ) 
4 199 203 (-2786.911688 2423.029437 312 ) (-2713.372583 2496.568542 312 ) (-2713.372583 2496.568542 40 ) (-2786.911688 2423.029437 40 ) 
4 200 206 (-2561.925964 2152.788879 96 ) (-2561.925964 2152.788879 40 ) (-2533.235549 2169.353298 40 ) (-2533.235549 2169.353298 96 ) 
4 200 204 (-2533.235549 2169.353298 312 ) (-2561.925964 2152.788879 312 ) (-2561.925964 2152.788879 96 ) (-2533.235549 2169.353298 96 ) 
4 200 201 (-2533.235549 2169.353298 40 ) (-2561.925964 2152.788879 40 ) (-2769.941125 2360.804041 40 ) (-2747.313708 2383.431458 40 ) 
4 200 202 (-2769.941125 2360.804041 40 ) (-2561.925964 2152.788879 40 ) (-2561.925964 2152.788879 312 ) (-2769.941125 2360.804041 312 ) 
4 201 207 (-2561.925964 2152.788879 16 ) (-2513.569219 2180.707658 16 ) (-2513.569219 2180.707658 40 ) (-2561.925964 2152.788879 40 ) 
4 201 202 (-2769.941125 2360.804041 16 ) (-2561.925964 2152.788879 16 ) (-2561.925964 2152.788879 40 ) (-2769.941125 2360.804041 40 ) 
4 202 207 (-2816 2006.099166 40 ) (-2816 2006.099166 16 ) (-2561.925964 2152.788879 16 ) (-2561.925964 2152.788879 40 ) 
4 202 206 (-2816 2006.099166 96 ) (-2816 2006.099166 40 ) (-2561.925964 2152.788879 40 ) (-2561.925964 2152.788879 96 ) 
4 202 204 (-2816 2006.099166 336 ) (-2816 2006.099166 96 ) (-2561.925964 2152.788879 96 ) (-2561.925964 2152.788879 336 ) 
4 202 203 (-2809.539105 2400.402020 16 ) (-2816 2393.941125 16 ) (-2816 2393.941125 336 ) (-2809.539105 2400.402020 336 ) 
4 204 221 (-2187.535101 1840 96 ) (-2187.535101 1840 336 ) (-2816 1840 336 ) (-2816 1840 96 ) 
4 204 206 (-2816 1840 96 ) (-2816 2006.099166 96 ) (-2513.569219 2180.707658 96 ) (-2316.861561 1840 96 ) 
4 205 206 (-2336.952920 1874.799255 72 ) (-2417.019624 2013.478853 72 ) (-2417.019624 2013.478853 40 ) (-2336.952920 1874.799255 40 ) 
4 206 223 (-2316.861561 1840 96 ) (-2816 1840 96 ) (-2816 1840 40 ) (-2316.861561 1840 40 ) 
4 206 207 (-2316.861561 1840 40 ) (-2816 1840 40 ) (-2816 2006.099166 40 ) (-2513.569219 2180.707658 40 ) 
4 207 223 (-2316.861561 1840 40 ) (-2816 1840 40 ) (-2816 1840 16 ) (-2316.861561 1840 16 ) 
4 208 214 (-2536 1248 816 ) (-2816 1248 816 ) (-2816 1248 640 ) (-2612.521739 1248 640 ) 
4 208 213 (-2312.170213 1248 816 ) (-2471.829787 1248 816 ) (-2468.085106 1248 640 ) (-2315.914894 1248 640 ) 
4 208 212 (-2016 1248 640 ) (-2016 1248 816 ) (-2248 1248 816 ) (-2171.478261 1248 640 ) 
4 208 209 (-2214.408323 1840 640 ) (-2016 1840 640 ) (-2016 1587.959470 640 ) (-2138.107353 1555.240904 640 ) 
4 208 210 (-2816 1307.342441 640 ) (-2816 1840 640 ) (-2214.408323 1840 640 ) (-2121.542934 1493.421651 640 ) 
4 208 211 (-2816 1248 640 ) (-2816 1307.342441 640 ) (-2016 1521.701795 640 ) (-2016 1248 640 ) 
4 209 210 (-2214.408323 1840 448 ) (-2138.107353 1555.240904 448 ) (-2138.107353 1555.240904 640 ) (-2214.408323 1840 640 ) 
4 210 211 (-2816 1307.342441 640 ) (-2816 1307.342441 448 ) (-2121.542934 1493.421651 448 ) (-2121.542934 1493.421651 640 ) 
4 211 214 (-2612.521739 1248 640 ) (-2816 1248 640 ) (-2816 1248 448 ) (-2696 1248 448 ) 
4 211 213 (-2315.914894 1248 640 ) (-2468.085106 1248 640 ) (-2464 1248 448 ) (-2320 1248 448 ) 
4 211 212 (-2016 1248 448 ) (-2016 1248 640 ) (-2171.478261 1248 640 ) (-2088 1248 448 ) 
4 212 215 (-2088 1168 448 ) (-2016 1168 448 ) (-2016 1168 816 ) (-2248 1168 816 ) 
4 213 215 (-2464 1168 448 ) (-2320 1168 448 ) (-2312.170213 1168 816 ) (-2471.829787 1168 816 ) 
4 214 215 (-2816 1168 816 ) (-2816 1168 448 ) (-2696 1168 448 ) (-2536 1168 816 ) 
4 215 277 (-2152 1152 816 ) (-2816 1152 816 ) (-2816 1152 448 ) (-2152 1152 448 ) 
4 215 240 (-2022.697674 1152 816 ) (-2152 1152 816 ) (-2152 1152 448 ) (-2022.697674 1152 448 ) 
4 215 239 (-2016 1152 448 ) (-2016 1152 816 ) (-2022.697674 1152 816 ) (-2022.697674 1152 448 ) 
4 216 222 (-2152 1840 96 ) (-2152 1840 16 ) (-2152 1815.403024 16 ) (-2152 1815.403024 96 ) 
4 216 224 (-2152 1815.403024 16 ) (-2152 1696 16 ) (-2152 1696 96 ) (-2152 1815.403024 96 ) 
4 216 221 (-2152 1696 416 ) (-2152 1840 416 ) (-2152 1840 96 ) (-2152 1696 96 ) 
4 217 220 (-2152 1643.600000 16 ) (-2096 1643.600000 16 ) (-2096 1643.600000 112 ) (-2152 1643.600000 112 ) 
4 217 219 (-2096 1643.600000 112 ) (-2096 1643.600000 336 ) (-2152 1643.600000 336 ) (-2152 1643.600000 112 ) 
4 217 218 (-2096 1643.600000 336 ) (-2096 1643.600000 416 ) (-2152 1643.600000 416 ) (-2152 1643.600000 336 ) 
4 218 243 (-2016 1152 336 ) (-2016 1152 416 ) (-2152 1152 416 ) (-2152 1152 336 ) 
5 218 219 (-2016 1152 336 ) (-2152 1152 336 ) (-2152 1643.600000 336 ) (-2096 1643.600000 336 ) (-2016 1594.711111 336 ) 
4 219 243 (-2016 1152 112 ) (-2016 1152 336 ) (-2152 1152 336 ) (-2152 1152 112 ) 
5 219 220 (-2152 1152 112 ) (-2152 1643.600000 112 ) (-2096 1643.600000 112 ) (-2016 1594.711111 112 ) (-2016 1152 112 ) 
4 220 243 (-2016 1152 16 ) (-2016 1152 112 ) (-2152 1152 112 ) (-2152 1152 16 ) 
4 221 226 (-2288 1696 416 ) (-2816 1696 416 ) (-2816 1696 96 ) (-2288 1696 96 ) 
4 221 225 (-2184 1696 416 ) (-2288 1696 416 ) (-2288 1696 96 ) (-2184 1696 96 ) 
4 221 222 (-2187.535101 1840 96 ) (-2152 1840 96 ) (-2152 1815.403024 96 ) (-2168 1806.164213 96 ) 
5 221 223 (-2816 1696 96 ) (-2816 1840 96 ) (-2316.861561 1840 96 ) (-2264.991678 1750.158727 96 ) (-2358.785092 1696 96 ) 
3 221 224 (-2152 1815.403024 96 ) (-2152 1696 96 ) (-2358.785092 1696 96 ) 
4 222 224 (-2168 1806.164213 16 ) (-2152 1815.403024 16 ) (-2152 1815.403024 96 ) (-2168 1806.164213 96 ) 
4 223 226 (-2816 1696 16 ) (-2358.785092 1696 16 ) (-2358.785092 1696 96 ) (-2816 1696 96 ) 
4 223 224 (-2358.785092 1696 96 ) (-2358.785092 1696 16 ) (-2264.991678 1750.158727 16 ) (-2264.991678 1750.158727 96 ) 
4 224 226 (-2358.785092 1696 16 ) (-2288 1696 16 ) (-2288 1696 96 ) (-2358.785092 1696 96 ) 
4 224 225 (-2288 1696 16 ) (-2184 1696 16 ) (-2184 1696 96 ) (-2288 1696 96 ) 
4 225 280 (-2184 1152 416 ) (-2288 1152 416 ) (-2288 1152 16 ) (-2184 1152 16 ) 
4 225 234 (-2288 1216 16 ) (-2288 1152 16 ) (-2288 1152 48 ) (-2288 1216 48 ) 
4 225 227 (-2288 1152 112 ) (-2288 1152 416 ) (-2288 1216 416 ) (-2288 1216 112 ) 
4 225 226 (-2288 1696 416 ) (-2288 1696 16 ) (-2288 1216 16 ) (-2288 1216 416 ) 
4 226 234 (-2736 1216 16 ) (-2288 1216 16 ) (-2288 1216 48 ) (-2736 1216 48 ) 
4 226 231 (-2656 1216 416 ) (-2688 1216 416 ) (-2688 1216 112 ) (-2656 1216 112 ) 
4 226 233 (-2688 1216 416 ) (-2736 1216 416 ) (-2736 1216 112 ) (-2688 1216 112 ) 
4 226 228 (-2328 1216 416 ) (-2360 1216 416 ) (-2360 1216 112 ) (-2328 1216 112 ) 
4 226 227 (-2288 1216 112 ) (-2288 1216 416 ) (-2328 1216 416 ) (-2328 1216 112 ) 
4 226 230 (-2360 1216 416 ) (-2656 1216 416 ) (-2656 1216 112 ) (-2360 1216 112 ) 
4 226 235 (-2816 1216 16 ) (-2736 1216 16 ) (-2736 1216 416 ) (-2816 1216 416 ) 
4 227 280 (-2288 1152 416 ) (-2328 1152 416 ) (-2328 1152 112 ) (-2288 1152 112 ) 
4 227 228 (-2328 1204 416 ) (-2328 1216 416 ) (-2328 1216 112 ) (-2328 1204 112 ) 
4 227 229 (-2328 1152 112 ) (-2328 1152 416 ) (-2328 1164 416 ) (-2328 1164 112 ) 
4 228 230 (-2360 1216 416 ) (-2360 1216 112 ) (-2360 1204 112 ) (-2360 1204 416 ) 
4 229 280 (-2328 1152 416 ) (-2360 1152 416 ) (-2360 1152 112 ) (-2328 1152 112 ) 
4 229 230 (-2360 1164 112 ) (-2360 1152 112 ) (-2360 1152 416 ) (-2360 1164 416 ) 
4 230 282 (-2632 1152 416 ) (-2656 1152 416 ) (-2656 1152 112 ) (-2632 1152 112 ) 
4 230 280 (-2360 1152 416 ) (-2632 1152 416 ) (-2632 1152 112 ) (-2360 1152 112 ) 
4 230 232 (-2656 1152 112 ) (-2656 1152 416 ) (-2656 1164 416 ) (-2656 1164 112 ) 
4 230 231 (-2656 1204 416 ) (-2656 1216 416 ) (-2656 1216 112 ) (-2656 1204 112 ) 
4 231 233 (-2688 1216 416 ) (-2688 1216 112 ) (-2688 1204 112 ) (-2688 1204 416 ) 
4 232 282 (-2656 1152 416 ) (-2688 1152 416 ) (-2688 1152 112 ) (-2656 1152 112 ) 
4 232 233 (-2688 1164 112 ) (-2688 1152 112 ) (-2688 1152 416 ) (-2688 1164 416 ) 
4 233 282 (-2688 1152 416 ) (-2736 1152 416 ) (-2736 1152 112 ) (-2688 1152 112 ) 
4 233 235 (-2736 1152 112 ) (-2736 1152 416 ) (-2736 1216 416 ) (-2736 1216 112 ) 
4 234 282 (-2736 1152 48 ) (-2736 1152 16 ) (-2632 1152 16 ) (-2632 1152 48 ) 
4 234 280 (-2632 1152 16 ) (-2288 1152 16 ) (-2288 1152 48 ) (-2632 1152 48 ) 
4 234 235 (-2736 1216 16 ) (-2736 1152 16 ) (-2736 1152 48 ) (-2736 1216 48 ) 
4 235 282 (-2736 1152 416 ) (-2816 1152 416 ) (-2816 1152 16 ) (-2736 1152 16 ) 
4 236 258 (-1332 432 448 ) (-1332 432 816 ) (-1816.971550 432 816 ) (-1816.971550 432 448 ) 
4 236 242 (-1376 432 448 ) (-1624 432 448 ) (-1624 544 448 ) (-1376 544 448 ) 
4 236 237 (-1815.891892 448 816 ) (-1768.386913 1152 816 ) (-1768.386913 1152 448 ) (-1815.891892 448 448 ) 
4 238 259 (-1940.011016 432 816 ) (-1942.116279 432 816 ) (-1942.116279 432 448 ) (-1940.011016 432 448 ) 
4 238 241 (-1943.906977 448 448 ) (-1942.116279 432 448 ) (-1942.116279 432 816 ) (-1943.906977 448 816 ) 
4 239 240 (-2022.697674 1152 816 ) (-2022.697674 1152 448 ) (-1994.046512 896 448 ) (-1994.046512 896 816 ) 
4 240 277 (-2152 1152 816 ) (-2152 1152 448 ) (-2152 512 448 ) (-2152 512 816 ) 
5 240 241 (-1951.069767 512 448 ) (-1951.069767 512 816 ) (-2152 512 816 ) (-2152 512 595.200000 ) (-2088 512 448 ) 
4 241 278 (-2152 432 595.200000 ) (-2152 432 816 ) (-2152 512 816 ) (-2152 512 595.200000 ) 
5 241 259 (-1942.116279 432 816 ) (-2152 432 816 ) (-2152 432 595.200000 ) (-2088 432 448 ) (-1942.116279 432 448 ) 
4 242 261 (-1376 432 448 ) (-1624 432 448 ) (-1624 432 416 ) (-1376 432 416 ) 
4 242 257 (-1376 544 416 ) (-1376 432 416 ) (-1624 432 416 ) (-1624 544 416 ) 
4 243 281 (-2152 736 16 ) (-2152 660 16 ) (-2152 660 416 ) (-2152 736 416 ) 
4 243 257 (-2152 624 416 ) (-2152 624 16 ) (-1775.428571 624 16 ) (-1604 624 416 ) 
4 243 250 (-1518.285714 768 16 ) (-1404 832 16 ) (-1356 832 128 ) (-1444.171901 768 188.932231 ) 
4 243 251 (-1642.558678 624 326.029752 ) (-1775.428571 624 16 ) (-1518.285714 768 16 ) (-1444.171901 768 188.932231 ) 
5 243 247 (-1604 624 416 ) (-1642.558678 624 326.029752 ) (-1356 832 128 ) (-1332 794.039216 342.169935 ) (-1332 776.320000 416 ) 
3 243 244 (-1332 857.846154 76.307692 ) (-1332 794.039216 342.169935 ) (-1356 832 128 ) 
3 244 247 (-1332 794.039216 342.169935 ) (-1356 832 128 ) (-1332 832 152.774194 ) 
3 245 249 (-1348 720 256 ) (-1332 768 128 ) (-1332 768 78.222222 ) 
3 245 246 (-1332 768 78.222222 ) (-1332 737.454545 209.454545 ) (-1348 720 256 ) 
4 246 249 (-1332 768 16 ) (-1348 720 16 ) (-1348 720 256 ) (-1332 768 78.222222 ) 
4 246 253 (-1348 720 16 ) (-1332 726.620690 16 ) (-1332 726.620690 256 ) (-1348 720 256 ) 
4 247 257 (-1580 624 390.606452 ) (-1580 624 416 ) (-1604 624 416 ) (-1642.558678 624 326.029752 ) 
3 247 250 (-1444.171901 768 188.932231 ) (-1356 832 128 ) (-1345.848276 768 290.427586 ) 
6 247 251 (-1642.558678 624 326.029752 ) (-1444.171901 768 188.932231 ) (-1345.848276 768 290.427586 ) (-1341.383178 739.850467 361.869159 ) (-1348 720 402.167742 ) (-1580 624 390.606452 ) 
4 247 248 (-1356 832 128 ) (-1332 802 224 ) (-1332 768 304.722581 ) (-1341.383178 739.850467 361.869159 ) 
4 247 253 (-1348 720 402.167742 ) (-1348 720 416 ) (-1580 624 416 ) (-1580 624 390.606452 ) 
3 248 250 (-1356 832 128 ) (-1351.428571 768 201.142857 ) (-1345.848276 768 290.427586 ) 
4 248 251 (-1351.428571 768 201.142857 ) (-1348 720 256 ) (-1341.383178 739.850467 361.869159 ) (-1345.848276 768 290.427586 ) 
4 249 251 (-1363 768 16 ) (-1363 713.793103 16 ) (-1348 720 256 ) (-1356 768 128 ) 
3 249 253 (-1363 713.793103 16 ) (-1348 720 16 ) (-1348 720 256 ) 
5 250 251 (-1356 768 128 ) (-1345.848276 768 290.427586 ) (-1444.171901 768 188.932231 ) (-1518.285714 768 16 ) (-1404 768 16 ) 
4 251 257 (-1775.428571 624 16 ) (-1580 624 16 ) (-1580 624 390.606452 ) (-1642.558678 624 326.029752 ) 
5 251 253 (-1580 624 16 ) (-1363 713.793103 16 ) (-1348 720 256 ) (-1348 720 402.167742 ) (-1580 624 390.606452 ) 
3 252 253 (-1332 726.620690 393.931034 ) (-1332 726.620690 416 ) (-1348 720 416 ) 
3 253 255 (-1407 624 16 ) (-1388 624 16 ) (-1372 624 128 ) 
5 253 257 (-1580 624 16 ) (-1407 624 16 ) (-1332 624 256 ) (-1332 624 416 ) (-1580 624 416 ) 
4 254 256 (-1388 520.615385 16 ) (-1332 512 16 ) (-1332 535.652174 79.304348 ) (-1372 560 128 ) 
3 254 255 (-1372 560 128 ) (-1388 560 16 ) (-1388 520.615385 16 ) 
3 255 256 (-1407 523.538462 16 ) (-1388 520.615385 16 ) (-1372 560 128 ) 
4 255 257 (-1372 624 128 ) (-1407 624 16 ) (-1407 523.538462 16 ) (-1372 560 128 ) 
4 256 268 (-1332 432 16 ) (-1332 432 96 ) (-1382 432 96 ) (-1407 432 16 ) 
3 256 264 (-1379.314286 432 104.594286 ) (-1382 432 96 ) (-1379.314286 432 96 ) 
4 256 263 (-1332 432 96 ) (-1332 432 256 ) (-1379.314286 432 104.594286 ) (-1379.314286 432 96 ) 
5 256 257 (-1407 523.538462 16 ) (-1407 432 16 ) (-1332 432 256 ) (-1332 560 256 ) (-1372 560 128 ) 
4 257 275 (-2152 432 96 ) (-2152 432 16 ) (-1700 432 16 ) (-1700 432 96 ) 
4 257 274 (-2152 432 320 ) (-2152 432 96 ) (-1985.381818 432 96 ) (-1985.381818 432 320 ) 
4 257 273 (-1985.381818 432 96 ) (-1947.296000 432 96 ) (-1947.296000 432 320 ) (-1985.381818 432 320 ) 
4 257 272 (-1947.296000 432 96 ) (-1854.472727 432 96 ) (-1854.472727 432 320 ) (-1947.296000 432 320 ) 
4 257 271 (-1854.472727 432 96 ) (-1828.290909 432 96 ) (-1828.290909 432 320 ) (-1854.472727 432 320 ) 
4 257 270 (-1828.290909 432 96 ) (-1700 432 96 ) (-1700 432 320 ) (-1828.290909 432 320 ) 
4 257 269 (-1700 432 416 ) (-2152 432 416 ) (-2152 432 320 ) (-1700 432 320 ) 
4 257 268 (-1700 432 96 ) (-1700 432 16 ) (-1407 432 16 ) (-1382 432 96 ) 
4 257 267 (-1672 432 416 ) (-1700 432 416 ) (-1700 432 96 ) (-1672 432 96 ) 
4 257 266 (-1537.028571 432 320 ) (-1672 432 320 ) (-1672 432 96 ) (-1537.028571 432 96 ) 
4 257 265 (-1504 432 320 ) (-1537.028571 432 320 ) (-1537.028571 432 96 ) (-1504 432 96 ) 
5 257 264 (-1379.314286 432 320 ) (-1504 432 320 ) (-1504 432 96 ) (-1382 432 96 ) (-1379.314286 432 104.594286 ) 
4 257 263 (-1332 432 256 ) (-1332 432 320 ) (-1379.314286 432 320 ) (-1379.314286 432 104.594286 ) 
4 257 262 (-1332 432 320 ) (-1332 432 416 ) (-1672 432 416 ) (-1672 432 320 ) 
4 258 261 (-1624 432 448 ) (-1376 432 448 ) (-1376 256 448 ) (-1624 256 448 ) 
4 258 260 (-1836.405405 144 448 ) (-1332 144 448 ) (-1332 144 816 ) (-1836.405405 144 816 ) 
4 259 292 (-2152 432 472 ) (-2152 432 448 ) (-2152 286.862915 448 ) (-2152 286.862915 472 ) 
4 259 289 (-2152 432 744 ) (-2152 432 472 ) (-2152 332.117749 472 ) (-2152 332.117749 744 ) 
4 259 287 (-2152 332.117749 472 ) (-2152 286.862915 472 ) (-2152 286.862915 744 ) (-2152 332.117749 744 ) 
4 259 285 (-2152 432 768 ) (-2152 432 744 ) (-2152 286.862915 744 ) (-2152 286.862915 768 ) 
4 259 284 (-2152 286.862915 448 ) (-2152 144 448 ) (-2152 144 768 ) (-2152 286.862915 768 ) 
4 259 283 (-2152 432 816 ) (-2152 432 768 ) (-2152 144 768 ) (-2152 144 816 ) 
4 259 260 (-2152 144 816 ) (-2152 144 448 ) (-1869.883721 144 448 ) (-1869.883721 144 816 ) 
4 260 284 (-2152 144 448 ) (-2152 -272 448 ) (-2152 -272 768 ) (-2152 144 768 ) 
4 260 283 (-2152 -272 768 ) (-2152 -272 816 ) (-2152 144 816 ) (-2152 144 768 ) 
4 261 262 (-1624 432 416 ) (-1376 432 416 ) (-1376 256 416 ) (-1624 256 416 ) 
4 262 267 (-1672 -1.078261 416 ) (-1672 432 416 ) (-1672 432 320 ) (-1672 -1.078261 320 ) 
4 262 266 (-1672 432 320 ) (-1537.028571 432 320 ) (-1537.028571 40 320 ) (-1672 -1.078261 320 ) 
4 262 265 (-1537.028571 432 320 ) (-1504 432 320 ) (-1504 50.052174 320 ) (-1537.028571 40 320 ) 
4 262 264 (-1504 432 320 ) (-1379.314286 432 320 ) (-1379.314286 88 320 ) (-1504 50.052174 320 ) 
4 262 263 (-1379.314286 432 320 ) (-1332 432 320 ) (-1332 102.400000 320 ) (-1379.314286 88 320 ) 
4 263 268 (-1379.314286 432 96 ) (-1332 432 96 ) (-1332 102.400000 96 ) (-1379.314286 88 96 ) 
4 263 264 (-1379.314286 432 320 ) (-1379.314286 432 96 ) (-1379.314286 88 96 ) (-1379.314286 88 320 ) 
4 264 268 (-1504 432 96 ) (-1379.314286 432 96 ) (-1379.314286 88 96 ) (-1504 50.052174 96 ) 
4 264 265 (-1504 50.052174 320 ) (-1504 432 320 ) (-1504 432 96 ) (-1504 50.052174 96 ) 
4 265 268 (-1537.028571 432 96 ) (-1504 432 96 ) (-1504 50.052174 96 ) (-1537.028571 40 96 ) 
4 265 266 (-1537.028571 432 320 ) (-1537.028571 432 96 ) (-1537.028571 40 96 ) (-1537.028571 40 320 ) 
4 266 268 (-1672 432 96 ) (-1537.028571 432 96 ) (-1537.028571 40 96 ) (-1672 -1.078261 96 ) 
4 266 267 (-1672 -1.078261 320 ) (-1672 432 320 ) (-1672 432 96 ) (-1672 -1.078261 96 ) 
4 267 270 (-1700 432 320 ) (-1700 432 96 ) (-1700 -9.600000 96 ) (-1700 -9.600000 320 ) 
4 267 269 (-1700 -9.600000 416 ) (-1700 432 416 ) (-1700 432 320 ) (-1700 -9.600000 320 ) 
4 267 268 (-1700 432 96 ) (-1672 432 96 ) (-1672 -1.078261 96 ) (-1700 -9.600000 96 ) 
4 268 275 (-1700 -9.600000 96 ) (-1700 432 96 ) (-1700 432 16 ) (-1700 -9.600000 16 ) 
4 269 276 (-2152 -251.600000 416 ) (-2152 -251.600000 320 ) (-2096 -251.600000 320 ) (-2096 -251.600000 416 ) 
5 269 274 (-2152 -251.600000 320 ) (-2152 432 320 ) (-1985.381818 432 320 ) (-1985.381818 -184 320 ) (-2096 -251.600000 320 ) 
4 269 273 (-1985.381818 432 320 ) (-1947.296000 432 320 ) (-1947.296000 -160.725333 320 ) (-1985.381818 -184 320 ) 
4 269 272 (-1947.296000 432 320 ) (-1854.472727 432 320 ) (-1854.472727 -104 320 ) (-1947.296000 -160.725333 320 ) 
4 269 271 (-1854.472727 432 320 ) (-1828.290909 432 320 ) (-1828.290909 -88 320 ) (-1854.472727 -104 320 ) 
4 269 270 (-1828.290909 432 320 ) (-1700 432 320 ) (-1700 -9.600000 320 ) (-1828.290909 -88 320 ) 
4 270 275 (-1828.290909 -88 96 ) (-1828.290909 432 96 ) (-1700 432 96 ) (-1700 -9.600000 96 ) 
4 270 271 (-1828.290909 432 96 ) (-1828.290909 -88 96 ) (-1828.290909 -88 320 ) (-1828.290909 432 320 ) 
4 271 275 (-1854.472727 -104 96 ) (-1854.472727 432 96 ) (-1828.290909 432 96 ) (-1828.290909 -88 96 ) 
4 271 272 (-1854.472727 432 320 ) (-1854.472727 432 96 ) (-1854.472727 -104 96 ) (-1854.472727 -104 320 ) 
4 272 275 (-1947.296000 -160.725333 96 ) (-1947.296000 432 96 ) (-1854.472727 432 96 ) (-1854.472727 -104 96 ) 
4 272 273 (-1947.296000 432 320 ) (-1947.296000 432 96 ) (-1947.296000 -160.725333 96 ) (-1947.296000 -160.725333 320 ) 
4 273 275 (-1985.381818 -184 96 ) (-1985.381818 432 96 ) (-1947.296000 432 96 ) (-1947.296000 -160.725333 96 ) 
4 273 274 (-1985.381818 432 96 ) (-1985.381818 -184 96 ) (-1985.381818 -184 320 ) (-1985.381818 432 320 ) 
4 274 276 (-2152 -251.600000 320 ) (-2152 -251.600000 96 ) (-2096 -251.600000 96 ) (-2096 -251.600000 320 ) 
5 274 275 (-2096 -251.600000 96 ) (-2152 -251.600000 96 ) (-2152 432 96 ) (-1985.381818 432 96 ) (-1985.381818 -184 96 ) 
4 275 276 (-2152 -251.600000 96 ) (-2152 -251.600000 16 ) (-2096 -251.600000 16 ) (-2096 -251.600000 96 ) 
3 277 278 (-2152 512 595.200000 ) (-2152 512 816 ) (-2248 512 816 ) 
4 277 279 (-2816 512 816 ) (-2816 512 448 ) (-2648 512 448 ) (-2530.553191 512 816 ) 
3 278 289 (-2152 432 595.200000 ) (-2152 432 744 ) (-2216.695652 432 744 ) 
4 278 285 (-2152 432 744 ) (-2152 432 768 ) (-2227.130435 432 768 ) (-2216.695652 432 744 ) 
4 278 283 (-2152 432 768 ) (-2152 432 816 ) (-2248 432 816 ) (-2227.130435 432 768 ) 
4 279 294 (-2816 432 768 ) (-2816 432 448 ) (-2648 432 448 ) (-2545.872340 432 768 ) 
4 279 283 (-2530.553191 432 816 ) (-2816 432 816 ) (-2816 432 768 ) (-2545.872340 432 768 ) 
4 280 282 (-2632 768 16 ) (-2632 768 416 ) (-2632 1152 416 ) (-2632 1152 16 ) 
4 281 282 (-2632 660 16 ) (-2632 660 416 ) (-2632 736 416 ) (-2632 736 16 ) 
3 283 286 (-2713.941125 -272 768 ) (-2816 -272 768 ) (-2816 -169.941125 768 ) 
5 283 285 (-2785.941125 -120.804041 768 ) (-2233.137085 432 768 ) (-2152 432 768 ) (-2152 286.862915 768 ) (-2672.804041 -233.941125 768 ) 
3 283 294 (-2816 -150.862915 768 ) (-2816 432 768 ) (-2233.137085 432 768 ) 
3 283 284 (-2152 -272 768 ) (-2710.862915 -272 768 ) (-2152 286.862915 768 ) 
4 284 292 (-2152 286.862915 472 ) (-2152 286.862915 448 ) (-2672.804041 -233.941125 448 ) (-2672.804041 -233.941125 472 ) 
4 284 287 (-2152 286.862915 744 ) (-2152 286.862915 472 ) (-2672.804041 -233.941125 472 ) (-2672.804041 -233.941125 744 ) 
4 284 285 (-2152 286.862915 768 ) (-2152 286.862915 744 ) (-2672.804041 -233.941125 744 ) (-2672.804041 -233.941125 768 ) 
5 285 289 (-2785.941125 -120.804041 744 ) (-2233.137085 432 744 ) (-2152 432 744 ) (-2152 332.117749 744 ) (-2695.431458 -211.313708 744 ) 
4 285 287 (-2152 332.117749 744 ) (-2152 286.862915 744 ) (-2672.804041 -233.941125 744 ) (-2695.431458 -211.313708 744 ) 
4 285 294 (-2785.941125 -120.804041 768 ) (-2233.137085 432 768 ) (-2233.137085 432 744 ) (-2785.941125 -120.804041 744 ) 
4 286 291 (-2816 -272 744 ) (-2816 -169.941125 744 ) (-2735.029437 -250.911688 744 ) (-2756.117749 -272 744 ) 
3 286 288 (-2735.029437 -250.911688 744 ) (-2713.941125 -272 744 ) (-2756.117749 -272 744 ) 
4 287 292 (-2152 332.117749 472 ) (-2152 286.862915 472 ) (-2672.804041 -233.941125 472 ) (-2695.431458 -211.313708 472 ) 
4 287 289 (-2152 332.117749 472 ) (-2695.431458 -211.313708 472 ) (-2695.431458 -211.313708 744 ) (-2152 332.117749 744 ) 
3 288 293 (-2713.941125 -272 472 ) (-2756.117749 -272 472 ) (-2735.029437 -250.911688 472 ) 
4 288 291 (-2735.029437 -250.911688 472 ) (-2756.117749 -272 472 ) (-2756.117749 -272 744 ) (-2735.029437 -250.911688 744 ) 
5 289 292 (-2233.137085 432 472 ) (-2152 432 472 ) (-2152 332.117749 472 ) (-2695.431458 -211.313708 472 ) (-2785.941125 -120.804041 472 ) 
4 289 290 (-2768.970563 -137.774603 472 ) (-2695.431458 -211.313708 472 ) (-2695.431458 -211.313708 744 ) (-2768.970563 -137.774603 744 ) 
4 289 294 (-2785.941125 -120.804041 744 ) (-2233.137085 432 744 ) (-2233.137085 432 472 ) (-2785.941125 -120.804041 472 ) 
4 290 291 (-2808.568542 -177.372583 472 ) (-2735.029437 -250.911688 472 ) (-2735.029437 -250.911688 744 ) (-2808.568542 -177.372583 744 ) 
4 291 293 (-2735.029437 -250.911688 472 ) (-2756.117749 -272 472 ) (-2816 -272 472 ) (-2816 -169.941125 472 ) 
4 292 294 (-2233.137085 432 448 ) (-2785.941125 -120.804041 448 ) (-2785.941125 -120.804041 472 ) (-2233.137085 432 472 ) 
