PRT1
150
363
4 0 25 (-664 1984 448 ) (-664 1984 816 ) (-664 2512 816 ) (-664 2512 448 ) 
4 0 19 (-664 1984 816 ) (-664 1984 448 ) (-40 1984 448 ) (-40 1984 816 ) 
4 0 18 (-40 1984 448 ) (112 1984 448 ) (112 1984 816 ) (-40 1984 816 ) 
4 0 1 (112 2512 448 ) (112 1984 448 ) (-40 1984 448 ) (-40 2512 448 ) 
4 1 18 (-40 1984 416 ) (112 1984 416 ) (112 1984 448 ) (-40 1984 448 ) 
4 1 6 (112 2240 416 ) (112 1984 416 ) (-40 1984 416 ) (-40 2240 416 ) 
4 1 2 (-40 2512 416 ) (112 2512 416 ) (112 2240 416 ) (-40 2240 416 ) 
4 2 11 (-64 2512 416 ) (-64 2512 48 ) (-64 2240 48 ) (-64 2240 416 ) 
4 2 7 (112 2240 64 ) (112 2240 128 ) (-64 2240 128 ) (-64 2240 64 ) 
4 2 6 (112 2240 128 ) (112 2240 416 ) (-64 2240 416 ) (-64 2240 128 ) 
4 2 5 (-64 2304 48 ) (-64 2368 48 ) (112 2368 48 ) (112 2304 48 ) 
4 2 4 (-64 2368 48 ) (-64 2432 48 ) (112 2432 48 ) (112 2368 48 ) 
4 2 3 (-64 2432 48 ) (-64 2512 48 ) (112 2512 48 ) (112 2432 48 ) 
4 3 11 (-64 2512 48 ) (-64 2512 16 ) (-64 2432 16 ) (-64 2432 48 ) 
4 3 4 (-64 2432 48 ) (-64 2432 24 ) (112 2432 24 ) (112 2432 48 ) 
4 4 11 (-64 2368 24 ) (-64 2368 48 ) (-64 2432 48 ) (-64 2432 24 ) 
4 4 5 (112 2368 48 ) (-64 2368 48 ) (-64 2368 32 ) (112 2368 32 ) 
4 5 11 (-64 2304 32 ) (-64 2304 48 ) (-64 2368 48 ) (-64 2368 32 ) 
4 6 20 (-40 1984 416 ) (-64 1984 416 ) (-64 1984 128 ) (-40 1984 128 ) 
4 6 18 (112 1984 128 ) (112 1984 416 ) (-40 1984 416 ) (-40 1984 128 ) 
4 6 11 (-64 1984 128 ) (-64 1984 416 ) (-64 2240 416 ) (-64 2240 128 ) 
4 6 10 (-64 2032 128 ) (-64 2080 128 ) (112 2080 128 ) (112 2032 128 ) 
4 6 9 (-64 2080 128 ) (-64 2128 128 ) (112 2128 128 ) (112 2080 128 ) 
4 6 8 (-64 2128 128 ) (-64 2176 128 ) (112 2176 128 ) (112 2128 128 ) 
4 6 7 (-64 2176 128 ) (-64 2240 128 ) (112 2240 128 ) (112 2176 128 ) 
4 7 11 (-64 2176 64 ) (-64 2176 128 ) (-64 2240 128 ) (-64 2240 64 ) 
4 7 8 (112 2176 128 ) (-64 2176 128 ) (-64 2176 80 ) (112 2176 80 ) 
4 8 11 (-64 2128 80 ) (-64 2128 128 ) (-64 2176 128 ) (-64 2176 80 ) 
4 8 9 (-64 2128 128 ) (-64 2128 96 ) (112 2128 96 ) (112 2128 128 ) 
4 9 11 (-64 2080 96 ) (-64 2080 128 ) (-64 2128 128 ) (-64 2128 96 ) 
4 9 10 (112 2080 128 ) (-64 2080 128 ) (-64 2080 112 ) (112 2080 112 ) 
4 10 11 (-64 2032 112 ) (-64 2032 128 ) (-64 2080 128 ) (-64 2080 112 ) 
4 11 21 (-64 1984 16 ) (-64 1984 128 ) (-480 1984 128 ) (-480 1984 16 ) 
4 11 20 (-64 1984 128 ) (-64 1984 416 ) (-480 1984 416 ) (-480 1984 128 ) 
4 11 14 (-480 1984 64 ) (-480 1984 104 ) (-480 2288 104 ) (-480 2288 64 ) 
4 11 13 (-480 1984 104 ) (-480 1984 416 ) (-480 2288 416 ) (-480 2288 104 ) 
4 11 12 (-480 2288 416 ) (-480 2512 416 ) (-480 2512 16 ) (-480 2288 16 ) 
4 12 26 (-664 2288 16 ) (-664 2288 416 ) (-664 2512 416 ) (-664 2512 16 ) 
4 12 15 (-664 2288 64 ) (-480 2288 64 ) (-496 2288 104 ) (-632 2288 104 ) 
3 12 17 (-664 2288 104 ) (-664 2288 64 ) (-632 2288 104 ) 
3 12 14 (-480 2288 64 ) (-480 2288 104 ) (-496 2288 104 ) 
4 12 13 (-664 2288 416 ) (-664 2288 104 ) (-480 2288 104 ) (-480 2288 416 ) 
4 13 26 (-664 1984 104 ) (-664 1984 416 ) (-664 2288 416 ) (-664 2288 104 ) 
4 13 21 (-480 1984 104 ) (-480 1984 128 ) (-664 1984 128 ) (-664 1984 104 ) 
4 13 20 (-480 1984 128 ) (-480 1984 416 ) (-664 1984 416 ) (-664 1984 128 ) 
4 13 16 (-496 1984 104 ) (-632 1984 104 ) (-632 2000 104 ) (-496 2000 104 ) 
4 13 15 (-632 2264 104 ) (-632 2288 104 ) (-496 2288 104 ) (-496 2264 104 ) 
4 13 17 (-632 1984 104 ) (-664 1984 104 ) (-664 2288 104 ) (-632 2288 104 ) 
4 13 14 (-480 1984 104 ) (-496 1984 104 ) (-496 2288 104 ) (-480 2288 104 ) 
3 14 21 (-480 1984 64 ) (-480 1984 104 ) (-496 1984 104 ) 
3 14 16 (-480 1984 64 ) (-496 1984 104 ) (-496 2000 104 ) 
3 14 15 (-480 2288 64 ) (-496 2264 104 ) (-496 2288 104 ) 
3 15 17 (-632 2264 104 ) (-632 2288 104 ) (-664 2288 64 ) 
4 16 21 (-480 1984 64 ) (-496 1984 104 ) (-632 1984 104 ) (-664 1984 64 ) 
3 16 17 (-664 1984 64 ) (-632 1984 104 ) (-632 2000 104 ) 
4 17 26 (-664 1984 64 ) (-664 1984 104 ) (-664 2288 104 ) (-664 2288 64 ) 
3 17 21 (-632 1984 104 ) (-664 1984 104 ) (-664 1984 64 ) 
4 18 22 (112 1696 448 ) (112 1696 816 ) (-40 1696 816 ) (-40 1696 448 ) 
4 18 20 (-40 1984 416 ) (-40 1984 128 ) (-40 1696 128 ) (-40 1696 416 ) 
4 18 19 (-40 1984 816 ) (-40 1984 448 ) (-40 1696 448 ) (-40 1696 816 ) 
4 19 25 (-664 1696 816 ) (-664 1984 816 ) (-664 1984 448 ) (-664 1696 448 ) 
4 19 22 (-664 1696 816 ) (-664 1696 448 ) (-40 1696 448 ) (-40 1696 816 ) 
4 20 26 (-664 1984 416 ) (-664 1984 128 ) (-664 1696 128 ) (-664 1696 416 ) 
4 20 21 (-664 1696 128 ) (-664 1984 128 ) (-64 1984 128 ) (-64 1696 128 ) 
4 21 26 (-664 1984 128 ) (-664 1984 16 ) (-664 1696 16 ) (-664 1696 128 ) 
4 22 38 (112 1184 816 ) (-664 1184 816 ) (-664 1184 448 ) (112 1184 448 ) 
4 22 28 (-664 1184 448 ) (-664 1184 640 ) (-664 1696 640 ) (-664 1696 448 ) 
4 22 27 (-664 1184 640 ) (-664 1184 816 ) (-664 1696 816 ) (-664 1696 640 ) 
4 23 32 (-664 1278.333333 416 ) (-664 1418.711111 416 ) (-664 1418.711111 16 ) (-664 1278.333333 16 ) 
4 23 24 (-664 1278.333333 16 ) (-128 1256 16 ) (-128 1256 416 ) (-664 1278.333333 416 ) 
4 24 39 (-368 1184 416 ) (-664 1184 416 ) (-664 1184 16 ) (-368 1184 16 ) 
4 24 32 (-664 1184 16 ) (-664 1184 416 ) (-664 1278.333333 416 ) (-664 1278.333333 16 ) 
4 25 97 (-1332 1696 448 ) (-1332 1696 816 ) (-1332 2512 816 ) (-1332 2512 448 ) 
4 25 29 (-1312 1696 640 ) (-1332 1696 640 ) (-1332 1696 448 ) (-1312 1696 448 ) 
4 25 28 (-664 1696 448 ) (-664 1696 640 ) (-1312 1696 640 ) (-1312 1696 448 ) 
4 25 27 (-664 1696 640 ) (-664 1696 816 ) (-1332 1696 816 ) (-1332 1696 640 ) 
4 26 99 (-1332 1696 16 ) (-1332 1696 416 ) (-1332 2512 416 ) (-1332 2512 16 ) 
4 27 116 (-1332 1184 640 ) (-1332 1184 816 ) (-1332 1664 816 ) (-1332 1664 640 ) 
4 27 97 (-1332 1664 816 ) (-1332 1696 816 ) (-1332 1696 640 ) (-1332 1664 640 ) 
4 27 43 (-956 1184 816 ) (-1332 1184 816 ) (-1332 1184 640 ) (-956 1184 640 ) 
4 27 38 (-664 1184 640 ) (-664 1184 816 ) (-956 1184 816 ) (-956 1184 640 ) 
4 27 30 (-1312 1184 640 ) (-1332 1184 640 ) (-1332 1600 640 ) (-1312 1600 640 ) 
4 27 29 (-1332 1664 640 ) (-1332 1696 640 ) (-1312 1696 640 ) (-1312 1664 640 ) 
4 27 28 (-664 1696 640 ) (-664 1184 640 ) (-1312 1184 640 ) (-1312 1696 640 ) 
4 28 43 (-956 1184 640 ) (-1312 1184 640 ) (-1312 1184 448 ) (-956 1184 448 ) 
4 28 38 (-664 1184 448 ) (-664 1184 640 ) (-956 1184 640 ) (-956 1184 448 ) 
4 28 30 (-1312 1184 448 ) (-1312 1184 640 ) (-1312 1600 640 ) (-1312 1600 448 ) 
4 28 29 (-1312 1664 640 ) (-1312 1696 640 ) (-1312 1696 448 ) (-1312 1664 448 ) 
4 29 97 (-1332 1664 640 ) (-1332 1696 640 ) (-1332 1696 448 ) (-1332 1664 448 ) 
4 30 117 (-1332 1184 448 ) (-1332 1184 640 ) (-1332 1600 640 ) (-1332 1600 448 ) 
4 30 43 (-1312 1184 640 ) (-1332 1184 640 ) (-1332 1184 448 ) (-1312 1184 448 ) 
4 31 44 (-1048.072727 1184 416 ) (-1060 1184 416 ) (-1060 1184 16 ) (-1048.072727 1184 16 ) 
4 31 37 (-1060 1184 16 ) (-1060 1184 416 ) (-1060 1288 416 ) (-1060 1288 16 ) 
4 31 32 (-692 1401.600000 416 ) (-1048.072727 1184 416 ) (-1048.072727 1184 16 ) (-692 1401.600000 16 ) 
4 32 44 (-956 1184 416 ) (-1048.072727 1184 416 ) (-1048.072727 1184 16 ) (-956 1184 16 ) 
4 32 39 (-664 1184 16 ) (-664 1184 416 ) (-956 1184 416 ) (-956 1184 16 ) 
4 33 37 (-1124.686292 1288 16 ) (-1124 1288 16 ) (-1124 1288 416 ) (-1124.686292 1288 416 ) 
4 33 36 (-1124.686292 1611.313708 16 ) (-1124.686292 1288 16 ) (-1124.686292 1288 416 ) (-1124.686292 1611.313708 416 ) 
4 33 34 (-1124.686292 1611.313708 336 ) (-1124.686292 1611.313708 416 ) (-1124.686292 1664 416 ) (-1124.686292 1664 336 ) 
4 34 36 (-1124.686292 1611.313708 336 ) (-1124.686292 1611.313708 416 ) (-1268 1611.313708 416 ) (-1268 1611.313708 336 ) 
4 35 36 (-1252.686292 1611.313708 40 ) (-1148.686292 1611.313708 40 ) (-1148.686292 1611.313708 312 ) (-1252.686292 1611.313708 312 ) 
4 36 37 (-1268 1288 16 ) (-1124.686292 1288 16 ) (-1124.686292 1288 416 ) (-1268 1288 416 ) 
4 37 119 (-1332 1184 16 ) (-1332 1184 416 ) (-1332 1288 416 ) (-1332 1288 16 ) 
4 37 44 (-1060 1184 16 ) (-1060 1184 416 ) (-1332 1184 416 ) (-1332 1184 16 ) 
4 38 76 (112 560 448 ) (112 560 472 ) (-956 560 472 ) (-956 560 448 ) 
4 38 72 (112 560 472 ) (112 560 744 ) (-956 560 744 ) (-956 560 472 ) 
4 38 65 (112 560 744 ) (112 560 768 ) (-956 560 768 ) (-956 560 744 ) 
4 38 61 (112 560 768 ) (112 560 816 ) (-956 560 816 ) (-956 560 768 ) 
4 38 43 (-956 560 448 ) (-956 560 816 ) (-956 1184 816 ) (-956 1184 448 ) 
4 39 44 (-956 905.086750 16 ) (-956 905.086750 416 ) (-956 1184 416 ) (-956 1184 16 ) 
3 39 41 (-475.963511 905.086750 416 ) (-490.752992 905.086750 416 ) (-475.963511 905.086750 80.514240 ) 
5 39 42 (-490.752992 905.086750 416 ) (-956 905.086750 416 ) (-956 905.086750 16 ) (-475.963511 905.086750 16 ) (-475.963511 905.086750 80.514240 ) 
3 40 83 (-384.960556 560 393.033493 ) (-384.960556 560 382.406523 ) (-384.675772 560 375.946465 ) 
4 40 41 (-475.963511 905.086750 186.641896 ) (-475.963511 905.086750 80.514240 ) (-384.960556 560 382.406523 ) (-384.960556 560 393.033493 ) 
4 40 42 (-384.675772 560 375.946465 ) (-384.960556 560 382.406523 ) (-475.963511 905.086750 80.514240 ) (-473.119479 905.086750 16 ) 
3 41 84 (-384.960556 560 416 ) (-386.441484 560 416 ) (-384.960556 560 382.406523 ) 
4 41 42 (-384.960556 560 382.406523 ) (-386.441484 560 416 ) (-490.752992 905.086750 416 ) (-475.963511 905.086750 80.514240 ) 
6 42 84 (-386.441484 560 416 ) (-956 560 416 ) (-956 560 78.451613 ) (-895.500000 560 16 ) (-384.960556 560 16 ) (-384.960556 560 382.406523 ) 
3 42 81 (-378.676665 560 16 ) (-368.807971 560 16 ) (-384.675772 560 375.946465 ) 
4 42 83 (-384.960556 560 16 ) (-378.676665 560 16 ) (-384.675772 560 375.946465 ) (-384.960556 560 382.406523 ) 
3 42 77 (-956 560 78.451613 ) (-956 560 16 ) (-895.500000 560 16 ) 
4 42 52 (-956 627.826087 416 ) (-956 695.172414 416 ) (-956 695.172414 399.377086 ) (-956 617.811446 215.707174 ) 
4 42 54 (-956 560 78.451613 ) (-956 560 416 ) (-956 627.826087 416 ) (-956 617.811446 215.707174 ) 
5 42 50 (-956 560 16 ) (-956 560 78.451613 ) (-956 695.172414 399.377086 ) (-956 695.172414 317.793103 ) (-956 582 16 ) 
3 42 49 (-956 624 16 ) (-956 582 16 ) (-956 624 128 ) 
5 42 48 (-956 695.172414 317.793103 ) (-956 695.172414 256 ) (-956 639.310345 16 ) (-956 624 16 ) (-956 624 128 ) 
3 42 47 (-956 695.172414 256 ) (-956 695.172414 16 ) (-956 639.310345 16 ) 
4 42 46 (-956 695.172414 416 ) (-956 698.368609 416 ) (-956 714.920333 16 ) (-956 695.172414 16 ) 
4 42 45 (-956 698.368609 416 ) (-956 768 416 ) (-956 768 16 ) (-956 714.920333 16 ) 
4 42 44 (-956 832 416 ) (-956 905.086750 416 ) (-956 905.086750 16 ) (-956 832 16 ) 
4 43 123 (-1332 560 448 ) (-1332 560 816 ) (-1332 832 816 ) (-1332 832 448 ) 
4 43 117 (-1332 1184 640 ) (-1332 1184 448 ) (-1332 832 448 ) (-1332 832 640 ) 
4 43 116 (-1332 832 816 ) (-1332 1184 816 ) (-1332 1184 640 ) (-1332 832 640 ) 
4 43 88 (-1332 560 640 ) (-1332 560 448 ) (-1184 560 448 ) (-1184 560 640 ) 
4 43 87 (-1120 560 448 ) (-1060 560 448 ) (-1060 560 640 ) (-1120 560 640 ) 
4 43 86 (-1332 560 816 ) (-1332 560 640 ) (-1060 560 640 ) (-1060 560 816 ) 
4 43 76 (-1060 560 448 ) (-956 560 448 ) (-956 560 472 ) (-1060 560 472 ) 
4 43 72 (-956 560 472 ) (-956 560 744 ) (-1060 560 744 ) (-1060 560 472 ) 
4 43 65 (-956 560 744 ) (-956 560 768 ) (-1060 560 768 ) (-1060 560 744 ) 
4 43 61 (-956 560 768 ) (-956 560 816 ) (-1060 560 816 ) (-1060 560 768 ) 
4 44 119 (-1332 832 16 ) (-1332 832 416 ) (-1332 1184 416 ) (-1332 1184 16 ) 
3 45 57 (-1128 624 256 ) (-1128 617.379310 416 ) (-1128 624 416 ) 
5 45 55 (-1128 768 16 ) (-1128 633.931034 16 ) (-1128 624 256 ) (-1128 624 416 ) (-1128 768 416 ) 
5 45 46 (-956 714.920333 16 ) (-956 698.368609 416 ) (-1012 672 416 ) (-1128 624 256 ) (-1128 633.931034 16 ) 
3 46 56 (-1128 631.384615 16 ) (-1128 624 16 ) (-1128 624 36 ) 
4 46 55 (-1128 633.931034 16 ) (-1128 631.384615 16 ) (-1128 624 36 ) (-1128 624 256 ) 
4 46 52 (-956 695.172414 399.377086 ) (-956 695.172414 416 ) (-1012 672 416 ) (-1012 672 402.167742 ) 
4 46 50 (-1012 672 256 ) (-956 695.172414 317.793103 ) (-956 695.172414 399.377086 ) (-1012 672 402.167742 ) 
3 46 48 (-1012 672 256 ) (-956 695.172414 256 ) (-956 695.172414 317.793103 ) 
4 46 47 (-1128 624 256 ) (-1128 624 16 ) (-956 695.172414 16 ) (-956 695.172414 256 ) 
5 47 48 (-1056 624 128 ) (-993 624 16 ) (-956 639.310345 16 ) (-956 695.172414 256 ) (-1012 672 256 ) 
3 48 51 (-1012 672 256 ) (-1004 624 128 ) (-982.666667 624 128 ) 
4 48 50 (-956 624 128 ) (-956 695.172414 317.793103 ) (-1012 672 256 ) (-982.666667 624 128 ) 
3 48 49 (-956 624 16 ) (-956 624 128 ) (-1004 624 128 ) 
3 49 51 (-982.666667 624 128 ) (-1004 624 128 ) (-958.149254 583.880597 21.014925 ) 
4 49 50 (-956 582 16 ) (-956 624 128 ) (-982.666667 624 128 ) (-958.149254 583.880597 21.014925 ) 
3 50 77 (-956 560 16 ) (-956 560 78.451613 ) (-1004 560 128 ) 
5 50 52 (-956 695.172414 399.377086 ) (-1012 672 402.167742 ) (-1036 600 256 ) (-1030.276827 592.846034 233.107309 ) (-956 617.811446 215.707174 ) 
4 50 54 (-1030.276827 592.846034 233.107309 ) (-1004 560 128 ) (-956 560 78.451613 ) (-956 617.811446 215.707174 ) 
3 50 51 (-1012 672 256 ) (-958.149254 583.880597 21.014925 ) (-1004 560 128 ) 
3 52 53 (-1036 600 256 ) (-1039.407652 589.777045 235.246302 ) (-1036 600 416 ) 
4 52 54 (-1039.407652 589.777045 235.246302 ) (-956 617.811446 215.707174 ) (-956 627.826087 416 ) (-1036 600 416 ) 
3 53 54 (-1128 560 256 ) (-1039.407652 589.777045 235.246302 ) (-1036 600 416 ) 
3 54 93 (-1085.375000 560 212 ) (-1060 560 185.806452 ) (-1060 560 212 ) 
5 54 94 (-1060 560 416 ) (-1128 560 416 ) (-1128 560 256 ) (-1085.375000 560 212 ) (-1060 560 212 ) 
5 54 84 (-956 560 78.451613 ) (-956 560 416 ) (-1060 560 416 ) (-1060 560 258.666667 ) (-1004 560 128 ) 
3 54 79 (-1060 560 258.666667 ) (-1060 560 185.806452 ) (-1004 560 128 ) 
3 54 60 (-1128 560 256 ) (-1128 560 416 ) (-1128 568 416 ) 
3 55 125 (-1332 672 416 ) (-1332 768 416 ) (-1332 768 156 ) 
3 55 57 (-1128 624 256 ) (-1128 624 416 ) (-1280 624 416 ) 
6 55 56 (-1332 672 416 ) (-1332 768 156 ) (-1276 768 16 ) (-1128 631.384615 16 ) (-1128 624 36 ) (-1216 624 256 ) 
5 56 125 (-1332 672 416 ) (-1332 768 156 ) (-1332 768 16 ) (-1332 624 16 ) (-1332 624 256 ) 
4 58 128 (-1332 560 256 ) (-1332 560 408 ) (-1332 560.592593 416 ) (-1332 616 416 ) 
3 58 129 (-1332 560 408 ) (-1332 560 416 ) (-1332 560.592593 416 ) 
3 58 94 (-1280.753623 560 413.681159 ) (-1280 560 416 ) (-1283 560 416 ) 
5 58 92 (-1332 560 408 ) (-1332 560 256 ) (-1280.753623 560 413.681159 ) (-1283 560 416 ) (-1330.857143 560 416 ) 
3 58 95 (-1332 560 416 ) (-1332 560 408 ) (-1330.857143 560 416 ) 
3 59 94 (-1128 560 256 ) (-1280 560 416 ) (-1280.753623 560 413.681159 ) 
3 59 92 (-1332 560 256 ) (-1128 560 256 ) (-1280.753623 560 413.681159 ) 
3 59 89 (-1332 560 256 ) (-1216 560 224 ) (-1128 560 256 ) 
3 60 94 (-1128 560 256 ) (-1128 560 416 ) (-1280 560 416 ) 
4 61 86 (-1060 560 816 ) (-1060 560 768 ) (-1060 -272 768 ) (-1060 -272 816 ) 
3 61 63 (81.941125 -120.804041 768 ) (112 -90.745166 768 ) (112 -150.862915 768 ) 
3 61 64 (6.862915 -272 768 ) (-69.254834 -272 768 ) (-31.195959 -233.941125 768 ) 
5 61 65 (-69.254834 -272 768 ) (-1060 -272 768 ) (-1060 560 768 ) (112 560 768 ) (112 -90.745166 768 ) 
3 61 62 (112 -272 768 ) (9.941125 -272 768 ) (112 -169.941125 768 ) 
3 62 66 (112 -169.941125 744 ) (112 -272 744 ) (9.941125 -272 744 ) 
4 63 69 (112 -90.745166 744 ) (112 -113.372583 744 ) (93.254834 -132.117749 744 ) (81.941125 -120.804041 744 ) 
3 63 67 (112 -113.372583 744 ) (112 -150.862915 744 ) (93.254834 -132.117749 744 ) 
4 63 65 (112 -90.745166 768 ) (112 -90.745166 744 ) (81.941125 -120.804041 744 ) (81.941125 -120.804041 768 ) 
4 64 71 (-46.627417 -272 744 ) (-69.254834 -272 744 ) (-31.195959 -233.941125 744 ) (-19.882251 -245.254834 744 ) 
3 64 68 (6.862915 -272 744 ) (-46.627417 -272 744 ) (-19.882251 -245.254834 744 ) 
4 64 65 (-31.195959 -233.941125 744 ) (-69.254834 -272 744 ) (-69.254834 -272 768 ) (-31.195959 -233.941125 768 ) 
4 65 86 (-1060 560 768 ) (-1060 560 744 ) (-1060 -272 744 ) (-1060 -272 768 ) 
5 65 72 (-1060 -272 744 ) (-1060 560 744 ) (112 560 744 ) (112 -90.745166 744 ) (-69.254834 -272 744 ) 
3 66 73 (112 -272 472 ) (9.941125 -272 472 ) (112 -169.941125 472 ) 
3 67 74 (93.254834 -132.117749 472 ) (112 -113.372583 472 ) (112 -150.862915 472 ) 
4 67 69 (112 -113.372583 472 ) (93.254834 -132.117749 472 ) (93.254834 -132.117749 744 ) (112 -113.372583 744 ) 
3 68 75 (6.862915 -272 472 ) (-46.627417 -272 472 ) (-19.882251 -245.254834 472 ) 
4 68 71 (-19.882251 -245.254834 472 ) (-46.627417 -272 472 ) (-46.627417 -272 744 ) (-19.882251 -245.254834 744 ) 
4 69 74 (81.941125 -120.804041 472 ) (112 -90.745166 472 ) (112 -113.372583 472 ) (93.254834 -132.117749 472 ) 
4 69 72 (112 -90.745166 744 ) (112 -90.745166 472 ) (81.941125 -120.804041 472 ) (81.941125 -120.804041 744 ) 
4 70 72 (59.313708 -143.431458 472 ) (-14.225397 -216.970563 472 ) (-14.225397 -216.970563 744 ) (59.313708 -143.431458 744 ) 
4 71 75 (-46.627417 -272 472 ) (-69.254834 -272 472 ) (-31.195959 -233.941125 472 ) (-19.882251 -245.254834 472 ) 
4 71 72 (-31.195959 -233.941125 472 ) (-69.254834 -272 472 ) (-69.254834 -272 744 ) (-31.195959 -233.941125 744 ) 
4 72 87 (-1060 560 640 ) (-1060 560 472 ) (-1060 -272 472 ) (-1060 -272 640 ) 
4 72 86 (-1060 560 744 ) (-1060 560 640 ) (-1060 -272 640 ) (-1060 -272 744 ) 
5 72 76 (-69.254834 -272 472 ) (-1060 -272 472 ) (-1060 560 472 ) (112 560 472 ) (112 -90.745166 472 ) 
4 74 76 (112 -90.745166 448 ) (81.941125 -120.804041 448 ) (81.941125 -120.804041 472 ) (112 -90.745166 472 ) 
4 75 76 (-31.195959 -233.941125 448 ) (-69.254834 -272 448 ) (-69.254834 -272 472 ) (-31.195959 -233.941125 472 ) 
4 76 87 (-1060 560 472 ) (-1060 560 448 ) (-1060 -272 448 ) (-1060 -272 472 ) 
3 77 84 (-895.500000 560 16 ) (-1004 560 128 ) (-991.449219 540.148437 16 ) 
3 78 94 (-1060 504 16 ) (-1060 503.172414 16 ) (-1060 506 23 ) 
3 78 79 (-1060 506 23 ) (-1060 503.172414 16 ) (-1056 504 16 ) 
4 79 93 (-1060 560 212 ) (-1060 560 185.806452 ) (-1060 548.413793 128 ) (-1060 506 23 ) 
5 79 94 (-1060 560 258.666667 ) (-1060 560 212 ) (-1060 506 23 ) (-1060 503.172414 16 ) (-1060 501.760000 16 ) 
4 79 84 (-1060 501.760000 16 ) (-1056 504 16 ) (-1004 560 128 ) (-1060 560 258.666667 ) 
3 80 81 (-374.834078 521.600000 416 ) (-304 345.599968 16 ) (-325.540105 358.524063 416 ) 
3 80 82 (-304 345.599968 16 ) (-304 345.600000 416 ) (-325.540105 358.524063 416 ) 
4 81 82 (-323.143498 357.086099 16 ) (-304 345.599968 16 ) (-325.540105 358.524063 416 ) (-331.119955 361.871973 416 ) 
5 81 83 (-384.675772 560 375.946465 ) (-378.676665 560 16 ) (-323.143498 357.086099 16 ) (-331.119955 361.871973 416 ) (-374.834078 521.600000 416 ) 
4 82 83 (-323.143498 357.086099 16 ) (-150.976175 -272 16 ) (-157.642842 -272 416 ) (-331.119955 361.871973 416 ) 
5 83 84 (-165.553528 -272 16 ) (-165.553528 -272 416 ) (-374.834078 521.600000 416 ) (-384.960556 560 393.033493 ) (-384.960556 560 16 ) 
5 84 94 (-1060 560 416 ) (-1060 560 258.666667 ) (-1060 501.760000 16 ) (-1060 389.925926 16 ) (-1060 419.555556 416 ) 
4 84 95 (-1060 389.925926 16 ) (-1060 215.288889 16 ) (-1060 215.288889 416 ) (-1060 419.555556 416 ) 
4 84 85 (-1060 215.288889 416 ) (-1060 215.288889 16 ) (-692 -9.600000 16 ) (-692 -9.600000 416 ) 
4 85 95 (-1060 215.288889 16 ) (-1060 104 16 ) (-1060 104 416 ) (-1060 215.288889 416 ) 
4 86 131 (-1332 256 640 ) (-1332 -272 640 ) (-1332 -272 816 ) (-1332 256 816 ) 
4 86 123 (-1332 560 816 ) (-1332 560 640 ) (-1332 256 640 ) (-1332 256 816 ) 
4 86 88 (-1332 -272 640 ) (-1332 560 640 ) (-1184 560 640 ) (-1184 -272 640 ) 
4 86 87 (-1120 560 640 ) (-1060 560 640 ) (-1060 -272 640 ) (-1120 -272 640 ) 
4 88 131 (-1332 256 448 ) (-1332 -272 448 ) (-1332 -272 640 ) (-1332 256 640 ) 
4 88 123 (-1332 560 640 ) (-1332 560 448 ) (-1332 256 448 ) (-1332 256 640 ) 
3 89 92 (-1216 536 128 ) (-1128 560 256 ) (-1332 560 256 ) 
4 90 127 (-1332 560 256 ) (-1332 553.846154 128 ) (-1332 535.652174 79.304348 ) (-1332 541.387755 156.734694 ) 
4 90 92 (-1332 541.387755 156.734694 ) (-1308.914286 521.600000 51.200000 ) (-1216 536 128 ) (-1332 560 256 ) 
3 90 95 (-1332 541.387755 156.734694 ) (-1332 535.652174 79.304348 ) (-1308.914286 521.600000 51.200000 ) 
4 91 94 (-1214.713235 493.955882 16 ) (-1166.166667 504 16 ) (-1120 536 128 ) (-1124.715789 550.147368 203.452632 ) 
4 91 92 (-1214.713235 493.955882 16 ) (-1124.715789 550.147368 203.452632 ) (-1216 536 128 ) (-1280 504 16 ) 
3 92 127 (-1332 560 256 ) (-1332 541.387755 156.734694 ) (-1332 548.740741 256 ) 
3 92 128 (-1332 560 408 ) (-1332 560 256 ) (-1332 548.740741 256 ) 
6 92 94 (-1247.533451 487.165493 16 ) (-1214.713235 493.955882 16 ) (-1124.715789 550.147368 203.452632 ) (-1128 560 256 ) (-1283 560 416 ) (-1317.207746 552.922535 416 ) 
7 92 95 (-1317.207746 552.922535 416 ) (-1330.857143 560 416 ) (-1332 560 408 ) (-1332 541.387755 156.734694 ) (-1308.914286 521.600000 51.200000 ) (-1280 504 16 ) (-1247.533451 487.165493 16 ) 
4 93 94 (-1085.375000 560 212 ) (-1120 536 128 ) (-1060 506 23 ) (-1060 560 212 ) 
4 94 95 (-1060 389.925926 16 ) (-1060 419.555556 416 ) (-1317.207746 552.922535 416 ) (-1247.533451 487.165493 16 ) 
4 95 132 (-1332 104 16 ) (-1332 104 416 ) (-1332 256 416 ) (-1332 256 16 ) 
5 95 129 (-1332 256 416 ) (-1332 560 416 ) (-1332 560 408 ) (-1332 530.962963 16 ) (-1332 256 16 ) 
4 95 96 (-1124 104 416 ) (-1268 104 416 ) (-1268 104 16 ) (-1124 104 16 ) 
4 97 120 (-2144 1664 816 ) (-2184 1664 816 ) (-2184 1664 448 ) (-2144 1664 448 ) 
4 97 116 (-1332 1664 640 ) (-1332 1664 816 ) (-2144 1664 816 ) (-2144 1664 640 ) 
4 97 104 (-2184 1664 448 ) (-2184 1664 816 ) (-2184 2512 816 ) (-2184 2512 448 ) 
4 97 98 (-2184 1728 448 ) (-2184 2144 448 ) (-1792 2144 448 ) (-1792 1728 448 ) 
4 98 105 (-2184 2144 416 ) (-2184 1728 416 ) (-2184 1728 448 ) (-2184 2144 448 ) 
4 98 100 (-2184 1728 416 ) (-2184 2144 416 ) (-1792 2144 416 ) (-1792 1728 416 ) 
4 99 101 (-1680 2512 200 ) (-1680 2512 16 ) (-1680 2432 16 ) (-1680 2384 200 ) 
4 99 102 (-1680 1920 16 ) (-1680 1696 16 ) (-1680 1696 200 ) (-1680 1968 200 ) 
4 99 100 (-1680 2512 416 ) (-1680 2512 200 ) (-1680 1696 200 ) (-1680 1696 416 ) 
4 100 108 (-2184 1696 200 ) (-2184 1696 336 ) (-2184 1833.877026 336 ) (-2184 1833.877026 200 ) 
4 100 107 (-2184 1833.877026 336 ) (-2184 2512 336 ) (-2184 2512 200 ) (-2184 1833.877026 200 ) 
4 100 106 (-2184 1696 336 ) (-2184 1696 416 ) (-2184 2512 416 ) (-2184 2512 336 ) 
4 100 101 (-1680 2512 200 ) (-1680 2384 200 ) (-1728 2384 200 ) (-1728 2512 200 ) 
4 100 102 (-1680 1968 200 ) (-1680 1696 200 ) (-1728 1696 200 ) (-1728 1968 200 ) 
4 100 103 (-1728 1696 200 ) (-2184 1696 200 ) (-2184 2512 200 ) (-1728 2512 200 ) 
4 101 103 (-1728 2384 200 ) (-1728 2512 200 ) (-1728 2512 16 ) (-1728 2432 16 ) 
4 102 103 (-1728 1696 16 ) (-1728 1696 200 ) (-1728 1968 200 ) (-1728 1920 16 ) 
4 103 110 (-2184 1696 16 ) (-2184 1696 96 ) (-2184 1833.877026 96 ) (-2184 1833.877026 16 ) 
4 103 108 (-2184 1696 96 ) (-2184 1696 200 ) (-2184 1833.877026 200 ) (-2184 1833.877026 96 ) 
4 103 107 (-2184 1833.877026 200 ) (-2184 2512 200 ) (-2184 2512 16 ) (-2184 1833.877026 16 ) 
4 104 120 (-2184 1664 448 ) (-2184 1664 816 ) (-2816 1664 816 ) (-2816 1664 448 ) 
4 104 105 (-2336 2144 448 ) (-2184 2144 448 ) (-2184 1728 448 ) (-2336 1728 448 ) 
4 105 106 (-2184 2144 416 ) (-2184 1728 416 ) (-2336 1728 416 ) (-2336 2144 416 ) 
4 106 122 (-2184 1664 336 ) (-2184 1664 416 ) (-2816 1664 416 ) (-2816 1664 336 ) 
3 106 114 (-2816 2346.745166 336 ) (-2816 2406.862915 336 ) (-2785.941125 2376.804041 336 ) 
3 106 112 (-2694.862915 2512 336 ) (-2650.745166 2512 336 ) (-2672.804041 2489.941125 336 ) 
6 106 108 (-2184 1664 336 ) (-2816 1664 336 ) (-2816 2346.745166 336 ) (-2650.745166 2512 336 ) (-2575.514482 2512 336 ) (-2184 1833.877026 336 ) 
3 106 107 (-2575.514482 2512 336 ) (-2184 2512 336 ) (-2184 1833.877026 336 ) 
3 106 115 (-2816 2425.941125 336 ) (-2816 2512 336 ) (-2729.941125 2512 336 ) 
4 107 109 (-2575.514482 2512 96 ) (-2575.514482 2512 16 ) (-2416.574374 2236.707658 16 ) (-2416.574374 2236.707658 96 ) 
4 107 110 (-2272.574374 1987.292342 16 ) (-2184 1833.877026 16 ) (-2184 1833.877026 96 ) (-2272.574374 1987.292342 96 ) 
4 107 108 (-2575.514482 2512 336 ) (-2575.514482 2512 96 ) (-2184 1833.877026 96 ) (-2184 1833.877026 336 ) 
4 108 122 (-2184 1664 96 ) (-2184 1664 336 ) (-2816 1664 336 ) (-2816 1664 96 ) 
4 108 114 (-2816 2346.745166 96 ) (-2816 2346.745166 336 ) (-2785.941125 2376.804041 336 ) (-2785.941125 2376.804041 96 ) 
4 108 113 (-2689.774603 2472.970563 96 ) (-2763.313708 2399.431458 96 ) (-2763.313708 2399.431458 312 ) (-2689.774603 2472.970563 312 ) 
4 108 112 (-2672.804041 2489.941125 336 ) (-2650.745166 2512 336 ) (-2650.745166 2512 96 ) (-2672.804041 2489.941125 96 ) 
5 108 109 (-2685.040514 2477.704652 96 ) (-2650.745166 2512 96 ) (-2575.514482 2512 96 ) (-2416.574374 2236.707658 96 ) (-2513.569219 2180.707658 96 ) 
5 108 110 (-2272.574374 1987.292342 96 ) (-2184 1833.877026 96 ) (-2184 1664 96 ) (-2215.247914 1664 96 ) (-2369.569219 1931.292342 96 ) 
4 108 111 (-2816 1664 96 ) (-2816 2346.745166 96 ) (-2685.040514 2477.704652 96 ) (-2215.247914 1664 96 ) 
4 109 112 (-2672.804041 2489.941125 96 ) (-2650.745166 2512 96 ) (-2650.745166 2512 16 ) (-2672.804041 2489.941125 16 ) 
4 109 111 (-2685.040514 2477.704652 96 ) (-2685.040514 2477.704652 16 ) (-2513.569219 2180.707658 16 ) (-2513.569219 2180.707658 96 ) 
4 110 122 (-2184 1664 16 ) (-2184 1664 96 ) (-2215.247914 1664 96 ) (-2215.247914 1664 16 ) 
4 110 111 (-2369.569219 1931.292342 16 ) (-2215.247914 1664 16 ) (-2215.247914 1664 96 ) (-2369.569219 1931.292342 96 ) 
4 111 122 (-2215.247914 1664 96 ) (-2816 1664 96 ) (-2816 1664 16 ) (-2215.247914 1664 16 ) 
4 111 114 (-2816 2346.745166 16 ) (-2816 2346.745166 96 ) (-2785.941125 2376.804041 96 ) (-2785.941125 2376.804041 16 ) 
4 111 113 (-2763.313708 2399.431458 96 ) (-2689.774603 2472.970563 96 ) (-2689.774603 2472.970563 40 ) (-2763.313708 2399.431458 40 ) 
4 116 123 (-1332 832 640 ) (-1332 832 816 ) (-2144 832 816 ) (-2144 832 640 ) 
4 116 120 (-2144 1664 816 ) (-2144 1664 640 ) (-2144 832 640 ) (-2144 832 816 ) 
4 116 117 (-1332 832 640 ) (-2144 832 640 ) (-2144 1600 640 ) (-1332 1600 640 ) 
4 117 123 (-1332 832 448 ) (-1332 832 640 ) (-2144 832 640 ) (-2144 832 448 ) 
4 117 120 (-2144 832 448 ) (-2144 832 640 ) (-2144 1600 640 ) (-2144 1600 448 ) 
4 118 121 (-2144 1664 416 ) (-2144 1664 16 ) (-2144 1536.730435 16 ) (-2144 1536.730435 416 ) 
4 118 119 (-2144 1536.730435 416 ) (-2144 1536.730435 16 ) (-1700 1401.600000 16 ) (-1700 1401.600000 416 ) 
4 119 130 (-1388 832 416 ) (-2144 832 416 ) (-2144 832 16 ) (-1388 832 16 ) 
4 119 121 (-2144 1536.730435 16 ) (-2144 832 16 ) (-2144 832 416 ) (-2144 1536.730435 416 ) 
4 120 134 (-2152 832 816 ) (-2816 832 816 ) (-2816 832 448 ) (-2152 832 448 ) 
4 120 123 (-2144 832 448 ) (-2144 832 816 ) (-2152 832 816 ) (-2152 832 448 ) 
4 121 130 (-2144 832 16 ) (-2144 832 416 ) (-2152 832 416 ) (-2152 832 16 ) 
4 122 136 (-2184 832 16 ) (-2184 832 416 ) (-2632 832 416 ) (-2632 832 16 ) 
4 122 138 (-2632 832 416 ) (-2816 832 416 ) (-2816 832 16 ) (-2632 832 16 ) 
4 123 147 (-2152 513.137085 448 ) (-2152 286.862915 448 ) (-2152 286.862915 472 ) (-2152 513.137085 472 ) 
4 123 145 (-2152 479.195959 744 ) (-2152 513.137085 744 ) (-2152 513.137085 472 ) (-2152 479.195959 472 ) 
4 123 143 (-2152 286.862915 472 ) (-2152 286.862915 744 ) (-2152 332.117749 744 ) (-2152 332.117749 472 ) 
4 123 144 (-2152 332.117749 744 ) (-2152 479.195959 744 ) (-2152 479.195959 472 ) (-2152 332.117749 472 ) 
4 123 141 (-2152 286.862915 744 ) (-2152 286.862915 768 ) (-2152 513.137085 768 ) (-2152 513.137085 744 ) 
4 123 149 (-2152 660 448 ) (-2152 513.137085 448 ) (-2152 513.137085 768 ) (-2152 660 768 ) 
4 123 140 (-2152 286.862915 448 ) (-2152 256 448 ) (-2152 256 768 ) (-2152 286.862915 768 ) 
4 123 139 (-2152 256 768 ) (-2152 256 816 ) (-2152 660 816 ) (-2152 660 768 ) 
4 123 134 (-2152 832 816 ) (-2152 832 448 ) (-2152 660 448 ) (-2152 660 816 ) 
4 123 131 (-1332 256 448 ) (-1332 256 816 ) (-2152 256 816 ) (-2152 256 448 ) 
4 123 124 (-1376 256 448 ) (-1792 256 448 ) (-1792 544 448 ) (-1376 544 448 ) 
4 124 130 (-1388 256 416 ) (-1792 256 416 ) (-1792 544 416 ) (-1388 544 416 ) 
4 124 129 (-1376 544 416 ) (-1376 256 416 ) (-1388 256 416 ) (-1388 544 416 ) 
4 125 130 (-1388 624 16 ) (-1388 624 416 ) (-1388 768 416 ) (-1388 768 16 ) 
3 125 126 (-1372 624 128 ) (-1388 624 76.800000 ) (-1388 624 16 ) 
4 125 128 (-1332 624 256 ) (-1332 624 416 ) (-1388 624 416 ) (-1388 624 76.800000 ) 
4 126 130 (-1388 624 76.800000 ) (-1388 624 16 ) (-1388 560 16 ) (-1388 564.503704 76.800000 ) 
3 126 129 (-1372 560 128 ) (-1388 564.503704 76.800000 ) (-1388 560 16 ) 
4 126 128 (-1372 624 128 ) (-1388 624 76.800000 ) (-1388 564.503704 76.800000 ) (-1372 560 128 ) 
3 127 129 (-1332 535.652174 79.304348 ) (-1332 548.740741 256 ) (-1372 560 128 ) 
3 127 128 (-1372 560 128 ) (-1332 548.740741 256 ) (-1332 560 256 ) 
4 128 130 (-1388 589.629630 416 ) (-1388 624 416 ) (-1388 624 76.800000 ) (-1388 564.503704 76.800000 ) 
4 128 129 (-1332 548.740741 256 ) (-1332 560.592593 416 ) (-1388 589.629630 416 ) (-1388 564.503704 76.800000 ) 
4 129 132 (-1332 256 16 ) (-1332 256 416 ) (-1388 256 416 ) (-1388 256 16 ) 
4 129 130 (-1388 256 16 ) (-1388 256 416 ) (-1388 589.629630 416 ) (-1388 560 16 ) 
4 130 135 (-2152 736 16 ) (-2152 660 16 ) (-2152 660 416 ) (-2152 736 416 ) 
4 130 132 (-1388 256 16 ) (-1388 256 416 ) (-2152 256 416 ) (-2152 256 16 ) 
4 131 140 (-2152 256 768 ) (-2152 256 448 ) (-2152 -272 448 ) (-2152 -272 768 ) 
4 131 139 (-2152 256 816 ) (-2152 256 768 ) (-2152 -272 768 ) (-2152 -272 816 ) 
4 132 133 (-1700 -9.600000 416 ) (-2152 -147.165217 416 ) (-2152 -147.165217 16 ) (-1700 -9.600000 16 ) 
4 134 149 (-2152 660 448 ) (-2152 660 768 ) (-2816 660 768 ) (-2816 660 448 ) 
4 134 139 (-2152 660 768 ) (-2152 660 816 ) (-2816 660 816 ) (-2816 660 768 ) 
4 135 137 (-2184 736 16 ) (-2184 660 16 ) (-2184 660 416 ) (-2184 736 416 ) 
4 136 138 (-2632 768 416 ) (-2632 832 416 ) (-2632 832 16 ) (-2632 768 16 ) 
4 137 138 (-2632 660 16 ) (-2632 660 416 ) (-2632 736 416 ) (-2632 736 16 ) 
3 139 142 (-2713.941125 -272 768 ) (-2816 -272 768 ) (-2816 -169.941125 768 ) 
4 139 141 (-2785.941125 -120.804041 768 ) (-2152 513.137085 768 ) (-2152 286.862915 768 ) (-2672.804041 -233.941125 768 ) 
4 139 149 (-2816 -150.862915 768 ) (-2816 660 768 ) (-2152 660 768 ) (-2152 513.137085 768 ) 
3 139 140 (-2152 -272 768 ) (-2710.862915 -272 768 ) (-2152 286.862915 768 ) 
4 140 147 (-2152 286.862915 472 ) (-2152 286.862915 448 ) (-2672.804041 -233.941125 448 ) (-2672.804041 -233.941125 472 ) 
4 140 143 (-2152 286.862915 744 ) (-2152 286.862915 472 ) (-2672.804041 -233.941125 472 ) (-2672.804041 -233.941125 744 ) 
4 140 141 (-2152 286.862915 768 ) (-2152 286.862915 744 ) (-2672.804041 -233.941125 744 ) (-2672.804041 -233.941125 768 ) 
4 141 145 (-2785.941125 -120.804041 744 ) (-2152 513.137085 744 ) (-2152 479.195959 744 ) (-2768.970563 -137.774603 744 ) 
4 141 143 (-2152 332.117749 744 ) (-2152 286.862915 744 ) (-2672.804041 -233.941125 744 ) (-2695.431458 -211.313708 744 ) 
4 141 144 (-2152 479.195959 744 ) (-2152 332.117749 744 ) (-2695.431458 -211.313708 744 ) (-2768.970563 -137.774603 744 ) 
4 141 149 (-2785.941125 -120.804041 768 ) (-2152 513.137085 768 ) (-2152 513.137085 744 ) (-2785.941125 -120.804041 744 ) 
3 142 146 (-2816 -272 744 ) (-2816 -169.941125 744 ) (-2713.941125 -272 744 ) 
4 143 147 (-2152 332.117749 472 ) (-2152 286.862915 472 ) (-2672.804041 -233.941125 472 ) (-2695.431458 -211.313708 472 ) 
4 143 144 (-2152 332.117749 472 ) (-2695.431458 -211.313708 472 ) (-2695.431458 -211.313708 744 ) (-2152 332.117749 744 ) 
4 144 147 (-2152 479.195959 472 ) (-2152 332.117749 472 ) (-2695.431458 -211.313708 472 ) (-2768.970563 -137.774603 472 ) 
4 144 145 (-2152 479.195959 744 ) (-2152 479.195959 472 ) (-2768.970563 -137.774603 472 ) (-2768.970563 -137.774603 744 ) 
4 145 147 (-2152 513.137085 472 ) (-2152 479.195959 472 ) (-2768.970563 -137.774603 472 ) (-2785.941125 -120.804041 472 ) 
4 145 149 (-2785.941125 -120.804041 744 ) (-2152 513.137085 744 ) (-2152 513.137085 472 ) (-2785.941125 -120.804041 472 ) 
3 146 148 (-2713.941125 -272 472 ) (-2816 -272 472 ) (-2816 -169.941125 472 ) 
4 147 149 (-2152 513.137085 448 ) (-2785.941125 -120.804041 448 ) (-2785.941125 -120.804041 472 ) (-2152 513.137085 472 ) 
